2024-01-15 20:04:34,717 [INFO] Activator:176 - 


2024-01-15 20:04:34,726 [INFO] Activator:177 - !SESSION log4j initialized
2024-01-15 20:04:41,243 [INFO] LogOutputStream:77 - [STDOUT_REDIRECT] 
2024-01-15 20:04:46,422 [INFO] ApplicationProperties:184 - Using Application install path: C:\ST\STM32CubeIDE_1.14.0\STM32CubeIDE\plugins\com.st.stm32cube.common.mx_6.10.0.202311202037
2024-01-15 20:04:46,460 [INFO] DbMcusXml:78 - Set database path to: C:\ST\STM32CubeIDE_1.14.0\STM32CubeIDE\plugins\com.st.stm32cube.common.mx_6.10.0.202311202037\\db\/mcu/
2024-01-15 20:04:46,461 [INFO] ApiDb:274 - Set plugin database path to: C:\ST\STM32CubeIDE_1.14.0\STM32CubeIDE\plugins\com.st.stm32cube.common.mx_6.10.0.202311202037\\db\/plugins/boardmanager/
2024-01-15 20:04:46,462 [WARN] ApiDb:259 - Overriding images path with different value:  => C:\ST\STM32CubeIDE_1.14.0\STM32CubeIDE\plugins\com.st.stm32cube.common.mx_6.10.0.202311202037\\db\/plugins/mcufinder/images/
2024-01-15 20:04:46,478 [INFO] ApiDb:250 - Set database path to: C:\Users\monur\.stmcufinder\plugins\mcufinder//mcu/
2024-01-15 20:04:46,480 [INFO] DbMcusAds:125 - Set database path to: C:\Users\monur\.stmcufinder\plugins\mcufinder//mcu/
2024-01-15 20:04:46,483 [INFO] CrossReferenceDbSqlite:203 - Set database path to: C:\Users\monur\.stmcufinder\plugins\mcufinder//mcu/cs/
2024-01-15 20:04:46,676 [INFO] RulesReader:64 - Compatibility file has been processed (297 Rules)
2024-01-15 20:04:46,854 [INFO] DbMcusXml:78 - Set database path to: C:\ST\STM32CubeIDE_1.14.0\STM32CubeIDE\plugins\com.st.stm32cube.common.mx_6.10.0.202311202037\\db\/mcu/
2024-01-15 20:04:46,855 [INFO] ApiDb:274 - Set plugin database path to: C:\ST\STM32CubeIDE_1.14.0\STM32CubeIDE\plugins\com.st.stm32cube.common.mx_6.10.0.202311202037\\db\/plugins/boardmanager/
2024-01-15 20:04:46,855 [INFO] ApiDb:261 - Set plugin images path to: C:\ST\STM32CubeIDE_1.14.0\STM32CubeIDE\plugins\com.st.stm32cube.common.mx_6.10.0.202311202037\\db\/plugins/mcufinder/images/
2024-01-15 20:04:46,855 [WARN] DbFile:41 - Overriding database path with different value: C:\Users\monur\.stmcufinder\plugins\mcufinder/ => C:\Users\monur\.stmcufinder\plugins\mcufinder
2024-01-15 20:04:46,856 [INFO] ApiDb:250 - Set database path to: C:\Users\monur\.stmcufinder\plugins\mcufinder//mcu/
2024-01-15 20:04:46,856 [WARN] DbFile:41 - Overriding database path with different value: C:\Users\monur\.stmcufinder\plugins\mcufinder/ => C:\Users\monur\.stmcufinder\plugins\mcufinder
2024-01-15 20:04:46,856 [INFO] DbMcusAds:125 - Set database path to: C:\Users\monur\.stmcufinder\plugins\mcufinder//mcu/
2024-01-15 20:04:46,856 [WARN] DbFile:41 - Overriding database path with different value: C:\Users\monur\.stmcufinder\plugins\mcufinder/ => C:\Users\monur\.stmcufinder\plugins\mcufinder
2024-01-15 20:04:46,857 [WARN] DbFile:41 - Overriding database path with different value: C:\Users\monur\.stmcufinder\plugins\mcufinder/ => C:\Users\monur\.stmcufinder\plugins\mcufinder
2024-01-15 20:04:46,857 [INFO] CrossReferenceDbSqlite:203 - Set database path to: C:\Users\monur\.stmcufinder\plugins\mcufinder//mcu/cs/
2024-01-15 20:04:47,005 [INFO] MainPanel:264 - HeapMemory: 268435456
2024-01-15 20:04:47,318 [INFO] DbMcusXml:78 - Set database path to: C:\ST\STM32CubeIDE_1.14.0\STM32CubeIDE\plugins\com.st.stm32cube.common.mx_6.10.0.202311202037\\db\/mcu/
2024-01-15 20:04:47,318 [INFO] ApiDb:274 - Set plugin database path to: C:\ST\STM32CubeIDE_1.14.0\STM32CubeIDE\plugins\com.st.stm32cube.common.mx_6.10.0.202311202037\\db\/plugins/boardmanager/
2024-01-15 20:04:47,319 [INFO] ApiDb:261 - Set plugin images path to: C:\ST\STM32CubeIDE_1.14.0\STM32CubeIDE\plugins\com.st.stm32cube.common.mx_6.10.0.202311202037\\db\/plugins/mcufinder/images/
2024-01-15 20:04:47,319 [WARN] DbFile:41 - Overriding database path with different value: C:\Users\monur\.stmcufinder\plugins\mcufinder/ => C:\Users\monur\.stmcufinder\plugins\mcufinder
2024-01-15 20:04:47,319 [INFO] ApiDb:250 - Set database path to: C:\Users\monur\.stmcufinder\plugins\mcufinder//mcu/
2024-01-15 20:04:47,319 [WARN] DbFile:41 - Overriding database path with different value: C:\Users\monur\.stmcufinder\plugins\mcufinder/ => C:\Users\monur\.stmcufinder\plugins\mcufinder
2024-01-15 20:04:47,320 [INFO] DbMcusAds:125 - Set database path to: C:\Users\monur\.stmcufinder\plugins\mcufinder//mcu/
2024-01-15 20:04:47,320 [WARN] DbFile:41 - Overriding database path with different value: C:\Users\monur\.stmcufinder\plugins\mcufinder/ => C:\Users\monur\.stmcufinder\plugins\mcufinder
2024-01-15 20:04:47,320 [WARN] DbFile:41 - Overriding database path with different value: C:\Users\monur\.stmcufinder\plugins\mcufinder/ => C:\Users\monur\.stmcufinder\plugins\mcufinder
2024-01-15 20:04:47,320 [INFO] CrossReferenceDbSqlite:203 - Set database path to: C:\Users\monur\.stmcufinder\plugins\mcufinder//mcu/cs/
2024-01-15 20:04:47,353 [INFO] ApplicationProperties:184 - Using Application install path: C:\ST\STM32CubeIDE_1.14.0\STM32CubeIDE\plugins\com.st.stm32cube.common.mx_6.10.0.202311202037
2024-01-15 20:04:47,360 [INFO] PluginManage:196 - Search for loadable plugins [exclusion list=, ]
2024-01-15 20:04:47,362 [INFO] PluginManage:310 - Check plugin analytics
2024-01-15 20:04:47,713 [INFO] AnalyticsPlugin:253 - Accepted Software Licenses: 
2024-01-15 20:04:47,713 [INFO] AnalyticsPlugin:255 - Accepted CMSIS Pack Licenses: 
2024-01-15 20:04:47,714 [INFO] AnalyticsPlugin:257 - Accepted Firmware Licenses: 
2024-01-15 20:04:47,720 [INFO] PluginManage:359 - Loaded plugin analytics (category:tool,tabindex:-1)
2024-01-15 20:04:47,722 [INFO] PluginManage:310 - Check plugin cadmodel
2024-01-15 20:04:47,750 [INFO] CADModel:105 - Init CAD model plugin
2024-01-15 20:04:47,751 [INFO] PluginManage:359 - Loaded plugin cadmodel (category:power,tabindex:5)
2024-01-15 20:04:47,751 [INFO] PluginManage:310 - Check plugin clock
2024-01-15 20:04:47,786 [INFO] PluginManage:359 - Loaded plugin clock (category:base,tabindex:2)
2024-01-15 20:04:47,786 [INFO] PluginManage:310 - Check plugin ddr
2024-01-15 20:04:47,791 [INFO] PluginManage:359 - Loaded plugin ddr (category:tool,tabindex:6)
2024-01-15 20:04:47,792 [INFO] PluginManage:310 - Check plugin filemanager
2024-01-15 20:04:47,992 [INFO] PluginManage:359 - Loaded plugin filemanager (category:base,tabindex:10)
2024-01-15 20:04:47,992 [INFO] PluginManage:310 - Check plugin ipmanager
2024-01-15 20:04:48,003 [INFO] PluginManage:359 - Loaded plugin ipmanager (category:base,tabindex:5)
2024-01-15 20:04:48,003 [INFO] PluginManage:310 - Check plugin lpbam
2024-01-15 20:04:48,029 [INFO] PluginManage:359 - Loaded plugin lpbam (category:base,tabindex:0)
2024-01-15 20:04:48,029 [INFO] PluginManage:310 - Check plugin memorymap
2024-01-15 20:04:48,064 [INFO] PluginManage:359 - Loaded plugin memorymap (category:base,tabindex:4)
2024-01-15 20:04:48,065 [INFO] PluginManage:310 - Check plugin pinoutandconfiguration
2024-01-15 20:04:48,096 [INFO] PluginManage:359 - Loaded plugin pinoutandconfiguration (category:base,tabindex:1)
2024-01-15 20:04:48,096 [INFO] PluginManage:310 - Check plugin pinoutconfig
2024-01-15 20:04:48,469 [WARN] SupportedApi:132 - Cannot load RTOS API schema: s4s-elt-must-match.1: The content of 'definitions' must match (annotation?, (simpleType | complexType)?, (unique | key | keyref)*)). A problem was found starting at: attribute.
2024-01-15 20:04:48,764 [INFO] PluginManage:359 - Loaded plugin pinoutconfig (category:base,tabindex:0)
2024-01-15 20:04:48,765 [INFO] PluginManage:310 - Check plugin power
2024-01-15 20:04:48,804 [INFO] PluginManage:359 - Loaded plugin power (category:power,tabindex:4)
2024-01-15 20:04:48,804 [INFO] PluginManage:310 - Check plugin projectmanager
2024-01-15 20:04:48,842 [INFO] PluginManage:359 - Loaded plugin projectmanager (category:projectmanager,tabindex:3)
2024-01-15 20:04:48,842 [INFO] PluginManage:310 - Check plugin thirdparty
2024-01-15 20:04:49,529 [INFO] PluginManage:359 - Loaded plugin thirdparty (category:base,tabindex:-1)
2024-01-15 20:04:49,529 [INFO] PluginManage:310 - Check plugin tools
2024-01-15 20:04:49,529 [WARN] IntegrityCheckThread:84 - waiting for thirdparty lock release [integrity check]
2024-01-15 20:04:49,530 [INFO] IntegrityCheckThread:86 - entering critical section [integrity check]
2024-01-15 20:04:49,530 [INFO] ThirdPartyUpdaterWithRetryManager:70 - Updater plugin not ready yet. [1/15]
2024-01-15 20:04:49,574 [INFO] PluginManage:359 - Loaded plugin tools (category:base,tabindex:7)
2024-01-15 20:04:49,583 [INFO] PluginManage:310 - Check plugin tutovideos
2024-01-15 20:04:49,883 [INFO] PluginManage:359 - Loaded plugin tutovideos (category:base,tabindex:-1)
2024-01-15 20:04:49,883 [INFO] PluginManage:310 - Check plugin updater
2024-01-15 20:04:49,900 [INFO] PluginManage:359 - Loaded plugin updater (category:base,tabindex:12)
2024-01-15 20:04:49,901 [INFO] PluginManage:310 - Check plugin userauth
2024-01-15 20:04:49,908 [INFO] UserAuth:114 - Init User Auth plugin
2024-01-15 20:04:49,908 [INFO] PluginManage:359 - Loaded plugin userauth (category:base,tabindex:14)
2024-01-15 20:04:49,909 [INFO] PluginManage:283 - PluginManage : Loaded plugins [17]
2024-01-15 20:04:50,366 [INFO] PinOutPanel:1499 - setPackage(No Configuration,No Configuration)
2024-01-15 20:04:50,535 [INFO] CADModel:165 - CPN selected for project level
2024-01-15 20:04:50,536 [INFO] CADModel:114 - Register for checkConnection events
2024-01-15 20:04:50,593 [INFO] IPUIPlugin:80 - create IPUIPlugin
2024-01-15 20:04:50,593 [INFO] PluginManager:220 - loadIPPluginJar : add adc
2024-01-15 20:04:50,662 [INFO] IPUIPlugin:80 - create IPUIPlugin
2024-01-15 20:04:50,663 [INFO] PluginManager:220 - loadIPPluginJar : add aes
2024-01-15 20:04:50,778 [INFO] IPUIPlugin:80 - create IPUIPlugin
2024-01-15 20:04:50,779 [INFO] PluginManager:220 - loadIPPluginJar : add can
2024-01-15 20:04:50,895 [INFO] IPUIPlugin:80 - create IPUIPlugin
2024-01-15 20:04:50,902 [INFO] PluginManager:220 - loadIPPluginJar : add comp
2024-01-15 20:04:50,990 [INFO] IPUIPlugin:80 - create IPUIPlugin
2024-01-15 20:04:50,991 [INFO] PluginManager:220 - loadIPPluginJar : add cryp
2024-01-15 20:04:51,064 [INFO] IPUIPlugin:80 - create IPUIPlugin
2024-01-15 20:04:51,065 [INFO] PluginManager:220 - loadIPPluginJar : add dfsdm
2024-01-15 20:04:51,100 [INFO] IPUIPlugin:80 - create IPUIPlugin
2024-01-15 20:04:51,100 [INFO] PluginManager:220 - loadIPPluginJar : add dma
2024-01-15 20:04:51,354 [INFO] IPUIPlugin:80 - create IPUIPlugin
2024-01-15 20:04:51,354 [INFO] PluginManager:220 - loadIPPluginJar : add dma3
2024-01-15 20:04:51,394 [INFO] IPUIPlugin:80 - create IPUIPlugin
2024-01-15 20:04:51,397 [INFO] PluginManager:220 - loadIPPluginJar : add fatfs
2024-01-15 20:04:51,475 [INFO] IPUIPlugin:80 - create IPUIPlugin
2024-01-15 20:04:51,475 [INFO] PluginManager:220 - loadIPPluginJar : add fmc
2024-01-15 20:04:51,494 [INFO] IPUIPlugin:80 - create IPUIPlugin
2024-01-15 20:04:51,495 [INFO] PluginManager:220 - loadIPPluginJar : add freertos
2024-01-15 20:04:51,526 [INFO] IPUIPlugin:80 - create IPUIPlugin
2024-01-15 20:04:51,526 [INFO] PluginManager:220 - loadIPPluginJar : add genericplugin
2024-01-15 20:04:51,697 [INFO] IPUIPlugin:80 - create IPUIPlugin
2024-01-15 20:04:51,697 [INFO] PluginManager:220 - loadIPPluginJar : add gfxmmu
2024-01-15 20:04:51,925 [INFO] IPUIPlugin:80 - create IPUIPlugin
2024-01-15 20:04:51,925 [INFO] PluginManager:220 - loadIPPluginJar : add gic
2024-01-15 20:04:51,952 [INFO] IPUIPlugin:80 - create IPUIPlugin
2024-01-15 20:04:51,952 [INFO] PluginManager:220 - loadIPPluginJar : add gpio
2024-01-15 20:04:52,136 [INFO] IPUIPlugin:80 - create IPUIPlugin
2024-01-15 20:04:52,137 [INFO] PluginManager:220 - loadIPPluginJar : add gtzc
2024-01-15 20:04:52,191 [INFO] IPUIPlugin:80 - create IPUIPlugin
2024-01-15 20:04:52,191 [INFO] PluginManager:220 - loadIPPluginJar : add hash
2024-01-15 20:04:52,284 [INFO] IPUIPlugin:80 - create IPUIPlugin
2024-01-15 20:04:52,284 [INFO] PluginManager:220 - loadIPPluginJar : add i2c
2024-01-15 20:04:52,343 [INFO] IPUIPlugin:80 - create IPUIPlugin
2024-01-15 20:04:52,343 [INFO] PluginManager:220 - loadIPPluginJar : add i2s
2024-01-15 20:04:52,405 [INFO] IPUIPlugin:80 - create IPUIPlugin
2024-01-15 20:04:52,405 [INFO] PluginManager:220 - loadIPPluginJar : add i3c
2024-01-15 20:04:52,531 [INFO] ThirdPartyUpdaterWithRetryManager:70 - Updater plugin not ready yet. [2/15]
2024-01-15 20:04:52,568 [INFO] IPUIPlugin:80 - create IPUIPlugin
2024-01-15 20:04:52,568 [INFO] PluginManager:220 - loadIPPluginJar : add ipddr
2024-01-15 20:04:52,707 [INFO] IPUIPlugin:80 - create IPUIPlugin
2024-01-15 20:04:52,707 [INFO] PluginManager:220 - loadIPPluginJar : add linkedlist
2024-01-15 20:04:52,835 [INFO] IPUIPlugin:80 - create IPUIPlugin
2024-01-15 20:04:52,836 [INFO] PluginManager:220 - loadIPPluginJar : add lorawan
2024-01-15 20:04:52,938 [INFO] IPUIPlugin:80 - create IPUIPlugin
2024-01-15 20:04:52,939 [INFO] PluginManager:220 - loadIPPluginJar : add ltdc
2024-01-15 20:04:52,959 [INFO] IPUIPlugin:80 - create IPUIPlugin
2024-01-15 20:04:52,959 [INFO] PluginManager:220 - loadIPPluginJar : add mdma
2024-01-15 20:04:52,976 [INFO] IPUIPlugin:80 - create IPUIPlugin
2024-01-15 20:04:52,976 [INFO] PluginManager:220 - loadIPPluginJar : add nvic
2024-01-15 20:04:53,044 [INFO] IPUIPlugin:80 - create IPUIPlugin
2024-01-15 20:04:53,044 [INFO] PluginManager:220 - loadIPPluginJar : add opamp
2024-01-15 20:04:53,147 [INFO] IPUIPlugin:80 - create IPUIPlugin
2024-01-15 20:04:53,148 [INFO] PluginManager:220 - loadIPPluginJar : add openamp
2024-01-15 20:04:53,220 [INFO] IPUIPlugin:80 - create IPUIPlugin
2024-01-15 20:04:53,220 [INFO] PluginManager:220 - loadIPPluginJar : add pdm2pcm
2024-01-15 20:04:53,265 [INFO] IPUIPlugin:80 - create IPUIPlugin
2024-01-15 20:04:53,268 [INFO] PluginManager:220 - loadIPPluginJar : add plateformsettings
2024-01-15 20:04:53,308 [INFO] IPUIPlugin:80 - create IPUIPlugin
2024-01-15 20:04:53,308 [INFO] PluginManager:220 - loadIPPluginJar : add quadspi
2024-01-15 20:04:53,332 [INFO] IPUIPlugin:80 - create IPUIPlugin
2024-01-15 20:04:53,332 [INFO] PluginManager:220 - loadIPPluginJar : add resmgrutility
2024-01-15 20:04:53,428 [INFO] IPUIPlugin:80 - create IPUIPlugin
2024-01-15 20:04:53,428 [INFO] PluginManager:220 - loadIPPluginJar : add sai
2024-01-15 20:04:53,478 [INFO] IPUIPlugin:80 - create IPUIPlugin
2024-01-15 20:04:53,479 [INFO] PluginManager:220 - loadIPPluginJar : add spi
2024-01-15 20:04:53,589 [INFO] IPUIPlugin:80 - create IPUIPlugin
2024-01-15 20:04:53,590 [INFO] PluginManager:220 - loadIPPluginJar : add stm32_wpan
2024-01-15 20:04:53,621 [INFO] IPUIPlugin:80 - create IPUIPlugin
2024-01-15 20:04:53,621 [INFO] PluginManager:220 - loadIPPluginJar : add tim
2024-01-15 20:04:53,709 [INFO] IPUIPlugin:80 - create IPUIPlugin
2024-01-15 20:04:53,709 [INFO] PluginManager:220 - loadIPPluginJar : add touchsensing
2024-01-15 20:04:53,737 [INFO] IPUIPlugin:80 - create IPUIPlugin
2024-01-15 20:04:53,737 [INFO] PluginManager:220 - loadIPPluginJar : add tracer_emb
2024-01-15 20:04:53,767 [INFO] IPUIPlugin:80 - create IPUIPlugin
2024-01-15 20:04:53,768 [INFO] PluginManager:220 - loadIPPluginJar : add ts
2024-01-15 20:04:53,806 [INFO] IPUIPlugin:80 - create IPUIPlugin
2024-01-15 20:04:53,806 [INFO] PluginManager:220 - loadIPPluginJar : add tsc
2024-01-15 20:04:53,847 [INFO] IPUIPlugin:80 - create IPUIPlugin
2024-01-15 20:04:53,847 [INFO] PluginManager:220 - loadIPPluginJar : add ucpd
2024-01-15 20:04:53,911 [INFO] IPUIPlugin:80 - create IPUIPlugin
2024-01-15 20:04:53,911 [INFO] PluginManager:220 - loadIPPluginJar : add usart
2024-01-15 20:04:53,991 [INFO] IPUIPlugin:80 - create IPUIPlugin
2024-01-15 20:04:53,991 [INFO] PluginManager:220 - loadIPPluginJar : add usbx
2024-01-15 20:04:54,201 [INFO] CADModel:165 - CPN selected for project level
2024-01-15 20:04:54,202 [INFO] CADModel:114 - Register for checkConnection events
2024-01-15 20:04:54,202 [FATAL] Updater:308 - Updater called before beeing initialized
2024-01-15 20:04:54,202 [ERROR] CADModel:125 - Updater not yet initialized, retry later 
2024-01-15 20:04:54,437 [INFO] CADModel:165 - CPN selected for project level
2024-01-15 20:04:54,437 [INFO] CADModel:114 - Register for checkConnection events
2024-01-15 20:04:54,437 [FATAL] Updater:308 - Updater called before beeing initialized
2024-01-15 20:04:54,437 [ERROR] CADModel:125 - Updater not yet initialized, retry later 
2024-01-15 20:04:54,443 [FATAL] Updater:308 - Updater called before beeing initialized
2024-01-15 20:04:54,625 [FATAL] Updater:308 - Updater called before beeing initialized
2024-01-15 20:04:54,638 [INFO] DbMcusAds:53 - JSON generation date=Wed Nov 29 13:52:27 TRT 2023 (1701255147349)
2024-01-15 20:04:54,641 [FATAL] Updater:308 - Updater called before beeing initialized
2024-01-15 20:04:54,756 [WARN] DetailPanel:346 - Failed to get advertising image, set to default
2024-01-15 20:04:54,916 [FATAL] Updater:308 - Updater called before beeing initialized
2024-01-15 20:04:54,919 [FATAL] Updater:308 - Updater called before beeing initialized
2024-01-15 20:04:54,919 [FATAL] Updater:308 - Updater called before beeing initialized
2024-01-15 20:04:54,919 [WARN] DetailPanel:346 - Failed to get advertising image, set to default
2024-01-15 20:04:54,920 [FATAL] Updater:308 - Updater called before beeing initialized
2024-01-15 20:04:55,040 [ERROR] Updater:1120 - MainUpdater not yet initialized. External WinMGr cannot be set.
2024-01-15 20:04:55,056 [INFO] Updater:1056 - Updater Version found : 6.10.0
2024-01-15 20:04:55,078 [INFO] ApplicationProperties:184 - Using Application install path: C:\ST\STM32CubeIDE_1.14.0\STM32CubeIDE\plugins\com.st.stm32cube.common.mx_6.10.0.202311202037
2024-01-15 20:04:55,531 [INFO] ThirdPartyUpdaterWithRetryManager:70 - Updater plugin not ready yet. [3/15]
2024-01-15 20:04:56,678 [ERROR] LogOutputStream:75 - [STDERR_REDIRECT] Jan 15, 2024 8:04:56 PM java.util.prefs.WindowsPreferences <init>
2024-01-15 20:04:56,685 [ERROR] LogOutputStream:75 - [STDERR_REDIRECT] WARNING: Could not open/create prefs root node Software\JavaSoft\Prefs at root 0xffffffff80000002. Windows RegCreateKeyEx(...) returned error code 5.
2024-01-15 20:04:56,685 [ERROR] LogOutputStream:75 - [STDERR_REDIRECT] 
2024-01-15 20:04:57,614 [INFO] MainUpdater:2873 - connection check result : 10
2024-01-15 20:04:57,615 [INFO] MainUpdater:290 - Updater Check For Update Now.
2024-01-15 20:04:57,616 [INFO] MicroXplorer:498 - Change Database Version : DB.6.0.100
2024-01-15 20:04:57,681 [INFO] McuFinderGlobals:63 - Set McuFinder mode to 2 (CubeIDE integrated)
2024-01-15 20:04:57,681 [INFO] UserAuth:180 - activating auth plugin
2024-01-15 20:04:57,848 [INFO] UserAuth:404 - Internet connection configuration mode: 1
2024-01-15 20:04:58,143 [INFO] JxBrowserEngine:152 - Initiate JxBrowser Engine with user profile folder
2024-01-15 20:04:58,422 [INFO] CheckServerUpdateThread:120 - End of CheckServer Thread
2024-01-15 20:04:59,280 [WARN] PackLoader:240 - Cannot read IP mode file for STMicroelectronics.X-CUBE-SMBUS.2.1.0
2024-01-15 20:04:59,333 [WARN] PackLoader:240 - Cannot read IP mode file for STMicroelectronics.X-CUBE-TOUCHGFX.4.23.0
2024-01-15 20:04:59,689 [WARN] PackLoader:240 - Cannot read IP mode file for STMicroelectronics.X-CUBE-AZRTOS-F7.1.1.0
2024-01-15 20:04:59,797 [WARN] PackLoader:240 - Cannot read IP mode file for STMicroelectronics.FP-SNS-MOTENV1.4.3.2
2024-01-15 20:04:59,874 [WARN] PackLoader:240 - Cannot read IP mode file for STMicroelectronics.FP-SNS-FLIGHT1.5.0.2
2024-01-15 20:04:59,914 [WARN] PackLoader:240 - Cannot read IP mode file for STMicroelectronics.X-CUBE-DISPLAY.3.0.0
2024-01-15 20:05:00,077 [WARN] PackLoader:240 - Cannot read IP mode file for STMicroelectronics.X-CUBE-BLE1.7.0.0
2024-01-15 20:05:00,233 [WARN] PackLoader:240 - Cannot read IP mode file for emotas.I-CUBE-CANOPEN.1.3.0
2024-01-15 20:05:00,371 [WARN] PackLoader:240 - Cannot read IP mode file for STMicroelectronics.FP-SNS-SMARTAG2.1.2.0
2024-01-15 20:05:00,508 [INFO] LogOutputStream:77 - [STDOUT_REDIRECT] 1 : Invalid condition id : UX_CORESTACK_Condition cause : null
2024-01-15 20:05:00,509 [INFO] LogOutputStream:77 - [STDOUT_REDIRECT] 1 : Invalid condition id : UX_CORESTACK_Condition cause : null
2024-01-15 20:05:00,514 [INFO] LogOutputStream:77 - [STDOUT_REDIRECT] 1 : Invalid condition id : UX_CORESTACK_Condition cause : null
2024-01-15 20:05:00,525 [INFO] LogOutputStream:77 - [STDOUT_REDIRECT] 1 : Invalid condition id : UX_CORESTACK_Condition cause : null
2024-01-15 20:05:00,529 [INFO] LogOutputStream:77 - [STDOUT_REDIRECT] 1 : Invalid condition id : UX_CORESTACK_Condition cause : null
2024-01-15 20:05:00,545 [WARN] PackLoader:240 - Cannot read IP mode file for STMicroelectronics.X-CUBE-AZRTOS-WL.2.0.0
2024-01-15 20:05:00,599 [WARN] PackLoader:240 - Cannot read IP mode file for WES.I-CUBE-Cesium.1.3.0
2024-01-15 20:05:00,634 [WARN] PackLoader:240 - Cannot read IP mode file for STMicroelectronics.X-CUBE-BLE2.3.3.0
2024-01-15 20:05:00,664 [WARN] PackLoader:240 - Cannot read IP mode file for STMicroelectronics.X-CUBE-ALGOBUILD.1.3.0
2024-01-15 20:05:00,765 [WARN] PackLoader:240 - Cannot read IP mode file for STMicroelectronics.X-CUBE-AZRTOS-G0.1.1.0
2024-01-15 20:05:00,810 [WARN] PackLoader:240 - Cannot read IP mode file for STMicroelectronics.X-CUBE-NFC4.3.0.0
2024-01-15 20:05:00,858 [WARN] PackLoader:240 - Cannot read IP mode file for STMicroelectronics.X-CUBE-BLEMGR.3.0.0
2024-01-15 20:05:00,901 [WARN] PackLoader:240 - Cannot read IP mode file for STMicroelectronics.FP-ATR-SIGFOX1.3.2.0
2024-01-15 20:05:01,035 [WARN] PackLoader:240 - Cannot read IP mode file for SEGGER.I-CUBE-embOS.1.3.1
2024-01-15 20:05:01,511 [WARN] PackLoader:240 - Cannot read IP mode file for STMicroelectronics.X-CUBE-GNSS1.6.0.0
2024-01-15 20:05:01,609 [WARN] PackLoader:240 - Cannot read IP mode file for STMicroelectronics.X-CUBE-AZRTOS-F4.1.1.0
2024-01-15 20:05:01,660 [WARN] PackLoader:240 - Cannot read IP mode file for wolfSSL.I-CUBE-wolfSSL.5.6.6
2024-01-15 20:05:01,743 [WARN] PackLoader:240 - Cannot read IP mode file for STMicroelectronics.X-CUBE-AZRTOS-L5.2.0.0
2024-01-15 20:05:01,781 [WARN] PackLoader:240 - Cannot read IP mode file for STMicroelectronics.X-CUBE-EEPRMA1.4.2.0
2024-01-15 20:05:01,819 [WARN] PackLoader:240 - Cannot read IP mode file for ITTIA_DB.I-CUBE-ITTIADB.8.8.0
2024-01-15 20:05:01,890 [WARN] PackLoader:240 - Cannot read IP mode file for STMicroelectronics.X-CUBE-NFC7.1.0.1
2024-01-15 20:05:02,070 [WARN] PackLoader:240 - Cannot read IP mode file for STMicroelectronics.X-CUBE-NFC6.3.0.0
2024-01-15 20:05:02,270 [WARN] PackLoader:240 - Cannot read IP mode file for STMicroelectronics.X-CUBE-AI.8.1.0
2024-01-15 20:05:02,612 [WARN] ConditionMgr:438 - getConditionDescription Invalid condition id : LAN8742 Phy interface Condition cause : null
2024-01-15 20:05:02,613 [WARN] PackLoader:240 - Cannot read IP mode file for STMicroelectronics.X-CUBE-AZRTOS-L4.2.0.0
2024-01-15 20:05:02,616 [WARN] ConditionMgr:1039 - genDependencies : Invalid condition id : LAN8742 Phy interface Condition cause : null
2024-01-15 20:05:02,616 [WARN] ConditionMgr:1039 - genDependencies : Invalid condition id : LAN8742 Phy interface Condition cause : null
2024-01-15 20:05:02,700 [WARN] ConditionMgr:1039 - genDependencies : Invalid condition id : LAN8742 Phy interface Condition cause : null
2024-01-15 20:05:02,849 [WARN] PackLoader:240 - Cannot read IP mode file for STMicroelectronics.X-CUBE-SFXS2LP1.4.0.0
2024-01-15 20:05:02,980 [WARN] ConditionMgr:438 - getConditionDescription Invalid condition id : UX DEVICE CLASS RTOS Condition cause : null
2024-01-15 20:05:02,980 [WARN] ConditionMgr:438 - getConditionDescription Invalid condition id : UX DEVICE CLASS RTOS Condition cause : null
2024-01-15 20:05:02,985 [WARN] PackLoader:240 - Cannot read IP mode file for STMicroelectronics.X-CUBE-AZRTOS-WB.2.0.0
2024-01-15 20:05:03,042 [WARN] ConditionMgr:1039 - genDependencies : Invalid condition id : UX DEVICE CLASS RTOS Condition cause : null
2024-01-15 20:05:03,042 [WARN] ConditionMgr:1039 - genDependencies : Invalid condition id : UX DEVICE CLASS RTOS Condition cause : null
2024-01-15 20:05:03,043 [WARN] ConditionMgr:1039 - genDependencies : Invalid condition id : UX DEVICE CLASS RTOS Condition cause : null
2024-01-15 20:05:03,044 [WARN] ConditionMgr:1039 - genDependencies : Invalid condition id : UX DEVICE CLASS RTOS Condition cause : null
2024-01-15 20:05:03,045 [WARN] ConditionMgr:1039 - genDependencies : Invalid condition id : UX DEVICE CLASS RTOS Condition cause : null
2024-01-15 20:05:03,092 [WARN] PackLoader:240 - Cannot read IP mode file for STMicroelectronics.X-CUBE-SUBG2.5.0.0
2024-01-15 20:05:03,200 [WARN] PackLoader:240 - Cannot read IP mode file for STMicroelectronics.X-CUBE-AZRTOS-G4.2.0.0
2024-01-15 20:05:03,303 [WARN] PackLoader:240 - Cannot read IP mode file for Infineon.AIROC-Wi-Fi-Bluetooth-STM32.1.5.1
2024-01-15 20:05:03,353 [WARN] PackLoader:240 - Cannot read IP mode file for STMicroelectronics.FP-SNS-MOTENVWB1.1.3.1
2024-01-15 20:05:03,397 [WARN] PackLoader:240 - Cannot read IP mode file for STMicroelectronics.X-CUBE-ISPU.2.0.0
2024-01-15 20:05:03,572 [WARN] PackLoader:240 - Cannot read IP mode file for STMicroelectronics.X-CUBE-MEMS1.10.0.0
2024-01-15 20:05:03,897 [WARN] PackLoader:240 - Cannot read IP mode file for STMicroelectronics.X-CUBE-FREERTOS.1.1.0
2024-01-15 20:05:03,935 [WARN] PackLoader:240 - Cannot read IP mode file for portGmbH.I-Cube-SoM-uGOAL.1.1.0
2024-01-15 20:05:03,978 [WARN] PackLoader:240 - Cannot read IP mode file for STMicroelectronics.X-CUBE-ALS.1.0.1
2024-01-15 20:05:04,004 [WARN] PackLoader:240 - Cannot read IP mode file for STMicroelectronics.FP-ATR-ASTRA1.2.0.0
2024-01-15 20:05:04,079 [WARN] PackLoader:240 - Cannot read IP mode file for STMicroelectronics.X-CUBE-TOF1.3.4.0
2024-01-15 20:05:04,220 [WARN] PackLoader:240 - Cannot read IP mode file for STMicroelectronics.X-CUBE-AZRTOS-H7.3.2.0
2024-01-15 20:05:04,229 [INFO] ThirdParty:978 - Integrity check success = true
2024-01-15 20:05:04,230 [INFO] IntegrityCheckThread:100 - exiting critical section [integrity check]
2024-01-15 20:05:04,230 [INFO] IntegrityCheckThread:103 - End integrity checks thread
2024-01-15 20:05:08,351 [INFO] WebApp:161 - Instantiating new browser for Auth
2024-01-15 20:05:09,331 [INFO] WebApp:780 - Register for checkConnection events
2024-01-15 20:05:09,331 [INFO] WebApp:414 - Apply proxy settings
2024-01-15 20:05:09,331 [INFO] WebApp:499 - Chromium requires no authentication
2024-01-15 20:05:09,348 [INFO] WebApp:442 - Direct internet connection detected
2024-01-15 20:05:09,600 [INFO] WebApp:192 - Starting web application
2024-01-15 20:05:09,600 [INFO] WebApp:544 - Web application path used C:\ST\STM32CubeIDE_1.14.0\STM32CubeIDE\plugins\com.st.stm32cube.common.mx_6.10.0.202311202037\db\plugins\mcufinder\reactClient1\index.html
2024-01-15 20:05:31,198 [ERROR] LogOutputStream:75 - [STDERR_REDIRECT] SLF4J: Failed to load class "org.slf4j.impl.StaticLoggerBinder".
2024-01-15 20:05:31,200 [ERROR] LogOutputStream:75 - [STDERR_REDIRECT] SLF4J: Defaulting to no-operation (NOP) logger implementation
2024-01-15 20:05:31,203 [ERROR] LogOutputStream:75 - [STDERR_REDIRECT] SLF4J: See http://www.slf4j.org/codes.html#StaticLoggerBinder for further details.
2024-01-15 21:00:32,054 [INFO] McuFinderGlobals:63 - Set McuFinder mode to 2 (CubeIDE integrated)
2024-01-15 21:00:32,093 [INFO] MainUpdater:2873 - connection check result : 10
2024-01-15 21:00:32,125 [INFO] McuFinderGlobals:76 - Set McuFinderConnectedMode to true
2024-01-15 21:00:32,769 [INFO] ServerAccessManage:473 - Download File mcusAds.json._tmp_
2024-01-15 21:00:32,885 [INFO] LoadUrlFilesThread:156 - End of LoadUrlFiles Thread
2024-01-15 21:00:33,537 [INFO] ServerAccessManage:473 - Download File cube-finder-db.zip
2024-01-15 21:00:39,583 [INFO] FileExtend:240 - Unzip File : cube-finder-db.zip
2024-01-15 21:00:39,584 [INFO] FileExtend:255 - Standard Zip Deflate
2024-01-15 21:00:41,493 [INFO] LoadUrlFilesThread:156 - End of LoadUrlFiles Thread
2024-01-15 21:00:41,838 [INFO] ServerAccessManage:473 - Download File crdb.zip
2024-01-15 21:00:42,261 [INFO] FileExtend:240 - Unzip File : crdb.zip
2024-01-15 21:00:42,261 [INFO] FileExtend:255 - Standard Zip Deflate
2024-01-15 21:00:42,524 [INFO] LoadUrlFilesThread:156 - End of LoadUrlFiles Thread
2024-01-15 21:00:42,729 [INFO] ServerAccessManage:473 - Download File tutoVideoDB.zip
2024-01-15 21:00:42,752 [INFO] FileExtend:240 - Unzip File : tutoVideoDB.zip
2024-01-15 21:00:42,753 [INFO] FileExtend:255 - Standard Zip Deflate
2024-01-15 21:00:42,880 [INFO] LoadUrlFilesThread:156 - End of LoadUrlFiles Thread
2024-01-15 21:00:42,881 [WARN] DbFile:41 - Overriding database path with different value: C:\Users\monur\.stmcufinder\plugins\mcufinder/ => C:\Users\monur\.stmcufinder\plugins\mcufinder
2024-01-15 21:00:43,131 [INFO] ServerAccessManage:473 - Download File api_config.json
2024-01-15 21:00:43,243 [INFO] LoadUrlFilesThread:156 - End of LoadUrlFiles Thread
2024-01-15 21:00:43,252 [INFO] DbMcusAds:53 - JSON generation date=Wed Nov 29 13:52:27 TRT 2023 (1701255147349)
2024-01-15 21:00:43,302 [INFO] LoadUrlFilesThread:185 - End of LoadServerUrlFiles without Thread
2024-01-15 21:00:43,306 [INFO] TargetSelectorAdapter:259 - Refresh data is successful
2024-01-15 21:00:44,021 [INFO] ApiDb:581 - Connected to CubeFinder SQLite database (C:\Users\monur\.stmcufinder\plugins\mcufinder\mcu\cube-finder-db.db)
2024-01-15 21:00:44,137 [INFO] ApiDb:668 - CubeFinder database Data Model version=2.1
2024-01-15 21:00:44,137 [INFO] ApiDb:669 - CubeFinder database Configuration version=3.0.39
2024-01-15 21:00:44,139 [INFO] ApiDb:670 - CubeFinder database generation date=2023-12-08 (1702028721)
2024-01-15 21:00:44,139 [INFO] ApiDb:671 - CubeFinder database FW Pack versions=[FP-ATR-ASTRA1_V2.0.0, FP-SNS-FLIGHT1_V5.0.1, FP-SNS-FLIGHT1_V5.0.2, FP-SNS-MOTENV1_V4.3.1, FP-SNS-MOTENV1_V4.3.2, FP-SNS-MOTENVWB1_V1.3.1, FP-SNS-SMARTAG2_V1.2.0, STM32Cube_FW_C0_V1.1.0, STM32Cube_FW_F4_V1.28.0, STM32Cube_FW_F7_V1.17.0, STM32Cube_FW_G0_V1.6.1, STM32Cube_FW_G4_V1.5.1, STM32Cube_FW_H5_V0.5.1, STM32Cube_FW_H5_V1.1.1, STM32Cube_FW_H5_V1.2.0RC2, STM32Cube_FW_H7_V1.11.0, STM32Cube_FW_L0_V1.12.2, STM32Cube_FW_L5_V1.5.0, STM32Cube_FW_U5_V1.3.0RC4, STM32Cube_FW_U5_V1.4.0, STM32Cube_FW_WBA_V1.0.0RC1, STM32Cube_FW_WBA_V1.1.0RC1, STM32Cube_FW_WBA_V1.2.0, STM32Cube_FW_WBA_V1.2.0RC2, STM32Cube_FW_WB_V1.15.0RC1, STM32Cube_FW_WB_V1.16.0, STM32Cube_FW_WB_V1.16.0RC2, STM32Cube_FW_WB_V1.18.0, STM32Cube_FW_WL_V1.3.0, X-CUBE-ALGOBUILD_V1.3.0, X-CUBE-ALS_V1.0.1, X-CUBE-AZRTOS-F4_V1.1.0, X-CUBE-AZRTOS-F7_V1.1.0, X-CUBE-AZRTOS-G0_V1.1.0, X-CUBE-AZRTOS-G4_V2.0.0, X-CUBE-AZRTOS-H7_V3.1.0, X-CUBE-AZRTOS-L4_V1.0.0, X-CUBE-AZRTOS-L4_V2.0.0, X-CUBE-AZRTOS-L5_V1.1.0, X-CUBE-AZRTOS-WB_V2.0.0, X-CUBE-AZRTOS-WL_V2.0.0, X-CUBE-BLE1_V7.0.0, X-CUBE-BLE2_V3.3.0, X-CUBE-BLEMGR_V3.0.0, X-CUBE-EEPRMA1_V4.1.0, X-CUBE-EEPRMA1_V4.2.0, X-CUBE-FREERTOS_V1.1.0, X-CUBE-GNSS1_V6.0.0, X-CUBE-MEMS1_V10.0.0, X-CUBE-MEMS1_V9.1.0, X-CUBE-MEMS1_V9.4.0, X-CUBE-MEMS1_V9.6.0, X-CUBE-NFC4_V3.0.0, X-CUBE-NFC7_V1.0.1, X-CUBE-SFXS2LP1_V4.0.0, X-CUBE-SUBG2_V5.0.0, X-CUBE-TOF1_V3.4.0]
2024-01-15 21:00:46,749 [INFO] ApiDb:240 - Found 371 in-development CPN: [B-G473E-ZEST1S, B-WB1M-WPAN1, B-WL5M-SUBG1, NUCLEO-C031C6, NUCLEO-H503RB, NUCLEO-H563ZI, NUCLEO-U545RE-Q, NUCLEO-U5A5ZJ-Q, NUCLEO-WBA52CG, NUCLEO-WBA55CG, STEVAL-MKBOXPRO, STEVAL-PROTEUS1, STEVAL-STWINBX1, STM320518-EVAL, STM32C0116-DK, STM32C011D6Y3TR, STM32C011D6Y6TR, STM32C011F4P3, STM32C011F4P6, STM32C011F4U3, STM32C011F4U6TR, STM32C011F6P3, STM32C011F6P6, STM32C011F6U3, STM32C011F6U6TR, STM32C011J4M3, STM32C011J4M6, STM32C011J6M3, STM32C011J6M6, STM32C0316-DK, STM32C031C4T3, STM32C031C4T6, STM32C031C4U3, STM32C031C4U6, STM32C031C6T3, STM32C031C6T6, STM32C031C6U3, STM32C031C6U6, STM32C031F4P3, STM32C031F4P6, STM32C031F6P3, STM32C031F6P6, STM32C031G4U3, STM32C031G4U6, STM32C031G6U3, STM32C031G6U6, STM32C031K4T3, STM32C031K4T6, STM32C031K4U3, STM32C031K4U6, STM32C031K6T3, STM32C031K6T6, STM32C031K6U3, STM32C031K6U6, STM32G071K8TXN, STM32G071K8UXN, STM32G081GBU6N, STM32G081KBT6N, STM32G081KBUXN, STM32G0B1CCT6N, STM32G0B1KCT6, STM32G0B1NEY6TR, STM32G0B1RCT6N, STM32G0C1CCT6, STM32G0C1CCT6N, STM32G0C1CCU6N, STM32G0C1CET6N, STM32G0C1CEU6N, STM32G0C1KCT6, STM32G0C1NEY6TR, STM32G0C1RCI6N, STM32G0C1RCT6N, STM32G0C1REI6N, STM32G0C1RET6N, STM32G0C1VCI6, STM32G0C1VEI6, STM32G471CCT6, STM32G471CCU6, STM32G471CET3, STM32G471CET6, STM32G471CEU3, STM32G471CEU6, STM32G471MCT6, STM32G471MET3, STM32G471MET6, STM32G471MEY6TR, STM32G471QCT6, STM32G471QET3, STM32G471RCT6, STM32G471RET3, STM32G471RET6, STM32G471VCH6, STM32G471VCI6, STM32G471VCT6, STM32G471VEH3, STM32G471VEH6, STM32G471VEI3, STM32G471VEI6, STM32G471VET3, STM32G471VET6, STM32G474CCT6, STM32H503CBT6, STM32H503CBU6, STM32H503EBY6TR, STM32H503KBU6, STM32H503RBT6, STM32H562AGI6, STM32H562AII6, STM32H562IGK6, STM32H562IGT6, STM32H562IIK6, STM32H562IIT6, STM32H562RGT6, STM32H562RGV6, STM32H562RIT6, STM32H562RIV6, STM32H562VGT6, STM32H562VIT6, STM32H562ZGT6, STM32H562ZIT6, STM32H563AGI6, STM32H563AII3Q, STM32H563AII6, STM32H563IGK6, STM32H563IGT6, STM32H563IIK3Q, STM32H563IIK6, STM32H563IIT3Q, STM32H563IIT6, STM32H563MIY3QTR, STM32H563RGT6, STM32H563RGV6, STM32H563RIT6, STM32H563RIV6, STM32H563VGT6, STM32H563VIT3Q, STM32H563VIT6, STM32H563ZGT6, STM32H563ZIT3Q, STM32H563ZIT6, STM32H573AII3Q, STM32H573AII6, STM32H573I-DK, STM32H573IIK3Q, STM32H573IIK6, STM32H573IIT3Q, STM32H573IIT6, STM32H573MIY3QTR, STM32H573RIT6, STM32H573RIV6, STM32H573VIT3Q, STM32H573VIT6, STM32H573ZIT3Q, STM32H573ZIT6, STM32L4R5QGI6STR, STM32MP131AAE3, STM32MP131AAF3, STM32MP131AAG3, STM32MP131CAE3, STM32MP131CAF3, STM32MP131CAG3, STM32MP131DAE7, STM32MP131DAF7, STM32MP131DAG7, STM32MP131FAE7, STM32MP131FAF7, STM32MP131FAG7, STM32MP133AAE3, STM32MP133AAF3, STM32MP133AAG3, STM32MP133CAE3, STM32MP133CAF3, STM32MP133CAG3, STM32MP133DAE7, STM32MP133DAF7, STM32MP133DAG7, STM32MP133FAE7, STM32MP133FAF7, STM32MP133FAG7, STM32MP135AAE3, STM32MP135AAF3, STM32MP135AAG3, STM32MP135CAE3, STM32MP135CAF3, STM32MP135CAG3, STM32MP135DAE7, STM32MP135DAF7, STM32MP135DAG7, STM32MP135F-DK, STM32MP135FAE7, STM32MP135FAF7, STM32MP135FAF7T, STM32MP135FAF7U, STM32MP135FAG7, STM32U535CBT6, STM32U535CBT6Q, STM32U535CBU6, STM32U535CBU6Q, STM32U535CCT6, STM32U535CCT6Q, STM32U535CCU6, STM32U535CCU6Q, STM32U535CET6, STM32U535CET6Q, STM32U535CEU6, STM32U535CEU6Q, STM32U535JEY6QTR, STM32U535NCY6QTR, STM32U535NEY6QTR, STM32U535RBI6, STM32U535RBI6Q, STM32U535RBT6, STM32U535RBT6Q, STM32U535RCI6, STM32U535RCI6Q, STM32U535RCT6, STM32U535RCT6Q, STM32U535REI6, STM32U535REI6Q, STM32U535RET6, STM32U535RET6Q, STM32U535VCI6, STM32U535VCI6Q, STM32U535VCT6, STM32U535VCT6Q, STM32U535VEI6, STM32U535VEI6Q, STM32U535VET6, STM32U535VET6Q, STM32U545CET6, STM32U545CET6Q, STM32U545CEU6, STM32U545CEU6Q, STM32U545JEY6QTR, STM32U545NEY6QTR, STM32U545REI6, STM32U545REI6Q, STM32U545RET6, STM32U545RET6Q, STM32U545VEI6, STM32U545VEI6Q, STM32U545VET6, STM32U545VET6Q, STM32U595AIH6, STM32U595AIH6Q, STM32U595AJH6, STM32U595AJH6Q, STM32U595QII6, STM32U595QII6Q, STM32U595QJI6, STM32U595QJI6Q, STM32U595RIT6, STM32U595RIT6Q, STM32U595RJT6, STM32U595RJT6Q, STM32U595VIT6, STM32U595VIT6Q, STM32U595VJT6, STM32U595VJT6Q, STM32U595ZIT6, STM32U595ZIT6Q, STM32U595ZIY6QTR, STM32U595ZJT6, STM32U595ZJT6Q, STM32U595ZJY6QTR, STM32U599BJY6QTR, STM32U599NIH6Q, STM32U599NJH6Q, STM32U599VIT6Q, STM32U599VJT6, STM32U599VJT6Q, STM32U599ZIT6Q, STM32U599ZIY6QTR, STM32U599ZJT6Q, STM32U599ZJY6QTR, STM32U5A5AJH6, STM32U5A5AJH6Q, STM32U5A5QJI6, STM32U5A5QJI6Q, STM32U5A5RJT6, STM32U5A5RJT6Q, STM32U5A5VJT6, STM32U5A5VJT6Q, STM32U5A5ZJT6, STM32U5A5ZJT6Q, STM32U5A5ZJY6QTR, STM32U5A9BJY6QTR, STM32U5A9J-DK, STM32U5A9NJH6Q, STM32U5A9VJT6Q, STM32U5A9ZJT6Q, STM32U5A9ZJY6QTR, STM32U5F7VIT6, STM32U5F7VIT6Q, STM32U5F7VJT6, STM32U5F7VJT6Q, STM32U5F9BJY6QTR, STM32U5F9NJH6Q, STM32U5F9VIT6Q, STM32U5F9VJT6Q, STM32U5F9ZIJ6QTR, STM32U5F9ZIT6Q, STM32U5F9ZJJ6QTR, STM32U5F9ZJT6Q, STM32U5G7VJT6, STM32U5G7VJT6Q, STM32U5G9BJY6QTR, STM32U5G9J-DK1, STM32U5G9J-DK2, STM32U5G9NJH6Q, STM32U5G9VJT6Q, STM32U5G9ZJJ6QTR, STM32U5G9ZJT6Q, STM32WB1MMCH6, STM32WBA50KEU6, STM32WBA50KEU6TR, STM32WBA50KGU6, STM32WBA50KGU6TR, STM32WBA52CEU6, STM32WBA52CEU6TR, STM32WBA52CEU7, STM32WBA52CEU7TR, STM32WBA52CGU6, STM32WBA52CGU6TR, STM32WBA52CGU6U, STM32WBA52CGU7, STM32WBA52CGU7TR, STM32WBA52KEU6, STM32WBA52KEU6TR, STM32WBA52KGU6, STM32WBA52KGU6TR, STM32WBA54CEU6, STM32WBA54CEU6TR, STM32WBA54CEU7, STM32WBA54CEU7TR, STM32WBA54CGU6, STM32WBA54CGU6TR, STM32WBA54CGU7, STM32WBA54CGU7TR, STM32WBA54KEU6, STM32WBA54KEU6TR, STM32WBA54KEU7, STM32WBA54KEU7TR, STM32WBA54KGU6, STM32WBA54KGU6TR, STM32WBA54KGU7, STM32WBA54KGU7TR, STM32WBA55CEU6, STM32WBA55CEU6TR, STM32WBA55CEU7, STM32WBA55CEU7TR, STM32WBA55CGU6, STM32WBA55CGU6TR, STM32WBA55CGU6U, STM32WBA55CGU7, STM32WBA55CGU7TR, STM32WBA55G-DK1, STM32WBA55HEF6, STM32WBA55HEF7, STM32WBA55HGF6, STM32WBA55HGF7, STM32WBA55UEI6, STM32WBA55UEI6TR, STM32WBA55UEI7, STM32WBA55UEI7TR, STM32WBA55UGI6, STM32WBA55UGI6TR, STM32WBA55UGI7, STM32WBA55UGI7TR, STM32WL5MOCH6, STM32WL5MOCH6TR]
2024-01-15 21:00:46,759 [INFO] DbMcus:218 - Found 3930 MCUs, 3930 are supported
2024-01-15 21:00:46,770 [INFO] ApiDb:423 - Load user favorites file C:\Users\monur/.stm32cubeide/favorites.mcus.txt: 1 item(s)
2024-01-15 21:00:46,770 [INFO] ApiDb:427 - User favorites MCUs=[STM32F407VGT6]
2024-01-15 21:00:46,770 [INFO] DbMcus:224 - Set 1 / 1 favorites MCUs
2024-01-15 21:00:47,104 [INFO] ApiDb:668 - CubeFinder database Data Model version=2.1
2024-01-15 21:00:47,104 [INFO] ApiDb:669 - CubeFinder database Configuration version=3.0.39
2024-01-15 21:00:47,104 [INFO] ApiDb:670 - CubeFinder database generation date=2023-12-08 (1702028721)
2024-01-15 21:00:47,104 [INFO] ApiDb:671 - CubeFinder database FW Pack versions=[FP-ATR-ASTRA1_V2.0.0, FP-SNS-FLIGHT1_V5.0.1, FP-SNS-FLIGHT1_V5.0.2, FP-SNS-MOTENV1_V4.3.1, FP-SNS-MOTENV1_V4.3.2, FP-SNS-MOTENVWB1_V1.3.1, FP-SNS-SMARTAG2_V1.2.0, STM32Cube_FW_C0_V1.1.0, STM32Cube_FW_F4_V1.28.0, STM32Cube_FW_F7_V1.17.0, STM32Cube_FW_G0_V1.6.1, STM32Cube_FW_G4_V1.5.1, STM32Cube_FW_H5_V0.5.1, STM32Cube_FW_H5_V1.1.1, STM32Cube_FW_H5_V1.2.0RC2, STM32Cube_FW_H7_V1.11.0, STM32Cube_FW_L0_V1.12.2, STM32Cube_FW_L5_V1.5.0, STM32Cube_FW_U5_V1.3.0RC4, STM32Cube_FW_U5_V1.4.0, STM32Cube_FW_WBA_V1.0.0RC1, STM32Cube_FW_WBA_V1.1.0RC1, STM32Cube_FW_WBA_V1.2.0, STM32Cube_FW_WBA_V1.2.0RC2, STM32Cube_FW_WB_V1.15.0RC1, STM32Cube_FW_WB_V1.16.0, STM32Cube_FW_WB_V1.16.0RC2, STM32Cube_FW_WB_V1.18.0, STM32Cube_FW_WL_V1.3.0, X-CUBE-ALGOBUILD_V1.3.0, X-CUBE-ALS_V1.0.1, X-CUBE-AZRTOS-F4_V1.1.0, X-CUBE-AZRTOS-F7_V1.1.0, X-CUBE-AZRTOS-G0_V1.1.0, X-CUBE-AZRTOS-G4_V2.0.0, X-CUBE-AZRTOS-H7_V3.1.0, X-CUBE-AZRTOS-L4_V1.0.0, X-CUBE-AZRTOS-L4_V2.0.0, X-CUBE-AZRTOS-L5_V1.1.0, X-CUBE-AZRTOS-WB_V2.0.0, X-CUBE-AZRTOS-WL_V2.0.0, X-CUBE-BLE1_V7.0.0, X-CUBE-BLE2_V3.3.0, X-CUBE-BLEMGR_V3.0.0, X-CUBE-EEPRMA1_V4.1.0, X-CUBE-EEPRMA1_V4.2.0, X-CUBE-FREERTOS_V1.1.0, X-CUBE-GNSS1_V6.0.0, X-CUBE-MEMS1_V10.0.0, X-CUBE-MEMS1_V9.1.0, X-CUBE-MEMS1_V9.4.0, X-CUBE-MEMS1_V9.6.0, X-CUBE-NFC4_V3.0.0, X-CUBE-NFC7_V1.0.1, X-CUBE-SFXS2LP1_V4.0.0, X-CUBE-SUBG2_V5.0.0, X-CUBE-TOF1_V3.4.0]
2024-01-15 21:00:47,172 [INFO] DbBoardsSqlite:226 - include board P-NUCLEO-WB55-NUCLEO as a kit item of type 'Nucleo-64'
2024-01-15 21:00:47,173 [INFO] DbBoardsSqlite:226 - include board P-NUCLEO-WB55-USBDONGLE as a kit item of type 'Nucleo USB Dongle'
2024-01-15 21:00:47,173 [INFO] DbBoardsSqlite:226 - include board STEVAL-IDP005V1 as a kit item of type 'Evaluation Board'
2024-01-15 21:00:47,173 [INFO] DbBoardsSqlite:226 - include board STEVAL-IDP005V2 as a kit item of type 'Evaluation Board'
2024-01-15 21:00:47,234 [INFO] ApiDb:240 - Found 371 in-development CPN: [B-G473E-ZEST1S, B-WB1M-WPAN1, B-WL5M-SUBG1, NUCLEO-C031C6, NUCLEO-H503RB, NUCLEO-H563ZI, NUCLEO-U545RE-Q, NUCLEO-U5A5ZJ-Q, NUCLEO-WBA52CG, NUCLEO-WBA55CG, STEVAL-MKBOXPRO, STEVAL-PROTEUS1, STEVAL-STWINBX1, STM320518-EVAL, STM32C0116-DK, STM32C011D6Y3TR, STM32C011D6Y6TR, STM32C011F4P3, STM32C011F4P6, STM32C011F4U3, STM32C011F4U6TR, STM32C011F6P3, STM32C011F6P6, STM32C011F6U3, STM32C011F6U6TR, STM32C011J4M3, STM32C011J4M6, STM32C011J6M3, STM32C011J6M6, STM32C0316-DK, STM32C031C4T3, STM32C031C4T6, STM32C031C4U3, STM32C031C4U6, STM32C031C6T3, STM32C031C6T6, STM32C031C6U3, STM32C031C6U6, STM32C031F4P3, STM32C031F4P6, STM32C031F6P3, STM32C031F6P6, STM32C031G4U3, STM32C031G4U6, STM32C031G6U3, STM32C031G6U6, STM32C031K4T3, STM32C031K4T6, STM32C031K4U3, STM32C031K4U6, STM32C031K6T3, STM32C031K6T6, STM32C031K6U3, STM32C031K6U6, STM32G071K8TXN, STM32G071K8UXN, STM32G081GBU6N, STM32G081KBT6N, STM32G081KBUXN, STM32G0B1CCT6N, STM32G0B1KCT6, STM32G0B1NEY6TR, STM32G0B1RCT6N, STM32G0C1CCT6, STM32G0C1CCT6N, STM32G0C1CCU6N, STM32G0C1CET6N, STM32G0C1CEU6N, STM32G0C1KCT6, STM32G0C1NEY6TR, STM32G0C1RCI6N, STM32G0C1RCT6N, STM32G0C1REI6N, STM32G0C1RET6N, STM32G0C1VCI6, STM32G0C1VEI6, STM32G471CCT6, STM32G471CCU6, STM32G471CET3, STM32G471CET6, STM32G471CEU3, STM32G471CEU6, STM32G471MCT6, STM32G471MET3, STM32G471MET6, STM32G471MEY6TR, STM32G471QCT6, STM32G471QET3, STM32G471RCT6, STM32G471RET3, STM32G471RET6, STM32G471VCH6, STM32G471VCI6, STM32G471VCT6, STM32G471VEH3, STM32G471VEH6, STM32G471VEI3, STM32G471VEI6, STM32G471VET3, STM32G471VET6, STM32G474CCT6, STM32H503CBT6, STM32H503CBU6, STM32H503EBY6TR, STM32H503KBU6, STM32H503RBT6, STM32H562AGI6, STM32H562AII6, STM32H562IGK6, STM32H562IGT6, STM32H562IIK6, STM32H562IIT6, STM32H562RGT6, STM32H562RGV6, STM32H562RIT6, STM32H562RIV6, STM32H562VGT6, STM32H562VIT6, STM32H562ZGT6, STM32H562ZIT6, STM32H563AGI6, STM32H563AII3Q, STM32H563AII6, STM32H563IGK6, STM32H563IGT6, STM32H563IIK3Q, STM32H563IIK6, STM32H563IIT3Q, STM32H563IIT6, STM32H563MIY3QTR, STM32H563RGT6, STM32H563RGV6, STM32H563RIT6, STM32H563RIV6, STM32H563VGT6, STM32H563VIT3Q, STM32H563VIT6, STM32H563ZGT6, STM32H563ZIT3Q, STM32H563ZIT6, STM32H573AII3Q, STM32H573AII6, STM32H573I-DK, STM32H573IIK3Q, STM32H573IIK6, STM32H573IIT3Q, STM32H573IIT6, STM32H573MIY3QTR, STM32H573RIT6, STM32H573RIV6, STM32H573VIT3Q, STM32H573VIT6, STM32H573ZIT3Q, STM32H573ZIT6, STM32L4R5QGI6STR, STM32MP131AAE3, STM32MP131AAF3, STM32MP131AAG3, STM32MP131CAE3, STM32MP131CAF3, STM32MP131CAG3, STM32MP131DAE7, STM32MP131DAF7, STM32MP131DAG7, STM32MP131FAE7, STM32MP131FAF7, STM32MP131FAG7, STM32MP133AAE3, STM32MP133AAF3, STM32MP133AAG3, STM32MP133CAE3, STM32MP133CAF3, STM32MP133CAG3, STM32MP133DAE7, STM32MP133DAF7, STM32MP133DAG7, STM32MP133FAE7, STM32MP133FAF7, STM32MP133FAG7, STM32MP135AAE3, STM32MP135AAF3, STM32MP135AAG3, STM32MP135CAE3, STM32MP135CAF3, STM32MP135CAG3, STM32MP135DAE7, STM32MP135DAF7, STM32MP135DAG7, STM32MP135F-DK, STM32MP135FAE7, STM32MP135FAF7, STM32MP135FAF7T, STM32MP135FAF7U, STM32MP135FAG7, STM32U535CBT6, STM32U535CBT6Q, STM32U535CBU6, STM32U535CBU6Q, STM32U535CCT6, STM32U535CCT6Q, STM32U535CCU6, STM32U535CCU6Q, STM32U535CET6, STM32U535CET6Q, STM32U535CEU6, STM32U535CEU6Q, STM32U535JEY6QTR, STM32U535NCY6QTR, STM32U535NEY6QTR, STM32U535RBI6, STM32U535RBI6Q, STM32U535RBT6, STM32U535RBT6Q, STM32U535RCI6, STM32U535RCI6Q, STM32U535RCT6, STM32U535RCT6Q, STM32U535REI6, STM32U535REI6Q, STM32U535RET6, STM32U535RET6Q, STM32U535VCI6, STM32U535VCI6Q, STM32U535VCT6, STM32U535VCT6Q, STM32U535VEI6, STM32U535VEI6Q, STM32U535VET6, STM32U535VET6Q, STM32U545CET6, STM32U545CET6Q, STM32U545CEU6, STM32U545CEU6Q, STM32U545JEY6QTR, STM32U545NEY6QTR, STM32U545REI6, STM32U545REI6Q, STM32U545RET6, STM32U545RET6Q, STM32U545VEI6, STM32U545VEI6Q, STM32U545VET6, STM32U545VET6Q, STM32U595AIH6, STM32U595AIH6Q, STM32U595AJH6, STM32U595AJH6Q, STM32U595QII6, STM32U595QII6Q, STM32U595QJI6, STM32U595QJI6Q, STM32U595RIT6, STM32U595RIT6Q, STM32U595RJT6, STM32U595RJT6Q, STM32U595VIT6, STM32U595VIT6Q, STM32U595VJT6, STM32U595VJT6Q, STM32U595ZIT6, STM32U595ZIT6Q, STM32U595ZIY6QTR, STM32U595ZJT6, STM32U595ZJT6Q, STM32U595ZJY6QTR, STM32U599BJY6QTR, STM32U599NIH6Q, STM32U599NJH6Q, STM32U599VIT6Q, STM32U599VJT6, STM32U599VJT6Q, STM32U599ZIT6Q, STM32U599ZIY6QTR, STM32U599ZJT6Q, STM32U599ZJY6QTR, STM32U5A5AJH6, STM32U5A5AJH6Q, STM32U5A5QJI6, STM32U5A5QJI6Q, STM32U5A5RJT6, STM32U5A5RJT6Q, STM32U5A5VJT6, STM32U5A5VJT6Q, STM32U5A5ZJT6, STM32U5A5ZJT6Q, STM32U5A5ZJY6QTR, STM32U5A9BJY6QTR, STM32U5A9J-DK, STM32U5A9NJH6Q, STM32U5A9VJT6Q, STM32U5A9ZJT6Q, STM32U5A9ZJY6QTR, STM32U5F7VIT6, STM32U5F7VIT6Q, STM32U5F7VJT6, STM32U5F7VJT6Q, STM32U5F9BJY6QTR, STM32U5F9NJH6Q, STM32U5F9VIT6Q, STM32U5F9VJT6Q, STM32U5F9ZIJ6QTR, STM32U5F9ZIT6Q, STM32U5F9ZJJ6QTR, STM32U5F9ZJT6Q, STM32U5G7VJT6, STM32U5G7VJT6Q, STM32U5G9BJY6QTR, STM32U5G9J-DK1, STM32U5G9J-DK2, STM32U5G9NJH6Q, STM32U5G9VJT6Q, STM32U5G9ZJJ6QTR, STM32U5G9ZJT6Q, STM32WB1MMCH6, STM32WBA50KEU6, STM32WBA50KEU6TR, STM32WBA50KGU6, STM32WBA50KGU6TR, STM32WBA52CEU6, STM32WBA52CEU6TR, STM32WBA52CEU7, STM32WBA52CEU7TR, STM32WBA52CGU6, STM32WBA52CGU6TR, STM32WBA52CGU6U, STM32WBA52CGU7, STM32WBA52CGU7TR, STM32WBA52KEU6, STM32WBA52KEU6TR, STM32WBA52KGU6, STM32WBA52KGU6TR, STM32WBA54CEU6, STM32WBA54CEU6TR, STM32WBA54CEU7, STM32WBA54CEU7TR, STM32WBA54CGU6, STM32WBA54CGU6TR, STM32WBA54CGU7, STM32WBA54CGU7TR, STM32WBA54KEU6, STM32WBA54KEU6TR, STM32WBA54KEU7, STM32WBA54KEU7TR, STM32WBA54KGU6, STM32WBA54KGU6TR, STM32WBA54KGU7, STM32WBA54KGU7TR, STM32WBA55CEU6, STM32WBA55CEU6TR, STM32WBA55CEU7, STM32WBA55CEU7TR, STM32WBA55CGU6, STM32WBA55CGU6TR, STM32WBA55CGU6U, STM32WBA55CGU7, STM32WBA55CGU7TR, STM32WBA55G-DK1, STM32WBA55HEF6, STM32WBA55HEF7, STM32WBA55HGF6, STM32WBA55HGF7, STM32WBA55UEI6, STM32WBA55UEI6TR, STM32WBA55UEI7, STM32WBA55UEI7TR, STM32WBA55UGI6, STM32WBA55UGI6TR, STM32WBA55UGI7, STM32WBA55UGI7TR, STM32WL5MOCH6, STM32WL5MOCH6TR]
2024-01-15 21:00:48,636 [INFO] BoardInfo:889 - No configuration file found for board P-NUCLEO-WB55
2024-01-15 21:00:48,637 [INFO] DbBoards:161 - Kit is not supported: P-NUCLEO-WB55
2024-01-15 21:00:48,648 [INFO] BoardInfo:889 - No configuration file found for board STEVAL-BFA001V1B
2024-01-15 21:00:48,649 [INFO] DbBoards:161 - Kit is not supported: STEVAL-BFA001V1B
2024-01-15 21:00:48,652 [INFO] BoardInfo:889 - No configuration file found for board STEVAL-BFA001V2B
2024-01-15 21:00:48,653 [INFO] DbBoards:161 - Kit is not supported: STEVAL-BFA001V2B
2024-01-15 21:00:48,932 [INFO] DbBoards:168 - Found 193 boards, 190 are supported
2024-01-15 21:00:48,932 [INFO] DbBoards:169 - Found 193 boards, 3 of them is supported for  Bsp
2024-01-15 21:00:48,935 [INFO] ApiDb:414 - User favorites file not found: C:\Users\monur/.stm32cubeide/favorites.boards.txt
2024-01-15 21:00:48,935 [INFO] DbBoards:198 - Set 0 / 0 favorites Boards
2024-01-15 21:00:48,939 [INFO] ApiDb:668 - CubeFinder database Data Model version=2.1
2024-01-15 21:00:48,939 [INFO] ApiDb:669 - CubeFinder database Configuration version=3.0.39
2024-01-15 21:00:48,940 [INFO] ApiDb:670 - CubeFinder database generation date=2023-12-08 (1702028721)
2024-01-15 21:00:48,940 [INFO] ApiDb:671 - CubeFinder database FW Pack versions=[FP-ATR-ASTRA1_V2.0.0, FP-SNS-FLIGHT1_V5.0.1, FP-SNS-FLIGHT1_V5.0.2, FP-SNS-MOTENV1_V4.3.1, FP-SNS-MOTENV1_V4.3.2, FP-SNS-MOTENVWB1_V1.3.1, FP-SNS-SMARTAG2_V1.2.0, STM32Cube_FW_C0_V1.1.0, STM32Cube_FW_F4_V1.28.0, STM32Cube_FW_F7_V1.17.0, STM32Cube_FW_G0_V1.6.1, STM32Cube_FW_G4_V1.5.1, STM32Cube_FW_H5_V0.5.1, STM32Cube_FW_H5_V1.1.1, STM32Cube_FW_H5_V1.2.0RC2, STM32Cube_FW_H7_V1.11.0, STM32Cube_FW_L0_V1.12.2, STM32Cube_FW_L5_V1.5.0, STM32Cube_FW_U5_V1.3.0RC4, STM32Cube_FW_U5_V1.4.0, STM32Cube_FW_WBA_V1.0.0RC1, STM32Cube_FW_WBA_V1.1.0RC1, STM32Cube_FW_WBA_V1.2.0, STM32Cube_FW_WBA_V1.2.0RC2, STM32Cube_FW_WB_V1.15.0RC1, STM32Cube_FW_WB_V1.16.0, STM32Cube_FW_WB_V1.16.0RC2, STM32Cube_FW_WB_V1.18.0, STM32Cube_FW_WL_V1.3.0, X-CUBE-ALGOBUILD_V1.3.0, X-CUBE-ALS_V1.0.1, X-CUBE-AZRTOS-F4_V1.1.0, X-CUBE-AZRTOS-F7_V1.1.0, X-CUBE-AZRTOS-G0_V1.1.0, X-CUBE-AZRTOS-G4_V2.0.0, X-CUBE-AZRTOS-H7_V3.1.0, X-CUBE-AZRTOS-L4_V1.0.0, X-CUBE-AZRTOS-L4_V2.0.0, X-CUBE-AZRTOS-L5_V1.1.0, X-CUBE-AZRTOS-WB_V2.0.0, X-CUBE-AZRTOS-WL_V2.0.0, X-CUBE-BLE1_V7.0.0, X-CUBE-BLE2_V3.3.0, X-CUBE-BLEMGR_V3.0.0, X-CUBE-EEPRMA1_V4.1.0, X-CUBE-EEPRMA1_V4.2.0, X-CUBE-FREERTOS_V1.1.0, X-CUBE-GNSS1_V6.0.0, X-CUBE-MEMS1_V10.0.0, X-CUBE-MEMS1_V9.1.0, X-CUBE-MEMS1_V9.4.0, X-CUBE-MEMS1_V9.6.0, X-CUBE-NFC4_V3.0.0, X-CUBE-NFC7_V1.0.1, X-CUBE-SFXS2LP1_V4.0.0, X-CUBE-SUBG2_V5.0.0, X-CUBE-TOF1_V3.4.0]
2024-01-15 21:00:50,508 [ERROR] DbExamplesSqlite:437 - Missing JSON key: board_cpn
2024-01-15 21:00:50,508 [ERROR] DbExamplesSqlite:437 - Missing JSON key: board_cpn
2024-01-15 21:00:50,508 [ERROR] DbExamplesSqlite:437 - Missing JSON key: board_cpn
2024-01-15 21:00:50,508 [ERROR] DbExamplesSqlite:437 - Missing JSON key: board_cpn
2024-01-15 21:00:50,623 [INFO] DbExamplesSqlite:395 - Ignored 55 examples not supported by CubeIDE
2024-01-15 21:00:50,624 [INFO] DbExamplesSqlite:396 - Found 7560 examples active
2024-01-15 21:00:50,626 [INFO] DbExamplesSqlite:397 - Found 844 examples obsolete
2024-01-15 21:00:50,627 [INFO] DbExamplesSqlite:398 - Found 0 examples under development
2024-01-15 21:00:50,627 [INFO] DbExamplesSqlite:399 - Found 8 examples not building
2024-01-15 21:00:50,629 [INFO] DbExamples:125 - Found 7513 examples
2024-01-15 21:00:50,671 [INFO] DbExamples:222 - Found 95 boards with related examples
2024-01-15 21:00:50,673 [INFO] DbExamples:235 - Found 80 MCUs with related examples
2024-01-15 21:00:50,741 [INFO] ApiDb:414 - User favorites file not found: C:\Users\monur/.stm32cubeide/favorites.examples.txt
2024-01-15 21:00:50,742 [INFO] DbExamples:250 - Set 0 / 0 favorites Examples
2024-01-15 21:00:52,074 [INFO] McuFinderGlobals:76 - Set McuFinderConnectedMode to true
2024-01-15 21:00:52,262 [INFO] MultiScanPanel:200 - Auto-refresh data requested => check proxy status ongoing
2024-01-15 21:00:52,275 [INFO] FinderPluginLoader:95 - Searching for filters in installed packs
2024-01-15 21:00:57,472 [INFO] LoadUrlFilesThread:185 - End of LoadServerUrlFiles without Thread
2024-01-15 21:00:57,564 [INFO] DetailPanel:341 - Set advertising image to C:/Users/monur/STM32Cube/Repository/\en.prom-stm32wl3-mcu-finder.jpg
2024-01-15 21:01:35,844 [INFO] McuFinderGlobals:76 - Set McuFinderConnectedMode to true
2024-01-15 21:01:35,851 [INFO] ApiDb:448 - Save user favorites file C:\Users\monur/.stm32cubeide/favorites.mcus.txt: 1 item(s)
2024-01-15 21:01:35,852 [INFO] ApiDb:452 - User favorites MCUs=[STM32F407VGT6]
