2024-01-19 21:54:58,901 [INFO] Activator:176 - 


2024-01-19 21:54:58,916 [INFO] Activator:177 - !SESSION log4j initialized
2024-01-19 21:55:18,416 [INFO] LogOutputStream:77 - [STDOUT_REDIRECT] 
2024-01-19 21:55:22,679 [INFO] ApplicationProperties:184 - Using Application install path: C:\ST\STM32CubeIDE_1.14.0\STM32CubeIDE\plugins\com.st.stm32cube.common.mx_6.10.0.202311202037
2024-01-19 21:55:22,724 [INFO] DbMcusXml:78 - Set database path to: C:\ST\STM32CubeIDE_1.14.0\STM32CubeIDE\plugins\com.st.stm32cube.common.mx_6.10.0.202311202037\\db\/mcu/
2024-01-19 21:55:22,725 [INFO] ApiDb:274 - Set plugin database path to: C:\ST\STM32CubeIDE_1.14.0\STM32CubeIDE\plugins\com.st.stm32cube.common.mx_6.10.0.202311202037\\db\/plugins/boardmanager/
2024-01-19 21:55:22,750 [WARN] ApiDb:259 - Overriding images path with different value:  => C:\ST\STM32CubeIDE_1.14.0\STM32CubeIDE\plugins\com.st.stm32cube.common.mx_6.10.0.202311202037\\db\/plugins/mcufinder/images/
2024-01-19 21:55:22,780 [INFO] ApiDb:250 - Set database path to: C:\Users\monur\.stmcufinder\plugins\mcufinder//mcu/
2024-01-19 21:55:22,784 [INFO] DbMcusAds:125 - Set database path to: C:\Users\monur\.stmcufinder\plugins\mcufinder//mcu/
2024-01-19 21:55:22,786 [INFO] CrossReferenceDbSqlite:203 - Set database path to: C:\Users\monur\.stmcufinder\plugins\mcufinder//mcu/cs/
2024-01-19 21:55:23,046 [INFO] RulesReader:64 - Compatibility file has been processed (297 Rules)
2024-01-19 21:55:23,279 [INFO] DbMcusXml:78 - Set database path to: C:\ST\STM32CubeIDE_1.14.0\STM32CubeIDE\plugins\com.st.stm32cube.common.mx_6.10.0.202311202037\\db\/mcu/
2024-01-19 21:55:23,279 [INFO] ApiDb:274 - Set plugin database path to: C:\ST\STM32CubeIDE_1.14.0\STM32CubeIDE\plugins\com.st.stm32cube.common.mx_6.10.0.202311202037\\db\/plugins/boardmanager/
2024-01-19 21:55:23,280 [INFO] ApiDb:261 - Set plugin images path to: C:\ST\STM32CubeIDE_1.14.0\STM32CubeIDE\plugins\com.st.stm32cube.common.mx_6.10.0.202311202037\\db\/plugins/mcufinder/images/
2024-01-19 21:55:23,280 [WARN] DbFile:41 - Overriding database path with different value: C:\Users\monur\.stmcufinder\plugins\mcufinder/ => C:\Users\monur\.stmcufinder\plugins\mcufinder
2024-01-19 21:55:23,281 [INFO] ApiDb:250 - Set database path to: C:\Users\monur\.stmcufinder\plugins\mcufinder//mcu/
2024-01-19 21:55:23,281 [WARN] DbFile:41 - Overriding database path with different value: C:\Users\monur\.stmcufinder\plugins\mcufinder/ => C:\Users\monur\.stmcufinder\plugins\mcufinder
2024-01-19 21:55:23,281 [INFO] DbMcusAds:125 - Set database path to: C:\Users\monur\.stmcufinder\plugins\mcufinder//mcu/
2024-01-19 21:55:23,281 [WARN] DbFile:41 - Overriding database path with different value: C:\Users\monur\.stmcufinder\plugins\mcufinder/ => C:\Users\monur\.stmcufinder\plugins\mcufinder
2024-01-19 21:55:23,281 [WARN] DbFile:41 - Overriding database path with different value: C:\Users\monur\.stmcufinder\plugins\mcufinder/ => C:\Users\monur\.stmcufinder\plugins\mcufinder
2024-01-19 21:55:23,282 [INFO] CrossReferenceDbSqlite:203 - Set database path to: C:\Users\monur\.stmcufinder\plugins\mcufinder//mcu/cs/
2024-01-19 21:55:23,534 [INFO] MainPanel:264 - HeapMemory: 268435456
2024-01-19 21:55:23,802 [INFO] DbMcusXml:78 - Set database path to: C:\ST\STM32CubeIDE_1.14.0\STM32CubeIDE\plugins\com.st.stm32cube.common.mx_6.10.0.202311202037\\db\/mcu/
2024-01-19 21:55:23,802 [INFO] ApiDb:274 - Set plugin database path to: C:\ST\STM32CubeIDE_1.14.0\STM32CubeIDE\plugins\com.st.stm32cube.common.mx_6.10.0.202311202037\\db\/plugins/boardmanager/
2024-01-19 21:55:23,802 [INFO] ApiDb:261 - Set plugin images path to: C:\ST\STM32CubeIDE_1.14.0\STM32CubeIDE\plugins\com.st.stm32cube.common.mx_6.10.0.202311202037\\db\/plugins/mcufinder/images/
2024-01-19 21:55:23,803 [WARN] DbFile:41 - Overriding database path with different value: C:\Users\monur\.stmcufinder\plugins\mcufinder/ => C:\Users\monur\.stmcufinder\plugins\mcufinder
2024-01-19 21:55:23,803 [INFO] ApiDb:250 - Set database path to: C:\Users\monur\.stmcufinder\plugins\mcufinder//mcu/
2024-01-19 21:55:23,803 [WARN] DbFile:41 - Overriding database path with different value: C:\Users\monur\.stmcufinder\plugins\mcufinder/ => C:\Users\monur\.stmcufinder\plugins\mcufinder
2024-01-19 21:55:23,803 [INFO] DbMcusAds:125 - Set database path to: C:\Users\monur\.stmcufinder\plugins\mcufinder//mcu/
2024-01-19 21:55:23,803 [WARN] DbFile:41 - Overriding database path with different value: C:\Users\monur\.stmcufinder\plugins\mcufinder/ => C:\Users\monur\.stmcufinder\plugins\mcufinder
2024-01-19 21:55:23,803 [WARN] DbFile:41 - Overriding database path with different value: C:\Users\monur\.stmcufinder\plugins\mcufinder/ => C:\Users\monur\.stmcufinder\plugins\mcufinder
2024-01-19 21:55:23,804 [INFO] CrossReferenceDbSqlite:203 - Set database path to: C:\Users\monur\.stmcufinder\plugins\mcufinder//mcu/cs/
2024-01-19 21:55:23,870 [INFO] ApplicationProperties:184 - Using Application install path: C:\ST\STM32CubeIDE_1.14.0\STM32CubeIDE\plugins\com.st.stm32cube.common.mx_6.10.0.202311202037
2024-01-19 21:55:23,874 [INFO] PluginManage:196 - Search for loadable plugins [exclusion list=, ]
2024-01-19 21:55:23,886 [INFO] PluginManage:310 - Check plugin analytics
2024-01-19 21:55:24,393 [INFO] AnalyticsPlugin:253 - Accepted Software Licenses: 
2024-01-19 21:55:24,393 [INFO] AnalyticsPlugin:255 - Accepted CMSIS Pack Licenses: 
2024-01-19 21:55:24,395 [INFO] AnalyticsPlugin:257 - Accepted Firmware Licenses: FW.F4.1.28.0
2024-01-19 21:55:24,400 [INFO] PluginManage:359 - Loaded plugin analytics (category:tool,tabindex:-1)
2024-01-19 21:55:24,401 [INFO] PluginManage:310 - Check plugin cadmodel
2024-01-19 21:55:24,573 [INFO] CADModel:105 - Init CAD model plugin
2024-01-19 21:55:24,573 [INFO] PluginManage:359 - Loaded plugin cadmodel (category:power,tabindex:5)
2024-01-19 21:55:24,574 [INFO] PluginManage:310 - Check plugin clock
2024-01-19 21:55:24,627 [INFO] PluginManage:359 - Loaded plugin clock (category:base,tabindex:2)
2024-01-19 21:55:24,627 [INFO] PluginManage:310 - Check plugin ddr
2024-01-19 21:55:24,633 [INFO] PluginManage:359 - Loaded plugin ddr (category:tool,tabindex:6)
2024-01-19 21:55:24,633 [INFO] PluginManage:310 - Check plugin filemanager
2024-01-19 21:55:25,051 [INFO] PluginManage:359 - Loaded plugin filemanager (category:base,tabindex:10)
2024-01-19 21:55:25,051 [INFO] PluginManage:310 - Check plugin ipmanager
2024-01-19 21:55:25,070 [INFO] PluginManage:359 - Loaded plugin ipmanager (category:base,tabindex:5)
2024-01-19 21:55:25,070 [INFO] PluginManage:310 - Check plugin lpbam
2024-01-19 21:55:25,119 [INFO] PluginManage:359 - Loaded plugin lpbam (category:base,tabindex:0)
2024-01-19 21:55:25,120 [INFO] PluginManage:310 - Check plugin memorymap
2024-01-19 21:55:25,176 [INFO] PluginManage:359 - Loaded plugin memorymap (category:base,tabindex:4)
2024-01-19 21:55:25,176 [INFO] PluginManage:310 - Check plugin pinoutandconfiguration
2024-01-19 21:55:25,281 [INFO] PluginManage:359 - Loaded plugin pinoutandconfiguration (category:base,tabindex:1)
2024-01-19 21:55:25,282 [INFO] PluginManage:310 - Check plugin pinoutconfig
2024-01-19 21:55:25,573 [WARN] SupportedApi:132 - Cannot load RTOS API schema: s4s-elt-must-match.1: The content of 'definitions' must match (annotation?, (simpleType | complexType)?, (unique | key | keyref)*)). A problem was found starting at: attribute.
2024-01-19 21:55:26,640 [INFO] PluginManage:359 - Loaded plugin pinoutconfig (category:base,tabindex:0)
2024-01-19 21:55:26,640 [INFO] PluginManage:310 - Check plugin power
2024-01-19 21:55:27,078 [INFO] PluginManage:359 - Loaded plugin power (category:power,tabindex:4)
2024-01-19 21:55:27,078 [INFO] PluginManage:310 - Check plugin projectmanager
2024-01-19 21:55:27,381 [INFO] PluginManage:359 - Loaded plugin projectmanager (category:projectmanager,tabindex:3)
2024-01-19 21:55:27,382 [INFO] PluginManage:310 - Check plugin thirdparty
2024-01-19 21:55:31,513 [INFO] PluginManage:359 - Loaded plugin thirdparty (category:base,tabindex:-1)
2024-01-19 21:55:31,513 [WARN] IntegrityCheckThread:84 - waiting for thirdparty lock release [integrity check]
2024-01-19 21:55:31,514 [INFO] PluginManage:310 - Check plugin tools
2024-01-19 21:55:31,514 [INFO] IntegrityCheckThread:86 - entering critical section [integrity check]
2024-01-19 21:55:31,514 [INFO] ThirdPartyUpdaterWithRetryManager:70 - Updater plugin not ready yet. [1/15]
2024-01-19 21:55:31,610 [INFO] PluginManage:359 - Loaded plugin tools (category:base,tabindex:7)
2024-01-19 21:55:31,610 [INFO] PluginManage:310 - Check plugin tutovideos
2024-01-19 21:55:34,515 [INFO] ThirdPartyUpdaterWithRetryManager:70 - Updater plugin not ready yet. [2/15]
2024-01-19 21:55:36,605 [INFO] PluginManage:359 - Loaded plugin tutovideos (category:base,tabindex:-1)
2024-01-19 21:55:36,606 [INFO] PluginManage:310 - Check plugin updater
2024-01-19 21:55:37,208 [INFO] PluginManage:359 - Loaded plugin updater (category:base,tabindex:12)
2024-01-19 21:55:37,209 [INFO] PluginManage:310 - Check plugin userauth
2024-01-19 21:55:37,230 [INFO] UserAuth:114 - Init User Auth plugin
2024-01-19 21:55:37,231 [INFO] PluginManage:359 - Loaded plugin userauth (category:base,tabindex:14)
2024-01-19 21:55:37,233 [INFO] PluginManage:283 - PluginManage : Loaded plugins [17]
2024-01-19 21:55:37,516 [INFO] ThirdPartyUpdaterWithRetryManager:70 - Updater plugin not ready yet. [3/15]
2024-01-19 21:55:40,517 [INFO] ThirdPartyUpdaterWithRetryManager:70 - Updater plugin not ready yet. [4/15]
2024-01-19 21:55:43,517 [INFO] ThirdPartyUpdaterWithRetryManager:70 - Updater plugin not ready yet. [5/15]
2024-01-19 21:55:46,228 [INFO] PinOutPanel:1499 - setPackage(No Configuration,No Configuration)
2024-01-19 21:55:46,385 [INFO] CADModel:165 - CPN selected for project level
2024-01-19 21:55:46,385 [INFO] CADModel:114 - Register for checkConnection events
2024-01-19 21:55:46,487 [INFO] IPUIPlugin:80 - create IPUIPlugin
2024-01-19 21:55:46,488 [INFO] PluginManager:220 - loadIPPluginJar : add adc
2024-01-19 21:55:46,519 [INFO] ThirdPartyUpdaterWithRetryManager:70 - Updater plugin not ready yet. [6/15]
2024-01-19 21:55:46,575 [INFO] IPUIPlugin:80 - create IPUIPlugin
2024-01-19 21:55:46,575 [INFO] PluginManager:220 - loadIPPluginJar : add aes
2024-01-19 21:55:46,795 [INFO] IPUIPlugin:80 - create IPUIPlugin
2024-01-19 21:55:46,796 [INFO] PluginManager:220 - loadIPPluginJar : add can
2024-01-19 21:55:46,891 [INFO] IPUIPlugin:80 - create IPUIPlugin
2024-01-19 21:55:46,892 [INFO] PluginManager:220 - loadIPPluginJar : add comp
2024-01-19 21:55:46,998 [INFO] IPUIPlugin:80 - create IPUIPlugin
2024-01-19 21:55:46,999 [INFO] PluginManager:220 - loadIPPluginJar : add cryp
2024-01-19 21:55:47,087 [INFO] IPUIPlugin:80 - create IPUIPlugin
2024-01-19 21:55:47,087 [INFO] PluginManager:220 - loadIPPluginJar : add dfsdm
2024-01-19 21:55:47,153 [INFO] IPUIPlugin:80 - create IPUIPlugin
2024-01-19 21:55:47,154 [INFO] PluginManager:220 - loadIPPluginJar : add dma
2024-01-19 21:55:47,553 [INFO] IPUIPlugin:80 - create IPUIPlugin
2024-01-19 21:55:47,553 [INFO] PluginManager:220 - loadIPPluginJar : add dma3
2024-01-19 21:55:47,715 [INFO] IPUIPlugin:80 - create IPUIPlugin
2024-01-19 21:55:47,716 [INFO] PluginManager:220 - loadIPPluginJar : add fatfs
2024-01-19 21:55:47,912 [INFO] IPUIPlugin:80 - create IPUIPlugin
2024-01-19 21:55:47,912 [INFO] PluginManager:220 - loadIPPluginJar : add fmc
2024-01-19 21:55:47,987 [INFO] IPUIPlugin:80 - create IPUIPlugin
2024-01-19 21:55:47,988 [INFO] PluginManager:220 - loadIPPluginJar : add freertos
2024-01-19 21:55:48,361 [INFO] IPUIPlugin:80 - create IPUIPlugin
2024-01-19 21:55:48,362 [INFO] PluginManager:220 - loadIPPluginJar : add genericplugin
2024-01-19 21:55:48,597 [INFO] IPUIPlugin:80 - create IPUIPlugin
2024-01-19 21:55:48,597 [INFO] PluginManager:220 - loadIPPluginJar : add gfxmmu
2024-01-19 21:55:48,877 [INFO] IPUIPlugin:80 - create IPUIPlugin
2024-01-19 21:55:48,877 [INFO] PluginManager:220 - loadIPPluginJar : add gic
2024-01-19 21:55:48,951 [INFO] IPUIPlugin:80 - create IPUIPlugin
2024-01-19 21:55:48,951 [INFO] PluginManager:220 - loadIPPluginJar : add gpio
2024-01-19 21:55:49,292 [INFO] IPUIPlugin:80 - create IPUIPlugin
2024-01-19 21:55:49,292 [INFO] PluginManager:220 - loadIPPluginJar : add gtzc
2024-01-19 21:55:49,521 [INFO] ThirdPartyUpdaterWithRetryManager:70 - Updater plugin not ready yet. [7/15]
2024-01-19 21:55:49,648 [INFO] IPUIPlugin:80 - create IPUIPlugin
2024-01-19 21:55:49,648 [INFO] PluginManager:220 - loadIPPluginJar : add hash
2024-01-19 21:55:49,964 [INFO] IPUIPlugin:80 - create IPUIPlugin
2024-01-19 21:55:49,965 [INFO] PluginManager:220 - loadIPPluginJar : add i2c
2024-01-19 21:55:50,029 [INFO] IPUIPlugin:80 - create IPUIPlugin
2024-01-19 21:55:50,029 [INFO] PluginManager:220 - loadIPPluginJar : add i2s
2024-01-19 21:55:50,456 [INFO] IPUIPlugin:80 - create IPUIPlugin
2024-01-19 21:55:50,456 [INFO] PluginManager:220 - loadIPPluginJar : add i3c
2024-01-19 21:55:51,003 [INFO] IPUIPlugin:80 - create IPUIPlugin
2024-01-19 21:55:51,003 [INFO] PluginManager:220 - loadIPPluginJar : add ipddr
2024-01-19 21:55:51,591 [INFO] IPUIPlugin:80 - create IPUIPlugin
2024-01-19 21:55:51,591 [INFO] PluginManager:220 - loadIPPluginJar : add linkedlist
2024-01-19 21:55:51,756 [INFO] IPUIPlugin:80 - create IPUIPlugin
2024-01-19 21:55:51,756 [INFO] PluginManager:220 - loadIPPluginJar : add lorawan
2024-01-19 21:55:52,064 [INFO] IPUIPlugin:80 - create IPUIPlugin
2024-01-19 21:55:52,064 [INFO] PluginManager:220 - loadIPPluginJar : add ltdc
2024-01-19 21:55:52,115 [INFO] IPUIPlugin:80 - create IPUIPlugin
2024-01-19 21:55:52,116 [INFO] PluginManager:220 - loadIPPluginJar : add mdma
2024-01-19 21:55:52,149 [INFO] IPUIPlugin:80 - create IPUIPlugin
2024-01-19 21:55:52,149 [INFO] PluginManager:220 - loadIPPluginJar : add nvic
2024-01-19 21:55:52,199 [INFO] IPUIPlugin:80 - create IPUIPlugin
2024-01-19 21:55:52,200 [INFO] PluginManager:220 - loadIPPluginJar : add opamp
2024-01-19 21:55:52,381 [INFO] IPUIPlugin:80 - create IPUIPlugin
2024-01-19 21:55:52,381 [INFO] PluginManager:220 - loadIPPluginJar : add openamp
2024-01-19 21:55:52,458 [INFO] IPUIPlugin:80 - create IPUIPlugin
2024-01-19 21:55:52,458 [INFO] PluginManager:220 - loadIPPluginJar : add pdm2pcm
2024-01-19 21:55:52,482 [INFO] IPUIPlugin:80 - create IPUIPlugin
2024-01-19 21:55:52,485 [INFO] PluginManager:220 - loadIPPluginJar : add plateformsettings
2024-01-19 21:55:52,522 [INFO] ThirdPartyUpdaterWithRetryManager:70 - Updater plugin not ready yet. [8/15]
2024-01-19 21:55:52,530 [INFO] IPUIPlugin:80 - create IPUIPlugin
2024-01-19 21:55:52,530 [INFO] PluginManager:220 - loadIPPluginJar : add quadspi
2024-01-19 21:55:52,556 [INFO] IPUIPlugin:80 - create IPUIPlugin
2024-01-19 21:55:52,556 [INFO] PluginManager:220 - loadIPPluginJar : add resmgrutility
2024-01-19 21:55:52,638 [INFO] IPUIPlugin:80 - create IPUIPlugin
2024-01-19 21:55:52,638 [INFO] PluginManager:220 - loadIPPluginJar : add sai
2024-01-19 21:55:52,699 [INFO] IPUIPlugin:80 - create IPUIPlugin
2024-01-19 21:55:52,699 [INFO] PluginManager:220 - loadIPPluginJar : add spi
2024-01-19 21:55:52,827 [INFO] IPUIPlugin:80 - create IPUIPlugin
2024-01-19 21:55:52,827 [INFO] PluginManager:220 - loadIPPluginJar : add stm32_wpan
2024-01-19 21:55:52,870 [INFO] IPUIPlugin:80 - create IPUIPlugin
2024-01-19 21:55:52,871 [INFO] PluginManager:220 - loadIPPluginJar : add tim
2024-01-19 21:55:52,984 [INFO] IPUIPlugin:80 - create IPUIPlugin
2024-01-19 21:55:52,984 [INFO] PluginManager:220 - loadIPPluginJar : add touchsensing
2024-01-19 21:55:53,025 [INFO] IPUIPlugin:80 - create IPUIPlugin
2024-01-19 21:55:53,025 [INFO] PluginManager:220 - loadIPPluginJar : add tracer_emb
2024-01-19 21:55:53,069 [INFO] IPUIPlugin:80 - create IPUIPlugin
2024-01-19 21:55:53,069 [INFO] PluginManager:220 - loadIPPluginJar : add ts
2024-01-19 21:55:53,117 [INFO] IPUIPlugin:80 - create IPUIPlugin
2024-01-19 21:55:53,117 [INFO] PluginManager:220 - loadIPPluginJar : add tsc
2024-01-19 21:55:53,157 [INFO] IPUIPlugin:80 - create IPUIPlugin
2024-01-19 21:55:53,157 [INFO] PluginManager:220 - loadIPPluginJar : add ucpd
2024-01-19 21:55:53,223 [INFO] IPUIPlugin:80 - create IPUIPlugin
2024-01-19 21:55:53,224 [INFO] PluginManager:220 - loadIPPluginJar : add usart
2024-01-19 21:55:53,298 [INFO] IPUIPlugin:80 - create IPUIPlugin
2024-01-19 21:55:53,298 [INFO] PluginManager:220 - loadIPPluginJar : add usbx
2024-01-19 21:55:53,502 [INFO] CADModel:165 - CPN selected for project level
2024-01-19 21:55:53,502 [INFO] CADModel:114 - Register for checkConnection events
2024-01-19 21:55:53,504 [FATAL] Updater:308 - Updater called before beeing initialized
2024-01-19 21:55:53,504 [ERROR] CADModel:125 - Updater not yet initialized, retry later 
2024-01-19 21:55:53,788 [INFO] CADModel:165 - CPN selected for project level
2024-01-19 21:55:53,788 [INFO] CADModel:114 - Register for checkConnection events
2024-01-19 21:55:53,789 [FATAL] Updater:308 - Updater called before beeing initialized
2024-01-19 21:55:53,789 [ERROR] CADModel:125 - Updater not yet initialized, retry later 
2024-01-19 21:55:53,793 [FATAL] Updater:308 - Updater called before beeing initialized
2024-01-19 21:55:54,067 [FATAL] Updater:308 - Updater called before beeing initialized
2024-01-19 21:55:54,085 [INFO] DbMcusAds:53 - JSON generation date=Wed Nov 29 13:52:27 TRT 2023 (1701255147349)
2024-01-19 21:55:54,085 [FATAL] Updater:308 - Updater called before beeing initialized
2024-01-19 21:55:54,238 [WARN] DetailPanel:346 - Failed to get advertising image, set to default
2024-01-19 21:55:54,388 [FATAL] Updater:308 - Updater called before beeing initialized
2024-01-19 21:55:54,392 [FATAL] Updater:308 - Updater called before beeing initialized
2024-01-19 21:55:54,392 [FATAL] Updater:308 - Updater called before beeing initialized
2024-01-19 21:55:54,392 [WARN] DetailPanel:346 - Failed to get advertising image, set to default
2024-01-19 21:55:54,393 [FATAL] Updater:308 - Updater called before beeing initialized
2024-01-19 21:55:54,558 [ERROR] Updater:1120 - MainUpdater not yet initialized. External WinMGr cannot be set.
2024-01-19 21:55:54,583 [INFO] Updater:1056 - Updater Version found : 6.10.0
2024-01-19 21:55:54,620 [INFO] ApplicationProperties:184 - Using Application install path: C:\ST\STM32CubeIDE_1.14.0\STM32CubeIDE\plugins\com.st.stm32cube.common.mx_6.10.0.202311202037
2024-01-19 21:55:55,524 [INFO] ThirdPartyUpdaterWithRetryManager:70 - Updater plugin not ready yet. [9/15]
2024-01-19 21:55:56,244 [ERROR] LogOutputStream:75 - [STDERR_REDIRECT] Jan 19, 2024 9:55:56 PM java.util.prefs.WindowsPreferences <init>
2024-01-19 21:55:56,253 [ERROR] LogOutputStream:75 - [STDERR_REDIRECT] WARNING: Could not open/create prefs root node Software\JavaSoft\Prefs at root 0xffffffff80000002. Windows RegCreateKeyEx(...) returned error code 5.
2024-01-19 21:55:56,253 [ERROR] LogOutputStream:75 - [STDERR_REDIRECT] 
2024-01-19 21:55:57,557 [INFO] MainUpdater:2873 - connection check result : 10
2024-01-19 21:55:57,558 [INFO] MainUpdater:290 - Updater Check For Update Now.
2024-01-19 21:55:57,558 [INFO] MicroXplorer:498 - Change Database Version : DB.6.0.100
2024-01-19 21:55:57,654 [INFO] McuFinderGlobals:63 - Set McuFinder mode to 2 (CubeIDE integrated)
2024-01-19 21:55:57,655 [INFO] UserAuth:180 - activating auth plugin
2024-01-19 21:55:57,677 [INFO] UserAuth:404 - Internet connection configuration mode: 1
2024-01-19 21:55:57,780 [INFO] JxBrowserEngine:152 - Initiate JxBrowser Engine with user profile folder
2024-01-19 21:55:58,081 [INFO] CheckServerUpdateThread:120 - End of CheckServer Thread
2024-01-19 21:55:59,004 [WARN] PackLoader:240 - Cannot read IP mode file for STMicroelectronics.X-CUBE-SMBUS.2.1.0
2024-01-19 21:55:59,035 [WARN] PackLoader:240 - Cannot read IP mode file for STMicroelectronics.X-CUBE-TOUCHGFX.4.23.0
2024-01-19 21:55:59,148 [WARN] PackLoader:240 - Cannot read IP mode file for STMicroelectronics.X-CUBE-AZRTOS-F7.1.1.0
2024-01-19 21:55:59,249 [WARN] PackLoader:240 - Cannot read IP mode file for STMicroelectronics.FP-SNS-MOTENV1.4.3.2
2024-01-19 21:55:59,323 [WARN] PackLoader:240 - Cannot read IP mode file for STMicroelectronics.FP-SNS-FLIGHT1.5.0.2
2024-01-19 21:55:59,443 [WARN] PackLoader:240 - Cannot read IP mode file for STMicroelectronics.X-CUBE-DISPLAY.3.0.0
2024-01-19 21:55:59,494 [WARN] PackLoader:240 - Cannot read IP mode file for STMicroelectronics.X-CUBE-BLE1.7.0.0
2024-01-19 21:55:59,592 [WARN] PackLoader:240 - Cannot read IP mode file for emotas.I-CUBE-CANOPEN.1.3.0
2024-01-19 21:55:59,637 [WARN] PackLoader:240 - Cannot read IP mode file for STMicroelectronics.FP-SNS-SMARTAG2.1.2.0
2024-01-19 21:55:59,729 [INFO] LogOutputStream:77 - [STDOUT_REDIRECT] 1 : Invalid condition id : UX_CORESTACK_Condition cause : null
2024-01-19 21:55:59,731 [INFO] LogOutputStream:77 - [STDOUT_REDIRECT] 1 : Invalid condition id : UX_CORESTACK_Condition cause : null
2024-01-19 21:55:59,738 [INFO] LogOutputStream:77 - [STDOUT_REDIRECT] 1 : Invalid condition id : UX_CORESTACK_Condition cause : null
2024-01-19 21:55:59,741 [INFO] LogOutputStream:77 - [STDOUT_REDIRECT] 1 : Invalid condition id : UX_CORESTACK_Condition cause : null
2024-01-19 21:55:59,745 [INFO] LogOutputStream:77 - [STDOUT_REDIRECT] 1 : Invalid condition id : UX_CORESTACK_Condition cause : null
2024-01-19 21:55:59,754 [WARN] PackLoader:240 - Cannot read IP mode file for STMicroelectronics.X-CUBE-AZRTOS-WL.2.0.0
2024-01-19 21:55:59,791 [WARN] PackLoader:240 - Cannot read IP mode file for WES.I-CUBE-Cesium.1.3.0
2024-01-19 21:55:59,815 [WARN] PackLoader:240 - Cannot read IP mode file for STMicroelectronics.X-CUBE-BLE2.3.3.0
2024-01-19 21:55:59,841 [WARN] PackLoader:240 - Cannot read IP mode file for STMicroelectronics.X-CUBE-ALGOBUILD.1.3.0
2024-01-19 21:55:59,897 [WARN] PackLoader:240 - Cannot read IP mode file for STMicroelectronics.X-CUBE-AZRTOS-G0.1.1.0
2024-01-19 21:55:59,946 [WARN] PackLoader:240 - Cannot read IP mode file for STMicroelectronics.X-CUBE-NFC4.3.0.0
2024-01-19 21:55:59,988 [WARN] PackLoader:240 - Cannot read IP mode file for STMicroelectronics.X-CUBE-BLEMGR.3.0.0
2024-01-19 21:56:00,024 [WARN] PackLoader:240 - Cannot read IP mode file for STMicroelectronics.FP-ATR-SIGFOX1.3.2.0
2024-01-19 21:56:00,103 [WARN] PackLoader:240 - Cannot read IP mode file for SEGGER.I-CUBE-embOS.1.3.1
2024-01-19 21:56:00,255 [WARN] PackLoader:240 - Cannot read IP mode file for STMicroelectronics.X-CUBE-GNSS1.6.0.0
2024-01-19 21:56:00,392 [WARN] PackLoader:240 - Cannot read IP mode file for STMicroelectronics.X-CUBE-AZRTOS-F4.1.1.0
2024-01-19 21:56:00,446 [WARN] PackLoader:240 - Cannot read IP mode file for wolfSSL.I-CUBE-wolfSSL.5.6.6
2024-01-19 21:56:00,538 [WARN] PackLoader:240 - Cannot read IP mode file for STMicroelectronics.X-CUBE-AZRTOS-L5.2.0.0
2024-01-19 21:56:00,577 [WARN] PackLoader:240 - Cannot read IP mode file for STMicroelectronics.X-CUBE-EEPRMA1.4.2.0
2024-01-19 21:56:00,641 [WARN] PackLoader:240 - Cannot read IP mode file for ITTIA_DB.I-CUBE-ITTIADB.8.8.0
2024-01-19 21:56:00,675 [WARN] PackLoader:240 - Cannot read IP mode file for STMicroelectronics.X-CUBE-NFC7.1.0.1
2024-01-19 21:56:00,740 [WARN] PackLoader:240 - Cannot read IP mode file for STMicroelectronics.X-CUBE-NFC6.3.0.0
2024-01-19 21:56:00,784 [WARN] PackLoader:240 - Cannot read IP mode file for STMicroelectronics.X-CUBE-AI.8.1.0
2024-01-19 21:56:00,997 [WARN] ConditionMgr:438 - getConditionDescription Invalid condition id : LAN8742 Phy interface Condition cause : null
2024-01-19 21:56:01,017 [WARN] PackLoader:240 - Cannot read IP mode file for STMicroelectronics.X-CUBE-AZRTOS-L4.2.0.0
2024-01-19 21:56:01,050 [WARN] ConditionMgr:1039 - genDependencies : Invalid condition id : LAN8742 Phy interface Condition cause : null
2024-01-19 21:56:01,051 [WARN] ConditionMgr:1039 - genDependencies : Invalid condition id : LAN8742 Phy interface Condition cause : null
2024-01-19 21:56:01,055 [WARN] ConditionMgr:1039 - genDependencies : Invalid condition id : LAN8742 Phy interface Condition cause : null
2024-01-19 21:56:01,197 [WARN] PackLoader:240 - Cannot read IP mode file for STMicroelectronics.X-CUBE-SFXS2LP1.4.0.0
2024-01-19 21:56:01,349 [WARN] ConditionMgr:438 - getConditionDescription Invalid condition id : UX DEVICE CLASS RTOS Condition cause : null
2024-01-19 21:56:01,350 [WARN] ConditionMgr:438 - getConditionDescription Invalid condition id : UX DEVICE CLASS RTOS Condition cause : null
2024-01-19 21:56:01,358 [WARN] PackLoader:240 - Cannot read IP mode file for STMicroelectronics.X-CUBE-AZRTOS-WB.2.0.0
2024-01-19 21:56:01,359 [WARN] ConditionMgr:1039 - genDependencies : Invalid condition id : UX DEVICE CLASS RTOS Condition cause : null
2024-01-19 21:56:01,359 [WARN] ConditionMgr:1039 - genDependencies : Invalid condition id : UX DEVICE CLASS RTOS Condition cause : null
2024-01-19 21:56:01,360 [WARN] ConditionMgr:1039 - genDependencies : Invalid condition id : UX DEVICE CLASS RTOS Condition cause : null
2024-01-19 21:56:01,360 [WARN] ConditionMgr:1039 - genDependencies : Invalid condition id : UX DEVICE CLASS RTOS Condition cause : null
2024-01-19 21:56:01,360 [WARN] ConditionMgr:1039 - genDependencies : Invalid condition id : UX DEVICE CLASS RTOS Condition cause : null
2024-01-19 21:56:01,478 [WARN] PackLoader:240 - Cannot read IP mode file for STMicroelectronics.X-CUBE-SUBG2.5.0.0
2024-01-19 21:56:01,659 [WARN] PackLoader:240 - Cannot read IP mode file for STMicroelectronics.X-CUBE-AZRTOS-G4.2.0.0
2024-01-19 21:56:02,056 [WARN] PackLoader:240 - Cannot read IP mode file for Infineon.AIROC-Wi-Fi-Bluetooth-STM32.1.5.1
2024-01-19 21:56:02,172 [WARN] PackLoader:240 - Cannot read IP mode file for STMicroelectronics.FP-SNS-MOTENVWB1.1.3.1
2024-01-19 21:56:02,198 [WARN] PackLoader:240 - Cannot read IP mode file for STMicroelectronics.X-CUBE-ISPU.2.0.0
2024-01-19 21:56:02,395 [WARN] PackLoader:240 - Cannot read IP mode file for STMicroelectronics.X-CUBE-MEMS1.10.0.0
2024-01-19 21:56:03,242 [WARN] PackLoader:240 - Cannot read IP mode file for STMicroelectronics.X-CUBE-FREERTOS.1.1.0
2024-01-19 21:56:03,295 [WARN] PackLoader:240 - Cannot read IP mode file for portGmbH.I-Cube-SoM-uGOAL.1.1.0
2024-01-19 21:56:03,342 [WARN] PackLoader:240 - Cannot read IP mode file for STMicroelectronics.X-CUBE-ALS.1.0.1
2024-01-19 21:56:03,418 [WARN] PackLoader:240 - Cannot read IP mode file for STMicroelectronics.FP-ATR-ASTRA1.2.0.0
2024-01-19 21:56:03,498 [WARN] PackLoader:240 - Cannot read IP mode file for STMicroelectronics.X-CUBE-TOF1.3.4.0
2024-01-19 21:56:03,694 [WARN] PackLoader:240 - Cannot read IP mode file for STMicroelectronics.X-CUBE-AZRTOS-H7.3.2.0
2024-01-19 21:56:03,700 [INFO] ThirdParty:978 - Integrity check success = true
2024-01-19 21:56:03,700 [INFO] IntegrityCheckThread:100 - exiting critical section [integrity check]
2024-01-19 21:56:03,700 [INFO] IntegrityCheckThread:103 - End integrity checks thread
2024-01-19 21:56:08,333 [INFO] WebApp:161 - Instantiating new browser for Auth
2024-01-19 21:56:10,049 [INFO] WebApp:780 - Register for checkConnection events
2024-01-19 21:56:10,049 [INFO] WebApp:414 - Apply proxy settings
2024-01-19 21:56:10,049 [INFO] WebApp:499 - Chromium requires no authentication
2024-01-19 21:56:10,067 [INFO] WebApp:442 - Direct internet connection detected
2024-01-19 21:56:10,513 [INFO] WebApp:192 - Starting web application
2024-01-19 21:56:10,513 [INFO] WebApp:544 - Web application path used C:\ST\STM32CubeIDE_1.14.0\STM32CubeIDE\plugins\com.st.stm32cube.common.mx_6.10.0.202311202037\db\plugins\mcufinder\reactClient1\index.html
2024-01-19 21:56:33,066 [ERROR] LogOutputStream:75 - [STDERR_REDIRECT] SLF4J: Failed to load class "org.slf4j.impl.StaticLoggerBinder".
2024-01-19 21:56:33,070 [ERROR] LogOutputStream:75 - [STDERR_REDIRECT] SLF4J: Defaulting to no-operation (NOP) logger implementation
2024-01-19 21:56:33,072 [ERROR] LogOutputStream:75 - [STDERR_REDIRECT] SLF4J: See http://www.slf4j.org/codes.html#StaticLoggerBinder for further details.
