2024-01-13 21:11:46,821 [INFO] Activator:176 - 


2024-01-13 21:11:46,825 [INFO] Activator:177 - !SESSION log4j initialized
2024-01-13 21:11:51,640 [INFO] LogOutputStream:77 - [STDOUT_REDIRECT] 
2024-01-13 21:11:56,213 [INFO] ApplicationProperties:184 - Using Application install path: C:\ST\STM32CubeIDE_1.14.0\STM32CubeIDE\plugins\com.st.stm32cube.common.mx_6.10.0.202311202037
2024-01-13 21:11:56,247 [INFO] DbMcusXml:78 - Set database path to: C:\ST\STM32CubeIDE_1.14.0\STM32CubeIDE\plugins\com.st.stm32cube.common.mx_6.10.0.202311202037\\db\/mcu/
2024-01-13 21:11:56,247 [INFO] ApiDb:274 - Set plugin database path to: C:\ST\STM32CubeIDE_1.14.0\STM32CubeIDE\plugins\com.st.stm32cube.common.mx_6.10.0.202311202037\\db\/plugins/boardmanager/
2024-01-13 21:11:56,249 [WARN] ApiDb:259 - Overriding images path with different value:  => C:\ST\STM32CubeIDE_1.14.0\STM32CubeIDE\plugins\com.st.stm32cube.common.mx_6.10.0.202311202037\\db\/plugins/mcufinder/images/
2024-01-13 21:11:56,266 [INFO] ApiDb:250 - Set database path to: C:\Users\monur\.stmcufinder\plugins\mcufinder//mcu/
2024-01-13 21:11:56,268 [INFO] DbMcusAds:125 - Set database path to: C:\Users\monur\.stmcufinder\plugins\mcufinder//mcu/
2024-01-13 21:11:56,273 [INFO] CrossReferenceDbSqlite:203 - Set database path to: C:\Users\monur\.stmcufinder\plugins\mcufinder//mcu/cs/
2024-01-13 21:11:56,434 [INFO] RulesReader:64 - Compatibility file has been processed (297 Rules)
2024-01-13 21:11:56,555 [INFO] DbMcusXml:78 - Set database path to: C:\ST\STM32CubeIDE_1.14.0\STM32CubeIDE\plugins\com.st.stm32cube.common.mx_6.10.0.202311202037\\db\/mcu/
2024-01-13 21:11:56,555 [INFO] ApiDb:274 - Set plugin database path to: C:\ST\STM32CubeIDE_1.14.0\STM32CubeIDE\plugins\com.st.stm32cube.common.mx_6.10.0.202311202037\\db\/plugins/boardmanager/
2024-01-13 21:11:56,555 [INFO] ApiDb:261 - Set plugin images path to: C:\ST\STM32CubeIDE_1.14.0\STM32CubeIDE\plugins\com.st.stm32cube.common.mx_6.10.0.202311202037\\db\/plugins/mcufinder/images/
2024-01-13 21:11:56,556 [WARN] DbFile:41 - Overriding database path with different value: C:\Users\monur\.stmcufinder\plugins\mcufinder/ => C:\Users\monur\.stmcufinder\plugins\mcufinder
2024-01-13 21:11:56,556 [INFO] ApiDb:250 - Set database path to: C:\Users\monur\.stmcufinder\plugins\mcufinder//mcu/
2024-01-13 21:11:56,556 [WARN] DbFile:41 - Overriding database path with different value: C:\Users\monur\.stmcufinder\plugins\mcufinder/ => C:\Users\monur\.stmcufinder\plugins\mcufinder
2024-01-13 21:11:56,556 [INFO] DbMcusAds:125 - Set database path to: C:\Users\monur\.stmcufinder\plugins\mcufinder//mcu/
2024-01-13 21:11:56,556 [WARN] DbFile:41 - Overriding database path with different value: C:\Users\monur\.stmcufinder\plugins\mcufinder/ => C:\Users\monur\.stmcufinder\plugins\mcufinder
2024-01-13 21:11:56,557 [WARN] DbFile:41 - Overriding database path with different value: C:\Users\monur\.stmcufinder\plugins\mcufinder/ => C:\Users\monur\.stmcufinder\plugins\mcufinder
2024-01-13 21:11:56,557 [INFO] CrossReferenceDbSqlite:203 - Set database path to: C:\Users\monur\.stmcufinder\plugins\mcufinder//mcu/cs/
2024-01-13 21:11:56,672 [INFO] MainPanel:264 - HeapMemory: 268435456
2024-01-13 21:11:56,781 [INFO] DbMcusXml:78 - Set database path to: C:\ST\STM32CubeIDE_1.14.0\STM32CubeIDE\plugins\com.st.stm32cube.common.mx_6.10.0.202311202037\\db\/mcu/
2024-01-13 21:11:56,781 [INFO] ApiDb:274 - Set plugin database path to: C:\ST\STM32CubeIDE_1.14.0\STM32CubeIDE\plugins\com.st.stm32cube.common.mx_6.10.0.202311202037\\db\/plugins/boardmanager/
2024-01-13 21:11:56,781 [INFO] ApiDb:261 - Set plugin images path to: C:\ST\STM32CubeIDE_1.14.0\STM32CubeIDE\plugins\com.st.stm32cube.common.mx_6.10.0.202311202037\\db\/plugins/mcufinder/images/
2024-01-13 21:11:56,782 [WARN] DbFile:41 - Overriding database path with different value: C:\Users\monur\.stmcufinder\plugins\mcufinder/ => C:\Users\monur\.stmcufinder\plugins\mcufinder
2024-01-13 21:11:56,782 [INFO] ApiDb:250 - Set database path to: C:\Users\monur\.stmcufinder\plugins\mcufinder//mcu/
2024-01-13 21:11:56,782 [WARN] DbFile:41 - Overriding database path with different value: C:\Users\monur\.stmcufinder\plugins\mcufinder/ => C:\Users\monur\.stmcufinder\plugins\mcufinder
2024-01-13 21:11:56,783 [INFO] DbMcusAds:125 - Set database path to: C:\Users\monur\.stmcufinder\plugins\mcufinder//mcu/
2024-01-13 21:11:56,783 [WARN] DbFile:41 - Overriding database path with different value: C:\Users\monur\.stmcufinder\plugins\mcufinder/ => C:\Users\monur\.stmcufinder\plugins\mcufinder
2024-01-13 21:11:56,783 [WARN] DbFile:41 - Overriding database path with different value: C:\Users\monur\.stmcufinder\plugins\mcufinder/ => C:\Users\monur\.stmcufinder\plugins\mcufinder
2024-01-13 21:11:56,783 [INFO] CrossReferenceDbSqlite:203 - Set database path to: C:\Users\monur\.stmcufinder\plugins\mcufinder//mcu/cs/
2024-01-13 21:11:56,810 [INFO] ApplicationProperties:184 - Using Application install path: C:\ST\STM32CubeIDE_1.14.0\STM32CubeIDE\plugins\com.st.stm32cube.common.mx_6.10.0.202311202037
2024-01-13 21:11:56,812 [INFO] PluginManage:196 - Search for loadable plugins [exclusion list=, ]
2024-01-13 21:11:56,814 [INFO] PluginManage:310 - Check plugin analytics
2024-01-13 21:11:57,095 [INFO] AnalyticsPlugin:253 - Accepted Software Licenses: 
2024-01-13 21:11:57,095 [INFO] AnalyticsPlugin:255 - Accepted CMSIS Pack Licenses: 
2024-01-13 21:11:57,096 [INFO] AnalyticsPlugin:257 - Accepted Firmware Licenses: 
2024-01-13 21:11:57,126 [INFO] PluginManage:359 - Loaded plugin analytics (category:tool,tabindex:-1)
2024-01-13 21:11:57,126 [INFO] PluginManage:310 - Check plugin cadmodel
2024-01-13 21:11:57,132 [INFO] CADModel:105 - Init CAD model plugin
2024-01-13 21:11:57,132 [INFO] PluginManage:359 - Loaded plugin cadmodel (category:power,tabindex:5)
2024-01-13 21:11:57,133 [INFO] PluginManage:310 - Check plugin clock
2024-01-13 21:11:57,148 [INFO] PluginManage:359 - Loaded plugin clock (category:base,tabindex:2)
2024-01-13 21:11:57,148 [INFO] PluginManage:310 - Check plugin ddr
2024-01-13 21:11:57,151 [INFO] PluginManage:359 - Loaded plugin ddr (category:tool,tabindex:6)
2024-01-13 21:11:57,152 [INFO] PluginManage:310 - Check plugin filemanager
2024-01-13 21:11:57,492 [INFO] PluginManage:359 - Loaded plugin filemanager (category:base,tabindex:10)
2024-01-13 21:11:57,492 [INFO] PluginManage:310 - Check plugin ipmanager
2024-01-13 21:11:57,504 [INFO] PluginManage:359 - Loaded plugin ipmanager (category:base,tabindex:5)
2024-01-13 21:11:57,504 [INFO] PluginManage:310 - Check plugin lpbam
2024-01-13 21:11:57,520 [INFO] PluginManage:359 - Loaded plugin lpbam (category:base,tabindex:0)
2024-01-13 21:11:57,520 [INFO] PluginManage:310 - Check plugin memorymap
2024-01-13 21:11:57,539 [INFO] PluginManage:359 - Loaded plugin memorymap (category:base,tabindex:4)
2024-01-13 21:11:57,539 [INFO] PluginManage:310 - Check plugin pinoutandconfiguration
2024-01-13 21:11:57,546 [INFO] PluginManage:359 - Loaded plugin pinoutandconfiguration (category:base,tabindex:1)
2024-01-13 21:11:57,546 [INFO] PluginManage:310 - Check plugin pinoutconfig
2024-01-13 21:11:57,697 [WARN] SupportedApi:132 - Cannot load RTOS API schema: s4s-elt-must-match.1: The content of 'definitions' must match (annotation?, (simpleType | complexType)?, (unique | key | keyref)*)). A problem was found starting at: attribute.
2024-01-13 21:11:58,092 [INFO] PluginManage:359 - Loaded plugin pinoutconfig (category:base,tabindex:0)
2024-01-13 21:11:58,092 [INFO] PluginManage:310 - Check plugin power
2024-01-13 21:11:58,102 [INFO] PluginManage:359 - Loaded plugin power (category:power,tabindex:4)
2024-01-13 21:11:58,102 [INFO] PluginManage:310 - Check plugin projectmanager
2024-01-13 21:11:58,128 [INFO] PluginManage:359 - Loaded plugin projectmanager (category:projectmanager,tabindex:3)
2024-01-13 21:11:58,129 [INFO] PluginManage:310 - Check plugin thirdparty
2024-01-13 21:11:58,348 [INFO] PluginManage:359 - Loaded plugin thirdparty (category:base,tabindex:-1)
2024-01-13 21:11:58,349 [INFO] PluginManage:310 - Check plugin tools
2024-01-13 21:11:58,353 [INFO] PluginManage:359 - Loaded plugin tools (category:base,tabindex:7)
2024-01-13 21:11:58,354 [INFO] PluginManage:310 - Check plugin tutovideos
2024-01-13 21:11:58,361 [WARN] IntegrityCheckThread:84 - waiting for thirdparty lock release [integrity check]
2024-01-13 21:11:58,361 [INFO] IntegrityCheckThread:86 - entering critical section [integrity check]
2024-01-13 21:11:58,368 [INFO] ThirdPartyUpdaterWithRetryManager:70 - Updater plugin not ready yet. [1/15]
2024-01-13 21:11:58,676 [INFO] PluginManage:359 - Loaded plugin tutovideos (category:base,tabindex:-1)
2024-01-13 21:11:58,676 [INFO] PluginManage:310 - Check plugin updater
2024-01-13 21:11:58,692 [INFO] PluginManage:359 - Loaded plugin updater (category:base,tabindex:12)
2024-01-13 21:11:58,692 [INFO] PluginManage:310 - Check plugin userauth
2024-01-13 21:11:58,701 [INFO] UserAuth:114 - Init User Auth plugin
2024-01-13 21:11:58,701 [INFO] PluginManage:359 - Loaded plugin userauth (category:base,tabindex:14)
2024-01-13 21:11:58,702 [INFO] PluginManage:283 - PluginManage : Loaded plugins [17]
2024-01-13 21:11:59,237 [INFO] PinOutPanel:1499 - setPackage(No Configuration,No Configuration)
2024-01-13 21:11:59,349 [INFO] CADModel:165 - CPN selected for project level
2024-01-13 21:11:59,349 [INFO] CADModel:114 - Register for checkConnection events
2024-01-13 21:11:59,372 [INFO] IPUIPlugin:80 - create IPUIPlugin
2024-01-13 21:11:59,372 [INFO] PluginManager:220 - loadIPPluginJar : add adc
2024-01-13 21:11:59,376 [INFO] IPUIPlugin:80 - create IPUIPlugin
2024-01-13 21:11:59,378 [INFO] PluginManager:220 - loadIPPluginJar : add aes
2024-01-13 21:11:59,381 [INFO] IPUIPlugin:80 - create IPUIPlugin
2024-01-13 21:11:59,381 [INFO] PluginManager:220 - loadIPPluginJar : add can
2024-01-13 21:11:59,383 [INFO] IPUIPlugin:80 - create IPUIPlugin
2024-01-13 21:11:59,383 [INFO] PluginManager:220 - loadIPPluginJar : add comp
2024-01-13 21:11:59,386 [INFO] IPUIPlugin:80 - create IPUIPlugin
2024-01-13 21:11:59,387 [INFO] PluginManager:220 - loadIPPluginJar : add cryp
2024-01-13 21:11:59,389 [INFO] IPUIPlugin:80 - create IPUIPlugin
2024-01-13 21:11:59,389 [INFO] PluginManager:220 - loadIPPluginJar : add dfsdm
2024-01-13 21:11:59,397 [INFO] IPUIPlugin:80 - create IPUIPlugin
2024-01-13 21:11:59,398 [INFO] PluginManager:220 - loadIPPluginJar : add dma
2024-01-13 21:11:59,402 [INFO] IPUIPlugin:80 - create IPUIPlugin
2024-01-13 21:11:59,402 [INFO] PluginManager:220 - loadIPPluginJar : add dma3
2024-01-13 21:11:59,404 [INFO] IPUIPlugin:80 - create IPUIPlugin
2024-01-13 21:11:59,404 [INFO] PluginManager:220 - loadIPPluginJar : add fatfs
2024-01-13 21:11:59,411 [INFO] IPUIPlugin:80 - create IPUIPlugin
2024-01-13 21:11:59,411 [INFO] PluginManager:220 - loadIPPluginJar : add fmc
2024-01-13 21:11:59,419 [INFO] IPUIPlugin:80 - create IPUIPlugin
2024-01-13 21:11:59,420 [INFO] PluginManager:220 - loadIPPluginJar : add freertos
2024-01-13 21:11:59,421 [INFO] IPUIPlugin:80 - create IPUIPlugin
2024-01-13 21:11:59,421 [INFO] PluginManager:220 - loadIPPluginJar : add genericplugin
2024-01-13 21:11:59,424 [INFO] IPUIPlugin:80 - create IPUIPlugin
2024-01-13 21:11:59,424 [INFO] PluginManager:220 - loadIPPluginJar : add gfxmmu
2024-01-13 21:11:59,430 [INFO] IPUIPlugin:80 - create IPUIPlugin
2024-01-13 21:11:59,430 [INFO] PluginManager:220 - loadIPPluginJar : add gic
2024-01-13 21:11:59,436 [INFO] IPUIPlugin:80 - create IPUIPlugin
2024-01-13 21:11:59,436 [INFO] PluginManager:220 - loadIPPluginJar : add gpio
2024-01-13 21:11:59,439 [INFO] IPUIPlugin:80 - create IPUIPlugin
2024-01-13 21:11:59,440 [INFO] PluginManager:220 - loadIPPluginJar : add gtzc
2024-01-13 21:11:59,442 [INFO] IPUIPlugin:80 - create IPUIPlugin
2024-01-13 21:11:59,443 [INFO] PluginManager:220 - loadIPPluginJar : add hash
2024-01-13 21:11:59,445 [INFO] IPUIPlugin:80 - create IPUIPlugin
2024-01-13 21:11:59,446 [INFO] PluginManager:220 - loadIPPluginJar : add i2c
2024-01-13 21:11:59,451 [INFO] IPUIPlugin:80 - create IPUIPlugin
2024-01-13 21:11:59,452 [INFO] PluginManager:220 - loadIPPluginJar : add i2s
2024-01-13 21:11:59,456 [INFO] IPUIPlugin:80 - create IPUIPlugin
2024-01-13 21:11:59,456 [INFO] PluginManager:220 - loadIPPluginJar : add i3c
2024-01-13 21:11:59,459 [INFO] IPUIPlugin:80 - create IPUIPlugin
2024-01-13 21:11:59,460 [INFO] PluginManager:220 - loadIPPluginJar : add ipddr
2024-01-13 21:11:59,468 [INFO] IPUIPlugin:80 - create IPUIPlugin
2024-01-13 21:11:59,469 [INFO] PluginManager:220 - loadIPPluginJar : add linkedlist
2024-01-13 21:11:59,473 [INFO] IPUIPlugin:80 - create IPUIPlugin
2024-01-13 21:11:59,473 [INFO] PluginManager:220 - loadIPPluginJar : add lorawan
2024-01-13 21:11:59,475 [INFO] IPUIPlugin:80 - create IPUIPlugin
2024-01-13 21:11:59,475 [INFO] PluginManager:220 - loadIPPluginJar : add ltdc
2024-01-13 21:11:59,486 [INFO] IPUIPlugin:80 - create IPUIPlugin
2024-01-13 21:11:59,486 [INFO] PluginManager:220 - loadIPPluginJar : add mdma
2024-01-13 21:11:59,493 [INFO] IPUIPlugin:80 - create IPUIPlugin
2024-01-13 21:11:59,493 [INFO] PluginManager:220 - loadIPPluginJar : add nvic
2024-01-13 21:11:59,497 [INFO] IPUIPlugin:80 - create IPUIPlugin
2024-01-13 21:11:59,497 [INFO] PluginManager:220 - loadIPPluginJar : add opamp
2024-01-13 21:11:59,502 [INFO] IPUIPlugin:80 - create IPUIPlugin
2024-01-13 21:11:59,502 [INFO] PluginManager:220 - loadIPPluginJar : add openamp
2024-01-13 21:11:59,508 [INFO] IPUIPlugin:80 - create IPUIPlugin
2024-01-13 21:11:59,509 [INFO] PluginManager:220 - loadIPPluginJar : add pdm2pcm
2024-01-13 21:11:59,519 [INFO] IPUIPlugin:80 - create IPUIPlugin
2024-01-13 21:11:59,525 [INFO] PluginManager:220 - loadIPPluginJar : add plateformsettings
2024-01-13 21:11:59,528 [INFO] IPUIPlugin:80 - create IPUIPlugin
2024-01-13 21:11:59,528 [INFO] PluginManager:220 - loadIPPluginJar : add quadspi
2024-01-13 21:11:59,533 [INFO] IPUIPlugin:80 - create IPUIPlugin
2024-01-13 21:11:59,533 [INFO] PluginManager:220 - loadIPPluginJar : add resmgrutility
2024-01-13 21:11:59,537 [INFO] IPUIPlugin:80 - create IPUIPlugin
2024-01-13 21:11:59,537 [INFO] PluginManager:220 - loadIPPluginJar : add sai
2024-01-13 21:11:59,542 [INFO] IPUIPlugin:80 - create IPUIPlugin
2024-01-13 21:11:59,543 [INFO] PluginManager:220 - loadIPPluginJar : add spi
2024-01-13 21:11:59,551 [INFO] IPUIPlugin:80 - create IPUIPlugin
2024-01-13 21:11:59,551 [INFO] PluginManager:220 - loadIPPluginJar : add stm32_wpan
2024-01-13 21:11:59,554 [INFO] IPUIPlugin:80 - create IPUIPlugin
2024-01-13 21:11:59,554 [INFO] PluginManager:220 - loadIPPluginJar : add tim
2024-01-13 21:11:59,562 [INFO] IPUIPlugin:80 - create IPUIPlugin
2024-01-13 21:11:59,563 [INFO] PluginManager:220 - loadIPPluginJar : add touchsensing
2024-01-13 21:11:59,566 [INFO] IPUIPlugin:80 - create IPUIPlugin
2024-01-13 21:11:59,566 [INFO] PluginManager:220 - loadIPPluginJar : add tracer_emb
2024-01-13 21:11:59,569 [INFO] IPUIPlugin:80 - create IPUIPlugin
2024-01-13 21:11:59,569 [INFO] PluginManager:220 - loadIPPluginJar : add ts
2024-01-13 21:11:59,572 [INFO] IPUIPlugin:80 - create IPUIPlugin
2024-01-13 21:11:59,572 [INFO] PluginManager:220 - loadIPPluginJar : add tsc
2024-01-13 21:11:59,577 [INFO] IPUIPlugin:80 - create IPUIPlugin
2024-01-13 21:11:59,577 [INFO] PluginManager:220 - loadIPPluginJar : add ucpd
2024-01-13 21:11:59,585 [INFO] IPUIPlugin:80 - create IPUIPlugin
2024-01-13 21:11:59,586 [INFO] PluginManager:220 - loadIPPluginJar : add usart
2024-01-13 21:11:59,593 [INFO] IPUIPlugin:80 - create IPUIPlugin
2024-01-13 21:11:59,593 [INFO] PluginManager:220 - loadIPPluginJar : add usbx
2024-01-13 21:11:59,786 [INFO] CADModel:165 - CPN selected for project level
2024-01-13 21:11:59,786 [INFO] CADModel:114 - Register for checkConnection events
2024-01-13 21:11:59,788 [FATAL] Updater:308 - Updater called before beeing initialized
2024-01-13 21:11:59,794 [ERROR] CADModel:125 - Updater not yet initialized, retry later 
2024-01-13 21:12:00,040 [INFO] CADModel:165 - CPN selected for project level
2024-01-13 21:12:00,041 [INFO] CADModel:114 - Register for checkConnection events
2024-01-13 21:12:00,041 [FATAL] Updater:308 - Updater called before beeing initialized
2024-01-13 21:12:00,041 [ERROR] CADModel:125 - Updater not yet initialized, retry later 
2024-01-13 21:12:00,048 [FATAL] Updater:308 - Updater called before beeing initialized
2024-01-13 21:12:00,282 [FATAL] Updater:308 - Updater called before beeing initialized
2024-01-13 21:12:00,286 [INFO] DbMcusAds:53 - JSON generation date=Wed Nov 29 13:52:27 TRT 2023 (1701255147349)
2024-01-13 21:12:00,287 [FATAL] Updater:308 - Updater called before beeing initialized
2024-01-13 21:12:00,329 [WARN] DetailPanel:346 - Failed to get advertising image, set to default
2024-01-13 21:12:00,456 [FATAL] Updater:308 - Updater called before beeing initialized
2024-01-13 21:12:00,458 [FATAL] Updater:308 - Updater called before beeing initialized
2024-01-13 21:12:00,458 [FATAL] Updater:308 - Updater called before beeing initialized
2024-01-13 21:12:00,458 [WARN] DetailPanel:346 - Failed to get advertising image, set to default
2024-01-13 21:12:00,460 [FATAL] Updater:308 - Updater called before beeing initialized
2024-01-13 21:12:00,558 [ERROR] Updater:1120 - MainUpdater not yet initialized. External WinMGr cannot be set.
2024-01-13 21:12:00,579 [INFO] Updater:1056 - Updater Version found : 6.10.0
2024-01-13 21:12:00,614 [INFO] ApplicationProperties:184 - Using Application install path: C:\ST\STM32CubeIDE_1.14.0\STM32CubeIDE\plugins\com.st.stm32cube.common.mx_6.10.0.202311202037
2024-01-13 21:12:01,369 [INFO] ThirdPartyUpdaterWithRetryManager:70 - Updater plugin not ready yet. [2/15]
2024-01-13 21:12:02,224 [ERROR] LogOutputStream:75 - [STDERR_REDIRECT] Jan 13, 2024 9:12:02 PM java.util.prefs.WindowsPreferences <init>
2024-01-13 21:12:02,229 [ERROR] LogOutputStream:75 - [STDERR_REDIRECT] WARNING: Could not open/create prefs root node Software\JavaSoft\Prefs at root 0xffffffff80000002. Windows RegCreateKeyEx(...) returned error code 5.
2024-01-13 21:12:02,230 [ERROR] LogOutputStream:75 - [STDERR_REDIRECT] 
2024-01-13 21:12:02,767 [INFO] MainUpdater:2873 - connection check result : 10
2024-01-13 21:12:02,768 [INFO] MainUpdater:290 - Updater Check For Update Now.
2024-01-13 21:12:02,769 [INFO] MicroXplorer:498 - Change Database Version : DB.6.0.100
2024-01-13 21:12:02,799 [INFO] McuFinderGlobals:63 - Set McuFinder mode to 2 (CubeIDE integrated)
2024-01-13 21:12:02,800 [INFO] UserAuth:180 - activating auth plugin
2024-01-13 21:12:02,804 [INFO] UserAuth:404 - Internet connection configuration mode: 1
2024-01-13 21:12:02,854 [INFO] JxBrowserEngine:152 - Initiate JxBrowser Engine with user profile folder
2024-01-13 21:12:03,130 [INFO] CheckServerUpdateThread:120 - End of CheckServer Thread
2024-01-13 21:12:05,003 [WARN] PackLoader:240 - Cannot read IP mode file for STMicroelectronics.X-CUBE-SMBUS.2.1.0
2024-01-13 21:12:05,040 [WARN] PackLoader:240 - Cannot read IP mode file for STMicroelectronics.X-CUBE-TOUCHGFX.4.23.0
2024-01-13 21:12:05,132 [WARN] PackLoader:240 - Cannot read IP mode file for STMicroelectronics.X-CUBE-AZRTOS-F7.1.1.0
2024-01-13 21:12:05,245 [WARN] PackLoader:240 - Cannot read IP mode file for STMicroelectronics.FP-SNS-MOTENV1.4.3.2
2024-01-13 21:12:05,272 [WARN] PackLoader:240 - Cannot read IP mode file for STMicroelectronics.FP-SNS-FLIGHT1.5.0.2
2024-01-13 21:12:05,311 [WARN] PackLoader:240 - Cannot read IP mode file for STMicroelectronics.X-CUBE-DISPLAY.3.0.0
2024-01-13 21:12:05,382 [WARN] PackLoader:240 - Cannot read IP mode file for STMicroelectronics.X-CUBE-BLE1.7.0.0
2024-01-13 21:12:05,415 [WARN] PackLoader:240 - Cannot read IP mode file for emotas.I-CUBE-CANOPEN.1.3.0
2024-01-13 21:12:05,458 [WARN] PackLoader:240 - Cannot read IP mode file for STMicroelectronics.FP-SNS-SMARTAG2.1.2.0
2024-01-13 21:12:05,520 [INFO] LogOutputStream:77 - [STDOUT_REDIRECT] 1 : Invalid condition id : UX_CORESTACK_Condition cause : null
2024-01-13 21:12:05,521 [INFO] LogOutputStream:77 - [STDOUT_REDIRECT] 1 : Invalid condition id : UX_CORESTACK_Condition cause : null
2024-01-13 21:12:05,524 [INFO] LogOutputStream:77 - [STDOUT_REDIRECT] 1 : Invalid condition id : UX_CORESTACK_Condition cause : null
2024-01-13 21:12:05,527 [INFO] LogOutputStream:77 - [STDOUT_REDIRECT] 1 : Invalid condition id : UX_CORESTACK_Condition cause : null
2024-01-13 21:12:05,530 [INFO] LogOutputStream:77 - [STDOUT_REDIRECT] 1 : Invalid condition id : UX_CORESTACK_Condition cause : null
2024-01-13 21:12:05,542 [WARN] PackLoader:240 - Cannot read IP mode file for STMicroelectronics.X-CUBE-AZRTOS-WL.2.0.0
2024-01-13 21:12:05,593 [WARN] PackLoader:240 - Cannot read IP mode file for WES.I-CUBE-Cesium.1.3.0
2024-01-13 21:12:05,620 [WARN] PackLoader:240 - Cannot read IP mode file for STMicroelectronics.X-CUBE-BLE2.3.3.0
2024-01-13 21:12:05,660 [WARN] PackLoader:240 - Cannot read IP mode file for STMicroelectronics.X-CUBE-ALGOBUILD.1.3.0
2024-01-13 21:12:05,746 [WARN] PackLoader:240 - Cannot read IP mode file for STMicroelectronics.X-CUBE-AZRTOS-G0.1.1.0
2024-01-13 21:12:05,820 [WARN] PackLoader:240 - Cannot read IP mode file for STMicroelectronics.X-CUBE-NFC4.3.0.0
2024-01-13 21:12:05,890 [WARN] PackLoader:240 - Cannot read IP mode file for STMicroelectronics.X-CUBE-BLEMGR.3.0.0
2024-01-13 21:12:05,919 [WARN] PackLoader:240 - Cannot read IP mode file for STMicroelectronics.FP-ATR-SIGFOX1.3.2.0
2024-01-13 21:12:06,016 [WARN] PackLoader:240 - Cannot read IP mode file for SEGGER.I-CUBE-embOS.1.3.1
2024-01-13 21:12:06,126 [WARN] PackLoader:240 - Cannot read IP mode file for STMicroelectronics.X-CUBE-GNSS1.6.0.0
2024-01-13 21:12:06,200 [WARN] PackLoader:240 - Cannot read IP mode file for STMicroelectronics.X-CUBE-AZRTOS-F4.1.1.0
2024-01-13 21:12:06,252 [WARN] PackLoader:240 - Cannot read IP mode file for wolfSSL.I-CUBE-wolfSSL.5.6.6
2024-01-13 21:12:06,393 [WARN] PackLoader:240 - Cannot read IP mode file for STMicroelectronics.X-CUBE-AZRTOS-L5.2.0.0
2024-01-13 21:12:06,428 [WARN] PackLoader:240 - Cannot read IP mode file for STMicroelectronics.X-CUBE-EEPRMA1.4.2.0
2024-01-13 21:12:06,455 [WARN] PackLoader:240 - Cannot read IP mode file for ITTIA_DB.I-CUBE-ITTIADB.8.8.0
2024-01-13 21:12:06,480 [WARN] PackLoader:240 - Cannot read IP mode file for STMicroelectronics.X-CUBE-NFC7.1.0.1
2024-01-13 21:12:06,520 [WARN] PackLoader:240 - Cannot read IP mode file for STMicroelectronics.X-CUBE-NFC6.3.0.0
2024-01-13 21:12:06,610 [WARN] PackLoader:240 - Cannot read IP mode file for STMicroelectronics.X-CUBE-AI.8.1.0
2024-01-13 21:12:06,816 [WARN] ConditionMgr:438 - getConditionDescription Invalid condition id : LAN8742 Phy interface Condition cause : null
2024-01-13 21:12:06,820 [WARN] PackLoader:240 - Cannot read IP mode file for STMicroelectronics.X-CUBE-AZRTOS-L4.2.0.0
2024-01-13 21:12:06,829 [WARN] ConditionMgr:1039 - genDependencies : Invalid condition id : LAN8742 Phy interface Condition cause : null
2024-01-13 21:12:06,830 [WARN] ConditionMgr:1039 - genDependencies : Invalid condition id : LAN8742 Phy interface Condition cause : null
2024-01-13 21:12:06,830 [WARN] ConditionMgr:1039 - genDependencies : Invalid condition id : LAN8742 Phy interface Condition cause : null
2024-01-13 21:12:06,895 [WARN] PackLoader:240 - Cannot read IP mode file for STMicroelectronics.X-CUBE-SFXS2LP1.4.0.0
2024-01-13 21:12:07,005 [WARN] ConditionMgr:438 - getConditionDescription Invalid condition id : UX DEVICE CLASS RTOS Condition cause : null
2024-01-13 21:12:07,005 [WARN] ConditionMgr:438 - getConditionDescription Invalid condition id : UX DEVICE CLASS RTOS Condition cause : null
2024-01-13 21:12:07,008 [WARN] PackLoader:240 - Cannot read IP mode file for STMicroelectronics.X-CUBE-AZRTOS-WB.2.0.0
2024-01-13 21:12:07,009 [WARN] ConditionMgr:1039 - genDependencies : Invalid condition id : UX DEVICE CLASS RTOS Condition cause : null
2024-01-13 21:12:07,009 [WARN] ConditionMgr:1039 - genDependencies : Invalid condition id : UX DEVICE CLASS RTOS Condition cause : null
2024-01-13 21:12:07,010 [WARN] ConditionMgr:1039 - genDependencies : Invalid condition id : UX DEVICE CLASS RTOS Condition cause : null
2024-01-13 21:12:07,011 [WARN] ConditionMgr:1039 - genDependencies : Invalid condition id : UX DEVICE CLASS RTOS Condition cause : null
2024-01-13 21:12:07,012 [WARN] ConditionMgr:1039 - genDependencies : Invalid condition id : UX DEVICE CLASS RTOS Condition cause : null
2024-01-13 21:12:07,067 [WARN] PackLoader:240 - Cannot read IP mode file for STMicroelectronics.X-CUBE-SUBG2.5.0.0
2024-01-13 21:12:07,136 [WARN] PackLoader:240 - Cannot read IP mode file for STMicroelectronics.X-CUBE-AZRTOS-G4.2.0.0
2024-01-13 21:12:07,175 [WARN] PackLoader:240 - Cannot read IP mode file for Infineon.AIROC-Wi-Fi-Bluetooth-STM32.1.5.1
2024-01-13 21:12:07,211 [WARN] PackLoader:240 - Cannot read IP mode file for STMicroelectronics.FP-SNS-MOTENVWB1.1.3.1
2024-01-13 21:12:07,235 [WARN] PackLoader:240 - Cannot read IP mode file for STMicroelectronics.X-CUBE-ISPU.2.0.0
2024-01-13 21:12:07,458 [WARN] PackLoader:240 - Cannot read IP mode file for STMicroelectronics.X-CUBE-MEMS1.10.0.0
2024-01-13 21:12:08,187 [WARN] PackLoader:240 - Cannot read IP mode file for STMicroelectronics.X-CUBE-FREERTOS.1.1.0
2024-01-13 21:12:08,212 [WARN] PackLoader:240 - Cannot read IP mode file for portGmbH.I-Cube-SoM-uGOAL.1.1.0
2024-01-13 21:12:08,236 [WARN] PackLoader:240 - Cannot read IP mode file for STMicroelectronics.X-CUBE-ALS.1.0.1
2024-01-13 21:12:08,255 [WARN] PackLoader:240 - Cannot read IP mode file for STMicroelectronics.FP-ATR-ASTRA1.2.0.0
2024-01-13 21:12:08,290 [WARN] PackLoader:240 - Cannot read IP mode file for STMicroelectronics.X-CUBE-TOF1.3.4.0
2024-01-13 21:12:08,355 [WARN] PackLoader:240 - Cannot read IP mode file for STMicroelectronics.X-CUBE-AZRTOS-H7.3.2.0
2024-01-13 21:12:08,359 [INFO] ThirdParty:978 - Integrity check success = true
2024-01-13 21:12:08,359 [INFO] IntegrityCheckThread:100 - exiting critical section [integrity check]
2024-01-13 21:12:08,359 [INFO] IntegrityCheckThread:103 - End integrity checks thread
2024-01-13 21:12:10,745 [INFO] WebApp:161 - Instantiating new browser for Auth
2024-01-13 21:12:11,917 [INFO] WebApp:780 - Register for checkConnection events
2024-01-13 21:12:11,917 [INFO] WebApp:414 - Apply proxy settings
2024-01-13 21:12:11,918 [INFO] WebApp:499 - Chromium requires no authentication
2024-01-13 21:12:11,930 [INFO] WebApp:442 - Direct internet connection detected
2024-01-13 21:12:12,186 [INFO] WebApp:192 - Starting web application
2024-01-13 21:12:12,186 [INFO] WebApp:544 - Web application path used C:\ST\STM32CubeIDE_1.14.0\STM32CubeIDE\plugins\com.st.stm32cube.common.mx_6.10.0.202311202037\db\plugins\mcufinder\reactClient1\index.html
2024-01-13 21:12:33,722 [ERROR] LogOutputStream:75 - [STDERR_REDIRECT] SLF4J: Failed to load class "org.slf4j.impl.StaticLoggerBinder".
2024-01-13 21:12:33,725 [ERROR] LogOutputStream:75 - [STDERR_REDIRECT] SLF4J: Defaulting to no-operation (NOP) logger implementation
2024-01-13 21:12:33,728 [ERROR] LogOutputStream:75 - [STDERR_REDIRECT] SLF4J: See http://www.slf4j.org/codes.html#StaticLoggerBinder for further details.
