2024-01-12 19:57:28,628 [INFO] Activator:176 - 


2024-01-12 19:57:28,657 [INFO] Activator:177 - !SESSION log4j initialized
2024-01-12 19:57:38,792 [INFO] LogOutputStream:77 - [STDOUT_REDIRECT] 
2024-01-12 19:57:43,919 [INFO] ApplicationProperties:184 - Using Application install path: C:\ST\STM32CubeIDE_1.14.0\STM32CubeIDE\plugins\com.st.stm32cube.common.mx_6.10.0.202311202037
2024-01-12 19:57:43,945 [INFO] DbMcusXml:78 - Set database path to: C:\ST\STM32CubeIDE_1.14.0\STM32CubeIDE\plugins\com.st.stm32cube.common.mx_6.10.0.202311202037\\db\/mcu/
2024-01-12 19:57:43,946 [INFO] ApiDb:274 - Set plugin database path to: C:\ST\STM32CubeIDE_1.14.0\STM32CubeIDE\plugins\com.st.stm32cube.common.mx_6.10.0.202311202037\\db\/plugins/boardmanager/
2024-01-12 19:57:43,954 [WARN] ApiDb:259 - Overriding images path with different value:  => C:\ST\STM32CubeIDE_1.14.0\STM32CubeIDE\plugins\com.st.stm32cube.common.mx_6.10.0.202311202037\\db\/plugins/mcufinder/images/
2024-01-12 19:57:44,089 [WARN] ApiFinderProperties:113 - C:\Users\monur\.stmcufinder\plugins\mcufinder\mcu\mcuFinder.mfd doesn't exist
2024-01-12 19:57:44,090 [INFO] ApiDb:250 - Set database path to: C:\Users\monur\.stmcufinder\plugins\mcufinder//mcu/
2024-01-12 19:57:44,092 [INFO] DbMcusAds:125 - Set database path to: C:\Users\monur\.stmcufinder\plugins\mcufinder//mcu/
2024-01-12 19:57:44,094 [INFO] CrossReferenceDbSqlite:203 - Set database path to: C:\Users\monur\.stmcufinder\plugins\mcufinder//mcu/cs/
2024-01-12 19:57:44,262 [INFO] RulesReader:64 - Compatibility file has been processed (297 Rules)
2024-01-12 19:57:44,388 [INFO] DbMcusXml:78 - Set database path to: C:\ST\STM32CubeIDE_1.14.0\STM32CubeIDE\plugins\com.st.stm32cube.common.mx_6.10.0.202311202037\\db\/mcu/
2024-01-12 19:57:44,389 [INFO] ApiDb:274 - Set plugin database path to: C:\ST\STM32CubeIDE_1.14.0\STM32CubeIDE\plugins\com.st.stm32cube.common.mx_6.10.0.202311202037\\db\/plugins/boardmanager/
2024-01-12 19:57:44,389 [INFO] ApiDb:261 - Set plugin images path to: C:\ST\STM32CubeIDE_1.14.0\STM32CubeIDE\plugins\com.st.stm32cube.common.mx_6.10.0.202311202037\\db\/plugins/mcufinder/images/
2024-01-12 19:57:44,390 [WARN] DbFile:41 - Overriding database path with different value: C:\Users\monur\.stmcufinder\plugins\mcufinder/ => C:\Users\monur\.stmcufinder\plugins\mcufinder
2024-01-12 19:57:44,390 [INFO] ApiDb:250 - Set database path to: C:\Users\monur\.stmcufinder\plugins\mcufinder//mcu/
2024-01-12 19:57:44,390 [WARN] DbFile:41 - Overriding database path with different value: C:\Users\monur\.stmcufinder\plugins\mcufinder/ => C:\Users\monur\.stmcufinder\plugins\mcufinder
2024-01-12 19:57:44,390 [INFO] DbMcusAds:125 - Set database path to: C:\Users\monur\.stmcufinder\plugins\mcufinder//mcu/
2024-01-12 19:57:44,390 [WARN] DbFile:41 - Overriding database path with different value: C:\Users\monur\.stmcufinder\plugins\mcufinder/ => C:\Users\monur\.stmcufinder\plugins\mcufinder
2024-01-12 19:57:44,391 [WARN] DbFile:41 - Overriding database path with different value: C:\Users\monur\.stmcufinder\plugins\mcufinder/ => C:\Users\monur\.stmcufinder\plugins\mcufinder
2024-01-12 19:57:44,391 [INFO] CrossReferenceDbSqlite:203 - Set database path to: C:\Users\monur\.stmcufinder\plugins\mcufinder//mcu/cs/
2024-01-12 19:57:44,532 [INFO] MainPanel:264 - HeapMemory: 268435456
2024-01-12 19:57:44,710 [INFO] DbMcusXml:78 - Set database path to: C:\ST\STM32CubeIDE_1.14.0\STM32CubeIDE\plugins\com.st.stm32cube.common.mx_6.10.0.202311202037\\db\/mcu/
2024-01-12 19:57:44,710 [INFO] ApiDb:274 - Set plugin database path to: C:\ST\STM32CubeIDE_1.14.0\STM32CubeIDE\plugins\com.st.stm32cube.common.mx_6.10.0.202311202037\\db\/plugins/boardmanager/
2024-01-12 19:57:44,710 [INFO] ApiDb:261 - Set plugin images path to: C:\ST\STM32CubeIDE_1.14.0\STM32CubeIDE\plugins\com.st.stm32cube.common.mx_6.10.0.202311202037\\db\/plugins/mcufinder/images/
2024-01-12 19:57:44,711 [WARN] DbFile:41 - Overriding database path with different value: C:\Users\monur\.stmcufinder\plugins\mcufinder/ => C:\Users\monur\.stmcufinder\plugins\mcufinder
2024-01-12 19:57:44,711 [INFO] ApiDb:250 - Set database path to: C:\Users\monur\.stmcufinder\plugins\mcufinder//mcu/
2024-01-12 19:57:44,726 [WARN] DbFile:41 - Overriding database path with different value: C:\Users\monur\.stmcufinder\plugins\mcufinder/ => C:\Users\monur\.stmcufinder\plugins\mcufinder
2024-01-12 19:57:44,727 [INFO] DbMcusAds:125 - Set database path to: C:\Users\monur\.stmcufinder\plugins\mcufinder//mcu/
2024-01-12 19:57:44,727 [WARN] DbFile:41 - Overriding database path with different value: C:\Users\monur\.stmcufinder\plugins\mcufinder/ => C:\Users\monur\.stmcufinder\plugins\mcufinder
2024-01-12 19:57:44,727 [WARN] DbFile:41 - Overriding database path with different value: C:\Users\monur\.stmcufinder\plugins\mcufinder/ => C:\Users\monur\.stmcufinder\plugins\mcufinder
2024-01-12 19:57:44,727 [INFO] CrossReferenceDbSqlite:203 - Set database path to: C:\Users\monur\.stmcufinder\plugins\mcufinder//mcu/cs/
2024-01-12 19:57:44,758 [INFO] ApplicationProperties:184 - Using Application install path: C:\ST\STM32CubeIDE_1.14.0\STM32CubeIDE\plugins\com.st.stm32cube.common.mx_6.10.0.202311202037
2024-01-12 19:57:44,760 [INFO] PluginManage:196 - Search for loadable plugins [exclusion list=, ]
2024-01-12 19:57:44,762 [INFO] PluginManage:310 - Check plugin analytics
2024-01-12 19:57:45,120 [INFO] AnalyticsPlugin:253 - Accepted Software Licenses: 
2024-01-12 19:57:45,121 [INFO] AnalyticsPlugin:255 - Accepted CMSIS Pack Licenses: 
2024-01-12 19:57:45,121 [INFO] AnalyticsPlugin:257 - Accepted Firmware Licenses: 
2024-01-12 19:57:45,132 [INFO] PluginManage:359 - Loaded plugin analytics (category:tool,tabindex:-1)
2024-01-12 19:57:45,134 [INFO] PluginManage:310 - Check plugin cadmodel
2024-01-12 19:57:45,165 [INFO] CADModel:105 - Init CAD model plugin
2024-01-12 19:57:45,166 [INFO] PluginManage:359 - Loaded plugin cadmodel (category:power,tabindex:5)
2024-01-12 19:57:45,166 [INFO] PluginManage:310 - Check plugin clock
2024-01-12 19:57:45,220 [INFO] PluginManage:359 - Loaded plugin clock (category:base,tabindex:2)
2024-01-12 19:57:45,221 [INFO] PluginManage:310 - Check plugin ddr
2024-01-12 19:57:45,228 [INFO] PluginManage:359 - Loaded plugin ddr (category:tool,tabindex:6)
2024-01-12 19:57:45,229 [INFO] PluginManage:310 - Check plugin filemanager
2024-01-12 19:57:45,491 [INFO] PluginManage:359 - Loaded plugin filemanager (category:base,tabindex:10)
2024-01-12 19:57:45,492 [INFO] PluginManage:310 - Check plugin ipmanager
2024-01-12 19:57:45,508 [INFO] PluginManage:359 - Loaded plugin ipmanager (category:base,tabindex:5)
2024-01-12 19:57:45,508 [INFO] PluginManage:310 - Check plugin lpbam
2024-01-12 19:57:45,539 [INFO] PluginManage:359 - Loaded plugin lpbam (category:base,tabindex:0)
2024-01-12 19:57:45,540 [INFO] PluginManage:310 - Check plugin memorymap
2024-01-12 19:57:45,584 [INFO] PluginManage:359 - Loaded plugin memorymap (category:base,tabindex:4)
2024-01-12 19:57:45,584 [INFO] PluginManage:310 - Check plugin pinoutandconfiguration
2024-01-12 19:57:45,622 [INFO] PluginManage:359 - Loaded plugin pinoutandconfiguration (category:base,tabindex:1)
2024-01-12 19:57:45,622 [INFO] PluginManage:310 - Check plugin pinoutconfig
2024-01-12 19:57:45,800 [WARN] SupportedApi:132 - Cannot load RTOS API schema: s4s-elt-must-match.1: The content of 'definitions' must match (annotation?, (simpleType | complexType)?, (unique | key | keyref)*)). A problem was found starting at: attribute.
2024-01-12 19:57:46,069 [INFO] PluginManage:359 - Loaded plugin pinoutconfig (category:base,tabindex:0)
2024-01-12 19:57:46,069 [INFO] PluginManage:310 - Check plugin power
2024-01-12 19:57:46,116 [INFO] PluginManage:359 - Loaded plugin power (category:power,tabindex:4)
2024-01-12 19:57:46,116 [INFO] PluginManage:310 - Check plugin projectmanager
2024-01-12 19:57:46,162 [INFO] PluginManage:359 - Loaded plugin projectmanager (category:projectmanager,tabindex:3)
2024-01-12 19:57:46,162 [INFO] PluginManage:310 - Check plugin thirdparty
2024-01-12 19:57:46,949 [INFO] PluginManage:359 - Loaded plugin thirdparty (category:base,tabindex:-1)
2024-01-12 19:57:46,979 [INFO] PluginManage:310 - Check plugin tools
2024-01-12 19:57:46,950 [WARN] IntegrityCheckThread:84 - waiting for thirdparty lock release [integrity check]
2024-01-12 19:57:46,981 [INFO] IntegrityCheckThread:86 - entering critical section [integrity check]
2024-01-12 19:57:46,982 [INFO] ThirdPartyUpdaterWithRetryManager:70 - Updater plugin not ready yet. [1/15]
2024-01-12 19:57:47,127 [INFO] PluginManage:359 - Loaded plugin tools (category:base,tabindex:7)
2024-01-12 19:57:47,127 [INFO] PluginManage:310 - Check plugin tutovideos
2024-01-12 19:57:47,699 [INFO] PluginManage:359 - Loaded plugin tutovideos (category:base,tabindex:-1)
2024-01-12 19:57:47,700 [INFO] PluginManage:310 - Check plugin updater
2024-01-12 19:57:47,734 [INFO] PluginManage:359 - Loaded plugin updater (category:base,tabindex:12)
2024-01-12 19:57:47,735 [INFO] PluginManage:310 - Check plugin userauth
2024-01-12 19:57:47,747 [INFO] UserAuth:114 - Init User Auth plugin
2024-01-12 19:57:47,748 [INFO] PluginManage:359 - Loaded plugin userauth (category:base,tabindex:14)
2024-01-12 19:57:47,749 [INFO] PluginManage:283 - PluginManage : Loaded plugins [17]
2024-01-12 19:57:48,820 [INFO] PinOutPanel:1499 - setPackage(No Configuration,No Configuration)
2024-01-12 19:57:49,117 [INFO] CADModel:165 - CPN selected for project level
2024-01-12 19:57:49,118 [INFO] CADModel:114 - Register for checkConnection events
2024-01-12 19:57:49,394 [INFO] IPUIPlugin:80 - create IPUIPlugin
2024-01-12 19:57:49,395 [INFO] PluginManager:220 - loadIPPluginJar : add adc
2024-01-12 19:57:49,642 [INFO] IPUIPlugin:80 - create IPUIPlugin
2024-01-12 19:57:49,642 [INFO] PluginManager:220 - loadIPPluginJar : add aes
2024-01-12 19:57:49,730 [INFO] IPUIPlugin:80 - create IPUIPlugin
2024-01-12 19:57:49,730 [INFO] PluginManager:220 - loadIPPluginJar : add can
2024-01-12 19:57:49,768 [INFO] IPUIPlugin:80 - create IPUIPlugin
2024-01-12 19:57:49,768 [INFO] PluginManager:220 - loadIPPluginJar : add comp
2024-01-12 19:57:49,825 [INFO] IPUIPlugin:80 - create IPUIPlugin
2024-01-12 19:57:49,825 [INFO] PluginManager:220 - loadIPPluginJar : add cryp
2024-01-12 19:57:49,871 [INFO] IPUIPlugin:80 - create IPUIPlugin
2024-01-12 19:57:49,871 [INFO] PluginManager:220 - loadIPPluginJar : add dfsdm
2024-01-12 19:57:49,897 [INFO] IPUIPlugin:80 - create IPUIPlugin
2024-01-12 19:57:49,898 [INFO] PluginManager:220 - loadIPPluginJar : add dma
2024-01-12 19:57:49,970 [INFO] IPUIPlugin:80 - create IPUIPlugin
2024-01-12 19:57:49,970 [INFO] PluginManager:220 - loadIPPluginJar : add dma3
2024-01-12 19:57:49,984 [INFO] ThirdPartyUpdaterWithRetryManager:70 - Updater plugin not ready yet. [2/15]
2024-01-12 19:57:50,014 [INFO] IPUIPlugin:80 - create IPUIPlugin
2024-01-12 19:57:50,014 [INFO] PluginManager:220 - loadIPPluginJar : add fatfs
2024-01-12 19:57:50,091 [INFO] IPUIPlugin:80 - create IPUIPlugin
2024-01-12 19:57:50,092 [INFO] PluginManager:220 - loadIPPluginJar : add fmc
2024-01-12 19:57:50,118 [INFO] IPUIPlugin:80 - create IPUIPlugin
2024-01-12 19:57:50,118 [INFO] PluginManager:220 - loadIPPluginJar : add freertos
2024-01-12 19:57:50,148 [INFO] IPUIPlugin:80 - create IPUIPlugin
2024-01-12 19:57:50,148 [INFO] PluginManager:220 - loadIPPluginJar : add genericplugin
2024-01-12 19:57:50,331 [INFO] IPUIPlugin:80 - create IPUIPlugin
2024-01-12 19:57:50,331 [INFO] PluginManager:220 - loadIPPluginJar : add gfxmmu
2024-01-12 19:57:50,579 [INFO] IPUIPlugin:80 - create IPUIPlugin
2024-01-12 19:57:50,580 [INFO] PluginManager:220 - loadIPPluginJar : add gic
2024-01-12 19:57:50,601 [INFO] IPUIPlugin:80 - create IPUIPlugin
2024-01-12 19:57:50,601 [INFO] PluginManager:220 - loadIPPluginJar : add gpio
2024-01-12 19:57:50,728 [INFO] IPUIPlugin:80 - create IPUIPlugin
2024-01-12 19:57:50,728 [INFO] PluginManager:220 - loadIPPluginJar : add gtzc
2024-01-12 19:57:50,772 [INFO] IPUIPlugin:80 - create IPUIPlugin
2024-01-12 19:57:50,772 [INFO] PluginManager:220 - loadIPPluginJar : add hash
2024-01-12 19:57:50,846 [INFO] IPUIPlugin:80 - create IPUIPlugin
2024-01-12 19:57:50,846 [INFO] PluginManager:220 - loadIPPluginJar : add i2c
2024-01-12 19:57:50,921 [INFO] IPUIPlugin:80 - create IPUIPlugin
2024-01-12 19:57:50,921 [INFO] PluginManager:220 - loadIPPluginJar : add i2s
2024-01-12 19:57:50,983 [INFO] IPUIPlugin:80 - create IPUIPlugin
2024-01-12 19:57:50,983 [INFO] PluginManager:220 - loadIPPluginJar : add i3c
2024-01-12 19:57:51,126 [INFO] IPUIPlugin:80 - create IPUIPlugin
2024-01-12 19:57:51,127 [INFO] PluginManager:220 - loadIPPluginJar : add ipddr
2024-01-12 19:57:51,250 [INFO] IPUIPlugin:80 - create IPUIPlugin
2024-01-12 19:57:51,251 [INFO] PluginManager:220 - loadIPPluginJar : add linkedlist
2024-01-12 19:57:51,303 [INFO] IPUIPlugin:80 - create IPUIPlugin
2024-01-12 19:57:51,303 [INFO] PluginManager:220 - loadIPPluginJar : add lorawan
2024-01-12 19:57:51,356 [INFO] IPUIPlugin:80 - create IPUIPlugin
2024-01-12 19:57:51,356 [INFO] PluginManager:220 - loadIPPluginJar : add ltdc
2024-01-12 19:57:51,379 [INFO] IPUIPlugin:80 - create IPUIPlugin
2024-01-12 19:57:51,380 [INFO] PluginManager:220 - loadIPPluginJar : add mdma
2024-01-12 19:57:51,401 [INFO] IPUIPlugin:80 - create IPUIPlugin
2024-01-12 19:57:51,401 [INFO] PluginManager:220 - loadIPPluginJar : add nvic
2024-01-12 19:57:51,454 [INFO] IPUIPlugin:80 - create IPUIPlugin
2024-01-12 19:57:51,454 [INFO] PluginManager:220 - loadIPPluginJar : add opamp
2024-01-12 19:57:51,547 [INFO] IPUIPlugin:80 - create IPUIPlugin
2024-01-12 19:57:51,547 [INFO] PluginManager:220 - loadIPPluginJar : add openamp
2024-01-12 19:57:51,615 [INFO] IPUIPlugin:80 - create IPUIPlugin
2024-01-12 19:57:51,615 [INFO] PluginManager:220 - loadIPPluginJar : add pdm2pcm
2024-01-12 19:57:51,637 [INFO] IPUIPlugin:80 - create IPUIPlugin
2024-01-12 19:57:51,640 [INFO] PluginManager:220 - loadIPPluginJar : add plateformsettings
2024-01-12 19:57:51,671 [INFO] IPUIPlugin:80 - create IPUIPlugin
2024-01-12 19:57:51,671 [INFO] PluginManager:220 - loadIPPluginJar : add quadspi
2024-01-12 19:57:51,688 [INFO] IPUIPlugin:80 - create IPUIPlugin
2024-01-12 19:57:51,689 [INFO] PluginManager:220 - loadIPPluginJar : add resmgrutility
2024-01-12 19:57:51,762 [INFO] IPUIPlugin:80 - create IPUIPlugin
2024-01-12 19:57:51,762 [INFO] PluginManager:220 - loadIPPluginJar : add sai
2024-01-12 19:57:51,828 [INFO] IPUIPlugin:80 - create IPUIPlugin
2024-01-12 19:57:51,828 [INFO] PluginManager:220 - loadIPPluginJar : add spi
2024-01-12 19:57:51,928 [INFO] IPUIPlugin:80 - create IPUIPlugin
2024-01-12 19:57:51,928 [INFO] PluginManager:220 - loadIPPluginJar : add stm32_wpan
2024-01-12 19:57:51,956 [INFO] IPUIPlugin:80 - create IPUIPlugin
2024-01-12 19:57:51,956 [INFO] PluginManager:220 - loadIPPluginJar : add tim
2024-01-12 19:57:52,026 [INFO] IPUIPlugin:80 - create IPUIPlugin
2024-01-12 19:57:52,026 [INFO] PluginManager:220 - loadIPPluginJar : add touchsensing
2024-01-12 19:57:52,054 [INFO] IPUIPlugin:80 - create IPUIPlugin
2024-01-12 19:57:52,054 [INFO] PluginManager:220 - loadIPPluginJar : add tracer_emb
2024-01-12 19:57:52,082 [INFO] IPUIPlugin:80 - create IPUIPlugin
2024-01-12 19:57:52,082 [INFO] PluginManager:220 - loadIPPluginJar : add ts
2024-01-12 19:57:52,110 [INFO] IPUIPlugin:80 - create IPUIPlugin
2024-01-12 19:57:52,110 [INFO] PluginManager:220 - loadIPPluginJar : add tsc
2024-01-12 19:57:52,138 [INFO] IPUIPlugin:80 - create IPUIPlugin
2024-01-12 19:57:52,138 [INFO] PluginManager:220 - loadIPPluginJar : add ucpd
2024-01-12 19:57:52,195 [INFO] IPUIPlugin:80 - create IPUIPlugin
2024-01-12 19:57:52,196 [INFO] PluginManager:220 - loadIPPluginJar : add usart
2024-01-12 19:57:52,255 [INFO] IPUIPlugin:80 - create IPUIPlugin
2024-01-12 19:57:52,255 [INFO] PluginManager:220 - loadIPPluginJar : add usbx
2024-01-12 19:57:52,434 [INFO] CADModel:165 - CPN selected for project level
2024-01-12 19:57:52,435 [INFO] CADModel:114 - Register for checkConnection events
2024-01-12 19:57:52,435 [FATAL] Updater:308 - Updater called before beeing initialized
2024-01-12 19:57:52,436 [ERROR] CADModel:125 - Updater not yet initialized, retry later 
2024-01-12 19:57:52,634 [INFO] CADModel:165 - CPN selected for project level
2024-01-12 19:57:52,658 [INFO] CADModel:114 - Register for checkConnection events
2024-01-12 19:57:52,658 [FATAL] Updater:308 - Updater called before beeing initialized
2024-01-12 19:57:52,658 [ERROR] CADModel:125 - Updater not yet initialized, retry later 
2024-01-12 19:57:52,662 [FATAL] Updater:308 - Updater called before beeing initialized
2024-01-12 19:57:52,845 [FATAL] Updater:308 - Updater called before beeing initialized
2024-01-12 19:57:52,850 [INFO] DbMcusAds:53 - JSON generation date=Thu Sep 30 09:55:09 TRT 2021 (1632984909247)
2024-01-12 19:57:52,850 [FATAL] Updater:308 - Updater called before beeing initialized
2024-01-12 19:57:52,952 [WARN] DetailPanel:346 - Failed to get advertising image, set to default
2024-01-12 19:57:52,986 [INFO] ThirdPartyUpdaterWithRetryManager:70 - Updater plugin not ready yet. [3/15]
2024-01-12 19:57:53,074 [FATAL] Updater:308 - Updater called before beeing initialized
2024-01-12 19:57:53,077 [FATAL] Updater:308 - Updater called before beeing initialized
2024-01-12 19:57:53,078 [FATAL] Updater:308 - Updater called before beeing initialized
2024-01-12 19:57:53,078 [WARN] DetailPanel:346 - Failed to get advertising image, set to default
2024-01-12 19:57:53,079 [FATAL] Updater:308 - Updater called before beeing initialized
2024-01-12 19:57:53,180 [ERROR] Updater:1120 - MainUpdater not yet initialized. External WinMGr cannot be set.
2024-01-12 19:57:53,201 [INFO] Updater:1056 - Updater Version found : 6.10.0
2024-01-12 19:57:53,229 [INFO] ApplicationProperties:184 - Using Application install path: C:\ST\STM32CubeIDE_1.14.0\STM32CubeIDE\plugins\com.st.stm32cube.common.mx_6.10.0.202311202037
2024-01-12 19:57:54,832 [ERROR] LogOutputStream:75 - [STDERR_REDIRECT] Jan 12, 2024 7:57:54 PM java.util.prefs.WindowsPreferences <init>
2024-01-12 19:57:54,836 [ERROR] LogOutputStream:75 - [STDERR_REDIRECT] WARNING: Could not open/create prefs root node Software\JavaSoft\Prefs at root 0xffffffff80000002. Windows RegCreateKeyEx(...) returned error code 5.
2024-01-12 19:57:54,837 [ERROR] LogOutputStream:75 - [STDERR_REDIRECT] 
2024-01-12 19:57:54,965 [INFO] MainUpdater:526 - Copy updater definitions from MX database
2024-01-12 19:57:55,085 [INFO] MainUpdater:559 - Copy flag file definitions from MX database
2024-01-12 19:57:55,090 [INFO] MainUpdater:575 - Copy thirdparty index definitions from MX database
2024-01-12 19:57:55,103 [INFO] MainUpdater:594 - Copy default thirdparty db definitions from MX database
2024-01-12 19:57:55,833 [INFO] MainUpdater:2873 - connection check result : 10
2024-01-12 19:57:55,834 [INFO] MainUpdater:3567 - Updater definition file requires update
2024-01-12 19:57:55,835 [INFO] MainUpdater:290 - Updater Check For Update Now.
2024-01-12 19:57:55,836 [INFO] MicroXplorer:498 - Change Database Version : DB.6.0.100
2024-01-12 19:57:55,869 [INFO] McuFinderGlobals:63 - Set McuFinder mode to 2 (CubeIDE integrated)
2024-01-12 19:57:55,870 [INFO] UserAuth:180 - activating auth plugin
2024-01-12 19:57:55,876 [INFO] UserAuth:404 - Internet connection configuration mode: 1
2024-01-12 19:57:55,951 [INFO] JxBrowserEngine:152 - Initiate JxBrowser Engine with user profile folder
2024-01-12 19:57:55,987 [WARN] MainUpdater:1194 - Updater busy. Cannot search thirdparties
2024-01-12 19:57:55,987 [INFO] ThirdPartyUpdaterWithRetryManager:96 - Updater plugin is busy. [1/15]
2024-01-12 19:57:56,052 [INFO] ServerAccessManage:473 - Download File updaters.zip
2024-01-12 19:57:56,641 [INFO] FileExtend:240 - Unzip File : updaters.zip
2024-01-12 19:57:56,643 [INFO] FileExtend:255 - Standard Zip Deflate
2024-01-12 19:57:57,689 [INFO] ServerAccessManage:473 - Download File PacksControlFlags.xml
2024-01-12 19:57:58,176 [INFO] ServerAccessManage:473 - Download File cubemx.pidx
2024-01-12 19:57:58,622 [INFO] ServerAccessManage:473 - Download File STMicroelectronics.FP-ATR-ASTRA1.pdsc
2024-01-12 19:57:58,989 [WARN] MainUpdater:1194 - Updater busy. Cannot search thirdparties
2024-01-12 19:57:58,990 [INFO] ThirdPartyUpdaterWithRetryManager:96 - Updater plugin is busy. [2/15]
2024-01-12 19:57:59,459 [INFO] ServerAccessManage:473 - Download File STMicroelectronics.FP-ATR-SIGFOX1.pdsc
2024-01-12 19:57:59,777 [INFO] ServerAccessManage:473 - Download File STMicroelectronics.FP-SNS-FLIGHT1.pdsc
2024-01-12 19:58:00,469 [INFO] ServerAccessManage:473 - Download File STMicroelectronics.FP-SNS-MOTENV1.pdsc
2024-01-12 19:58:01,184 [INFO] ServerAccessManage:473 - Download File STMicroelectronics.FP-SNS-MOTENVWB1.pdsc
2024-01-12 19:58:01,613 [INFO] ServerAccessManage:473 - Download File STMicroelectronics.FP-SNS-SMARTAG2.pdsc
2024-01-12 19:58:02,008 [INFO] ServerAccessManage:473 - Download File STMicroelectronics.X-CUBE-AI.pdsc
2024-01-12 19:58:02,039 [WARN] MainUpdater:1194 - Updater busy. Cannot search thirdparties
2024-01-12 19:58:02,040 [INFO] ThirdPartyUpdaterWithRetryManager:96 - Updater plugin is busy. [3/15]
2024-01-12 19:58:04,477 [INFO] ServerAccessManage:473 - Download File STMicroelectronics.X-CUBE-ALS.pdsc
2024-01-12 19:58:04,991 [INFO] ServerAccessManage:473 - Download File STMicroelectronics.X-CUBE-BLE1.pdsc
2024-01-12 19:58:05,050 [WARN] MainUpdater:1194 - Updater busy. Cannot search thirdparties
2024-01-12 19:58:05,050 [INFO] ThirdPartyUpdaterWithRetryManager:96 - Updater plugin is busy. [4/15]
2024-01-12 19:58:08,009 [ERROR] ServerAccessManage:1089 - Problem, file not found on Server
2024-01-12 19:58:08,052 [WARN] MainUpdater:1194 - Updater busy. Cannot search thirdparties
2024-01-12 19:58:08,052 [INFO] ThirdPartyUpdaterWithRetryManager:96 - Updater plugin is busy. [5/15]
2024-01-12 19:58:08,158 [INFO] ServerAccessManage:473 - Download File STMicroelectronics.X-CUBE-BLE2.pdsc
2024-01-12 19:58:09,583 [INFO] ServerAccessManage:473 - Download File STMicroelectronics.X-CUBE-BLEMGR.pdsc
2024-01-12 19:58:10,557 [INFO] ServerAccessManage:473 - Download File STMicroelectronics.X-CUBE-DISPLAY.pdsc
2024-01-12 19:58:11,055 [WARN] MainUpdater:1194 - Updater busy. Cannot search thirdparties
2024-01-12 19:58:11,056 [INFO] ThirdPartyUpdaterWithRetryManager:96 - Updater plugin is busy. [6/15]
2024-01-12 19:58:11,139 [INFO] WebApp:161 - Instantiating new browser for Auth
2024-01-12 19:58:11,752 [INFO] ServerAccessManage:473 - Download File STMicroelectronics.X-CUBE-EEPRMA1.pdsc
2024-01-12 19:58:12,418 [ERROR] ServerAccessManage:1089 - Problem, file not found on Server
2024-01-12 19:58:13,136 [INFO] WebApp:780 - Register for checkConnection events
2024-01-12 19:58:13,138 [INFO] WebApp:414 - Apply proxy settings
2024-01-12 19:58:13,138 [INFO] WebApp:499 - Chromium requires no authentication
2024-01-12 19:58:13,159 [INFO] WebApp:442 - Direct internet connection detected
2024-01-12 19:58:13,384 [INFO] ServerAccessManage:473 - Download File STMicroelectronics.X-CUBE-FREERTOS.pdsc
2024-01-12 19:58:13,620 [INFO] WebApp:192 - Starting web application
2024-01-12 19:58:13,620 [INFO] WebApp:544 - Web application path used C:\ST\STM32CubeIDE_1.14.0\STM32CubeIDE\plugins\com.st.stm32cube.common.mx_6.10.0.202311202037\db\plugins\mcufinder\reactClient1\index.html
2024-01-12 19:58:14,070 [INFO] ServerAccessManage:473 - Download File STMicroelectronics.X-CUBE-GNSS1.pdsc
2024-01-12 19:58:14,107 [WARN] MainUpdater:1194 - Updater busy. Cannot search thirdparties
2024-01-12 19:58:14,108 [INFO] ThirdPartyUpdaterWithRetryManager:96 - Updater plugin is busy. [7/15]
2024-01-12 19:58:16,411 [ERROR] ServerAccessManage:1089 - Problem, file not found on Server
2024-01-12 19:58:16,763 [ERROR] ServerAccessManage:1089 - Problem, file not found on Server
2024-01-12 19:58:17,079 [ERROR] ServerAccessManage:1089 - Problem, file not found on Server
2024-01-12 19:58:17,109 [WARN] MainUpdater:1194 - Updater busy. Cannot search thirdparties
2024-01-12 19:58:17,109 [INFO] ThirdPartyUpdaterWithRetryManager:96 - Updater plugin is busy. [8/15]
2024-01-12 19:58:17,387 [ERROR] ServerAccessManage:1089 - Problem, file not found on Server
2024-01-12 19:58:17,697 [ERROR] ServerAccessManage:1089 - Problem, file not found on Server
2024-01-12 19:58:17,934 [ERROR] ServerAccessManage:1089 - Problem, file not found on Server
2024-01-12 19:58:18,105 [INFO] ServerAccessManage:473 - Download File STMicroelectronics.X-CUBE-ISPU.pdsc
2024-01-12 19:58:18,664 [INFO] ServerAccessManage:473 - Download File STMicroelectronics.X-CUBE-MEMS1.pdsc
2024-01-12 19:58:20,110 [WARN] MainUpdater:1194 - Updater busy. Cannot search thirdparties
2024-01-12 19:58:20,110 [INFO] ThirdPartyUpdaterWithRetryManager:96 - Updater plugin is busy. [9/15]
2024-01-12 19:58:22,753 [INFO] ServerAccessManage:473 - Download File STMicroelectronics.X-CUBE-NFC4.pdsc
2024-01-12 19:58:23,113 [WARN] MainUpdater:1194 - Updater busy. Cannot search thirdparties
2024-01-12 19:58:23,113 [INFO] ThirdPartyUpdaterWithRetryManager:96 - Updater plugin is busy. [10/15]
2024-01-12 19:58:25,017 [INFO] ServerAccessManage:473 - Download File STMicroelectronics.X-CUBE-NFC6.pdsc
2024-01-12 19:58:25,275 [INFO] ServerAccessManage:473 - Download File STMicroelectronics.X-CUBE-NFC7.pdsc
2024-01-12 19:58:25,941 [INFO] ServerAccessManage:473 - Download File STMicroelectronics.X-CUBE-SFXS2LP1.pdsc
2024-01-12 19:58:26,118 [WARN] MainUpdater:1194 - Updater busy. Cannot search thirdparties
2024-01-12 19:58:26,120 [INFO] ThirdPartyUpdaterWithRetryManager:96 - Updater plugin is busy. [11/15]
2024-01-12 19:58:26,653 [INFO] ServerAccessManage:473 - Download File STMicroelectronics.X-CUBE-SUBG2.pdsc
2024-01-12 19:58:28,179 [INFO] ServerAccessManage:473 - Download File STMicroelectronics.X-CUBE-SMBUS.pdsc
2024-01-12 19:58:28,732 [ERROR] ServerAccessManage:1089 - Problem, file not found on Server
2024-01-12 19:58:28,877 [INFO] ServerAccessManage:473 - Download File STMicroelectronics.X-CUBE-TOF1.pdsc
2024-01-12 19:58:29,122 [WARN] MainUpdater:1194 - Updater busy. Cannot search thirdparties
2024-01-12 19:58:29,122 [INFO] ThirdPartyUpdaterWithRetryManager:96 - Updater plugin is busy. [12/15]
2024-01-12 19:58:30,264 [ERROR] ServerAccessManage:1089 - Problem, file not found on Server
2024-01-12 19:58:30,460 [INFO] ServerAccessManage:473 - Download File STMicroelectronics.X-CUBE-TOUCHGFX.pdsc
2024-01-12 19:58:32,129 [WARN] MainUpdater:1194 - Updater busy. Cannot search thirdparties
2024-01-12 19:58:32,130 [INFO] ThirdPartyUpdaterWithRetryManager:96 - Updater plugin is busy. [13/15]
2024-01-12 19:58:34,638 [INFO] ServerAccessManage:473 - Download File STMicroelectronics.X-CUBE-ALGOBUILD.pdsc
2024-01-12 19:58:35,131 [WARN] MainUpdater:1194 - Updater busy. Cannot search thirdparties
2024-01-12 19:58:35,131 [INFO] ThirdPartyUpdaterWithRetryManager:96 - Updater plugin is busy. [14/15]
2024-01-12 19:58:35,739 [INFO] ServerAccessManage:473 - Download File STMicroelectronics.X-CUBE-AZRTOS-H7.pdsc
2024-01-12 19:58:36,465 [ERROR] LogOutputStream:75 - [STDERR_REDIRECT] SLF4J: Failed to load class "org.slf4j.impl.StaticLoggerBinder".
2024-01-12 19:58:36,468 [ERROR] LogOutputStream:75 - [STDERR_REDIRECT] SLF4J: Defaulting to no-operation (NOP) logger implementation
2024-01-12 19:58:36,471 [ERROR] LogOutputStream:75 - [STDERR_REDIRECT] SLF4J: See http://www.slf4j.org/codes.html#StaticLoggerBinder for further details.
2024-01-12 19:58:37,079 [INFO] ServerAccessManage:473 - Download File STMicroelectronics.X-CUBE-AZRTOS-F4.pdsc
2024-01-12 19:58:37,621 [INFO] ServerAccessManage:473 - Download File STMicroelectronics.X-CUBE-AZRTOS-F7.pdsc
2024-01-12 19:58:38,133 [WARN] MainUpdater:1194 - Updater busy. Cannot search thirdparties
2024-01-12 19:58:38,133 [INFO] ThirdPartyUpdaterWithRetryManager:96 - Updater plugin is busy. [15/15]
2024-01-12 19:58:38,133 [ERROR] IntegrityCheckThread:130 - Cannot retrieve database content from updater: error -1
2024-01-12 19:58:38,134 [INFO] ThirdParty:978 - Integrity check success = false
2024-01-12 19:58:38,134 [INFO] IntegrityCheckThread:100 - exiting critical section [integrity check]
2024-01-12 19:58:38,134 [INFO] IntegrityCheckThread:103 - End integrity checks thread
2024-01-12 19:58:38,169 [INFO] ServerAccessManage:473 - Download File STMicroelectronics.X-CUBE-AZRTOS-L4.pdsc
2024-01-12 19:58:38,646 [INFO] ServerAccessManage:473 - Download File STMicroelectronics.X-CUBE-AZRTOS-L5.pdsc
2024-01-12 19:58:39,211 [INFO] ServerAccessManage:473 - Download File STMicroelectronics.X-CUBE-AZRTOS-G0.pdsc
2024-01-12 19:58:39,781 [INFO] ServerAccessManage:473 - Download File STMicroelectronics.X-CUBE-AZRTOS-G4.pdsc
2024-01-12 19:58:40,284 [INFO] ServerAccessManage:473 - Download File STMicroelectronics.X-CUBE-AZRTOS-WB.pdsc
2024-01-12 19:58:40,821 [INFO] ServerAccessManage:473 - Download File STMicroelectronics.X-CUBE-AZRTOS-WL.pdsc
2024-01-12 19:58:41,999 [INFO] ServerAccessManage:473 - Download File wolfSSL.I-CUBE-wolfSSL.pdsc
2024-01-12 19:58:45,798 [ERROR] ServerAccessManage:1089 - Problem, file not found on Server
2024-01-12 19:58:46,179 [ERROR] ServerAccessManage:1089 - Problem, file not found on Server
2024-01-12 19:58:46,583 [ERROR] ServerAccessManage:1089 - Problem, file not found on Server
2024-01-12 19:58:47,214 [ERROR] ServerAccessManage:1096 - Problem, Http access forbiden
2024-01-12 19:58:47,215 [ERROR] ServerAccessManage:651 - Problem, Http access forbiden : RoweBots.I-CUBE-UNISONRTOS.pdsc.
2024-01-12 19:58:47,619 [INFO] ServerAccessManage:473 - Download File SEGGER.I-CUBE-embOS.pdsc
2024-01-12 19:58:48,771 [INFO] ServerAccessManage:473 - Download File portGmbH.I-Cube-SoM-uGOAL.pdsc
2024-01-12 19:58:49,394 [ERROR] ServerAccessManage:1089 - Problem, file not found on Server
2024-01-12 19:58:49,449 [ERROR] ServerAccessManage:1089 - Problem, file not found on Server
2024-01-12 19:58:49,502 [ERROR] ServerAccessManage:1089 - Problem, file not found on Server
2024-01-12 19:58:49,918 [INFO] ServerAccessManage:473 - Download File emotas.I-CUBE-CANOPEN.pdsc
2024-01-12 19:58:51,254 [INFO] ServerAccessManage:473 - Download File WES.I-CUBE-Cesium.pdsc
2024-01-12 19:58:52,126 [ERROR] ServerAccessManage:1089 - Problem, file not found on Server
2024-01-12 19:58:52,493 [ERROR] ServerAccessManage:1089 - Problem, file not found on Server
2024-01-12 19:58:58,223 [INFO] ServerAccessManage:473 - Download File ITTIA_DB.I-CUBE-ITTIADB.pdsc
2024-01-12 19:59:07,895 [INFO] ServerAccessManage:473 - Download File Infineon.AIROC-Wi-Fi-Bluetooth-STM32.pdsc
2024-01-12 19:59:09,842 [WARN] PackLoader:240 - Cannot read IP mode file for STMicroelectronics.FP-ATR-ASTRA1.2.0.0
2024-01-12 19:59:09,924 [WARN] PackLoader:240 - Cannot read IP mode file for STMicroelectronics.FP-ATR-SIGFOX1.3.2.0
2024-01-12 19:59:09,944 [WARN] PackLoader:240 - Cannot read IP mode file for STMicroelectronics.FP-SNS-FLIGHT1.5.0.2
2024-01-12 19:59:09,977 [WARN] PackLoader:240 - Cannot read IP mode file for STMicroelectronics.FP-SNS-MOTENV1.4.3.2
2024-01-12 19:59:10,079 [WARN] PackLoader:240 - Cannot read IP mode file for STMicroelectronics.FP-SNS-MOTENVWB1.1.3.1
2024-01-12 19:59:10,119 [WARN] PackLoader:240 - Cannot read IP mode file for STMicroelectronics.FP-SNS-SMARTAG2.1.2.0
2024-01-12 19:59:10,134 [WARN] PackLoader:240 - Cannot read IP mode file for STMicroelectronics.X-CUBE-AI.8.1.0
2024-01-12 19:59:10,193 [WARN] PackLoader:240 - Cannot read IP mode file for STMicroelectronics.X-CUBE-ALS.1.0.1
2024-01-12 19:59:10,245 [WARN] PackLoader:240 - Cannot read IP mode file for STMicroelectronics.X-CUBE-BLE1.7.0.0
2024-01-12 19:59:10,316 [WARN] PackLoader:240 - Cannot read IP mode file for STMicroelectronics.X-CUBE-BLE2.3.3.0
2024-01-12 19:59:10,465 [WARN] PackLoader:240 - Cannot read IP mode file for STMicroelectronics.X-CUBE-BLEMGR.3.0.0
2024-01-12 19:59:10,546 [WARN] PackLoader:240 - Cannot read IP mode file for STMicroelectronics.X-CUBE-DISPLAY.3.0.0
2024-01-12 19:59:10,574 [WARN] PackLoader:240 - Cannot read IP mode file for STMicroelectronics.X-CUBE-EEPRMA1.4.2.0
2024-01-12 19:59:10,597 [WARN] PackLoader:240 - Cannot read IP mode file for STMicroelectronics.X-CUBE-FREERTOS.1.1.0
2024-01-12 19:59:10,614 [WARN] PackLoader:240 - Cannot read IP mode file for STMicroelectronics.X-CUBE-GNSS1.6.0.0
2024-01-12 19:59:10,628 [WARN] PackLoader:240 - Cannot read IP mode file for STMicroelectronics.X-CUBE-ISPU.2.0.0
2024-01-12 19:59:10,956 [WARN] PackLoader:240 - Cannot read IP mode file for STMicroelectronics.X-CUBE-MEMS1.10.0.0
2024-01-12 19:59:11,802 [WARN] PackLoader:240 - Cannot read IP mode file for STMicroelectronics.X-CUBE-NFC4.3.0.0
2024-01-12 19:59:11,858 [WARN] PackLoader:240 - Cannot read IP mode file for STMicroelectronics.X-CUBE-NFC6.3.0.0
2024-01-12 19:59:12,182 [WARN] PackLoader:240 - Cannot read IP mode file for STMicroelectronics.X-CUBE-NFC7.1.0.1
2024-01-12 19:59:12,225 [WARN] PackLoader:240 - Cannot read IP mode file for STMicroelectronics.X-CUBE-SFXS2LP1.4.0.0
2024-01-12 19:59:12,436 [WARN] PackLoader:240 - Cannot read IP mode file for STMicroelectronics.X-CUBE-SUBG2.5.0.0
2024-01-12 19:59:12,452 [WARN] PackLoader:240 - Cannot read IP mode file for STMicroelectronics.X-CUBE-SMBUS.2.1.0
2024-01-12 19:59:12,486 [WARN] PackLoader:240 - Cannot read IP mode file for STMicroelectronics.X-CUBE-TOF1.3.4.0
2024-01-12 19:59:12,528 [WARN] PackLoader:240 - Cannot read IP mode file for STMicroelectronics.X-CUBE-TOUCHGFX.4.23.0
2024-01-12 19:59:12,536 [WARN] PackLoader:240 - Cannot read IP mode file for STMicroelectronics.X-CUBE-ALGOBUILD.1.3.0
2024-01-12 19:59:12,687 [WARN] PackLoader:240 - Cannot read IP mode file for STMicroelectronics.X-CUBE-AZRTOS-H7.3.2.0
2024-01-12 19:59:12,827 [WARN] PackLoader:240 - Cannot read IP mode file for STMicroelectronics.X-CUBE-AZRTOS-F4.1.1.0
2024-01-12 19:59:12,882 [WARN] PackLoader:240 - Cannot read IP mode file for STMicroelectronics.X-CUBE-AZRTOS-F7.1.1.0
2024-01-12 19:59:12,978 [WARN] ConditionMgr:438 - getConditionDescription Invalid condition id : LAN8742 Phy interface Condition cause : null
2024-01-12 19:59:12,980 [WARN] PackLoader:240 - Cannot read IP mode file for STMicroelectronics.X-CUBE-AZRTOS-L4.2.0.0
2024-01-12 19:59:12,982 [WARN] ConditionMgr:1039 - genDependencies : Invalid condition id : LAN8742 Phy interface Condition cause : null
2024-01-12 19:59:12,982 [WARN] ConditionMgr:1039 - genDependencies : Invalid condition id : LAN8742 Phy interface Condition cause : null
2024-01-12 19:59:12,983 [WARN] ConditionMgr:1039 - genDependencies : Invalid condition id : LAN8742 Phy interface Condition cause : null
2024-01-12 19:59:13,095 [WARN] PackLoader:240 - Cannot read IP mode file for STMicroelectronics.X-CUBE-AZRTOS-L5.2.0.0
2024-01-12 19:59:13,134 [WARN] PackLoader:240 - Cannot read IP mode file for STMicroelectronics.X-CUBE-AZRTOS-G0.1.1.0
2024-01-12 19:59:13,171 [WARN] PackLoader:240 - Cannot read IP mode file for STMicroelectronics.X-CUBE-AZRTOS-G4.2.0.0
2024-01-12 19:59:13,219 [WARN] ConditionMgr:438 - getConditionDescription Invalid condition id : UX DEVICE CLASS RTOS Condition cause : null
2024-01-12 19:59:13,219 [WARN] ConditionMgr:438 - getConditionDescription Invalid condition id : UX DEVICE CLASS RTOS Condition cause : null
2024-01-12 19:59:13,229 [WARN] PackLoader:240 - Cannot read IP mode file for STMicroelectronics.X-CUBE-AZRTOS-WB.2.0.0
2024-01-12 19:59:13,231 [WARN] ConditionMgr:1039 - genDependencies : Invalid condition id : UX DEVICE CLASS RTOS Condition cause : null
2024-01-12 19:59:13,232 [WARN] ConditionMgr:1039 - genDependencies : Invalid condition id : UX DEVICE CLASS RTOS Condition cause : null
2024-01-12 19:59:13,232 [WARN] ConditionMgr:1039 - genDependencies : Invalid condition id : UX DEVICE CLASS RTOS Condition cause : null
2024-01-12 19:59:13,233 [WARN] ConditionMgr:1039 - genDependencies : Invalid condition id : UX DEVICE CLASS RTOS Condition cause : null
2024-01-12 19:59:13,235 [WARN] ConditionMgr:1039 - genDependencies : Invalid condition id : UX DEVICE CLASS RTOS Condition cause : null
2024-01-12 19:59:13,254 [INFO] LogOutputStream:77 - [STDOUT_REDIRECT] 1 : Invalid condition id : UX_CORESTACK_Condition cause : null
2024-01-12 19:59:13,258 [INFO] LogOutputStream:77 - [STDOUT_REDIRECT] 1 : Invalid condition id : UX_CORESTACK_Condition cause : null
2024-01-12 19:59:13,261 [INFO] LogOutputStream:77 - [STDOUT_REDIRECT] 1 : Invalid condition id : UX_CORESTACK_Condition cause : null
2024-01-12 19:59:13,264 [INFO] LogOutputStream:77 - [STDOUT_REDIRECT] 1 : Invalid condition id : UX_CORESTACK_Condition cause : null
2024-01-12 19:59:13,269 [INFO] LogOutputStream:77 - [STDOUT_REDIRECT] 1 : Invalid condition id : UX_CORESTACK_Condition cause : null
2024-01-12 19:59:13,275 [WARN] PackLoader:240 - Cannot read IP mode file for STMicroelectronics.X-CUBE-AZRTOS-WL.2.0.0
2024-01-12 19:59:13,284 [WARN] PackLoader:240 - Cannot read IP mode file for wolfSSL.I-CUBE-wolfSSL.5.6.6
2024-01-12 19:59:13,388 [WARN] PackLoader:240 - Cannot read IP mode file for SEGGER.I-CUBE-embOS.1.3.1
2024-01-12 19:59:13,515 [WARN] PackLoader:240 - Cannot read IP mode file for portGmbH.I-Cube-SoM-uGOAL.1.1.0
2024-01-12 19:59:13,535 [WARN] PackLoader:240 - Cannot read IP mode file for emotas.I-CUBE-CANOPEN.1.3.0
2024-01-12 19:59:13,552 [WARN] PackLoader:240 - Cannot read IP mode file for WES.I-CUBE-Cesium.1.3.0
2024-01-12 19:59:13,569 [WARN] PackLoader:240 - Cannot read IP mode file for ITTIA_DB.I-CUBE-ITTIADB.8.8.0
2024-01-12 19:59:13,596 [WARN] PackLoader:240 - Cannot read IP mode file for Infineon.AIROC-Wi-Fi-Bluetooth-STM32.1.5.1
2024-01-12 19:59:13,617 [INFO] PopulateThirdPartyThread:66 - Ending populate Thread
2024-01-12 19:59:13,621 [INFO] ThirdParty:1030 - CMSIS Pack Vendor :STMicroelectronics X-CUBE-DISPLAY 3.0.0
2024-01-12 19:59:13,622 [INFO] ThirdParty:1030 - CMSIS Pack Vendor :STMicroelectronics X-CUBE-GNSS1 6.0.0
2024-01-12 19:59:13,623 [INFO] ThirdParty:1030 - CMSIS Pack Vendor :STMicroelectronics FP-SNS-MOTENVWB1 1.3.1
2024-01-12 19:59:13,624 [INFO] ThirdParty:1030 - CMSIS Pack Vendor :STMicroelectronics X-CUBE-AZRTOS-F4 1.1.0
2024-01-12 19:59:13,624 [INFO] ThirdParty:1030 - CMSIS Pack Vendor :STMicroelectronics FP-ATR-SIGFOX1 3.2.0
2024-01-12 19:59:13,625 [INFO] ThirdParty:1030 - CMSIS Pack Vendor :STMicroelectronics X-CUBE-BLE1 7.0.0
2024-01-12 19:59:13,625 [INFO] ThirdParty:1030 - CMSIS Pack Vendor :STMicroelectronics X-CUBE-SMBUS 2.1.0
2024-01-12 19:59:13,625 [INFO] ThirdParty:1030 - CMSIS Pack Vendor :STMicroelectronics X-CUBE-ISPU 2.0.0
2024-01-12 19:59:13,625 [INFO] ThirdParty:1030 - CMSIS Pack Vendor :STMicroelectronics X-CUBE-AZRTOS-WB 2.0.0
2024-01-12 19:59:13,625 [INFO] ThirdParty:1030 - CMSIS Pack Vendor :emotas I-CUBE-CANOPEN 1.3.0
2024-01-12 19:59:13,625 [INFO] ThirdParty:1030 - CMSIS Pack Vendor :STMicroelectronics X-CUBE-MEMS1 10.0.0
2024-01-12 19:59:13,625 [INFO] ThirdParty:1030 - CMSIS Pack Vendor :wolfSSL I-CUBE-wolfSSL 5.6.6
2024-01-12 19:59:13,625 [INFO] ThirdParty:1030 - CMSIS Pack Vendor :STMicroelectronics X-CUBE-FREERTOS 1.1.0
2024-01-12 19:59:13,625 [INFO] ThirdParty:1030 - CMSIS Pack Vendor :STMicroelectronics X-CUBE-NFC7 1.0.1
2024-01-12 19:59:13,626 [INFO] ThirdParty:1030 - CMSIS Pack Vendor :STMicroelectronics X-CUBE-TOUCHGFX 4.23.0
2024-01-12 19:59:13,626 [INFO] ThirdParty:1030 - CMSIS Pack Vendor :STMicroelectronics X-CUBE-AZRTOS-F7 1.1.0
2024-01-12 19:59:13,626 [INFO] ThirdParty:1030 - CMSIS Pack Vendor :STMicroelectronics X-CUBE-AZRTOS-L5 2.0.0
2024-01-12 19:59:13,626 [INFO] ThirdParty:1030 - CMSIS Pack Vendor :STMicroelectronics X-CUBE-NFC6 3.0.0
2024-01-12 19:59:13,626 [INFO] ThirdParty:1030 - CMSIS Pack Vendor :STMicroelectronics X-CUBE-ALS 1.0.1
2024-01-12 19:59:13,626 [INFO] ThirdParty:1030 - CMSIS Pack Vendor :portGmbH I-Cube-SoM-uGOAL 1.1.0
2024-01-12 19:59:13,626 [INFO] ThirdParty:1030 - CMSIS Pack Vendor :STMicroelectronics X-CUBE-EEPRMA1 4.2.0
2024-01-12 19:59:13,626 [INFO] ThirdParty:1030 - CMSIS Pack Vendor :ITTIA_DB I-CUBE-ITTIADB 8.8.0
2024-01-12 19:59:13,626 [INFO] ThirdParty:1030 - CMSIS Pack Vendor :STMicroelectronics FP-SNS-SMARTAG2 1.2.0
2024-01-12 19:59:13,627 [INFO] ThirdParty:1030 - CMSIS Pack Vendor :STMicroelectronics FP-SNS-MOTENV1 4.3.2
2024-01-12 19:59:13,627 [INFO] ThirdParty:1030 - CMSIS Pack Vendor :STMicroelectronics X-CUBE-ALGOBUILD 1.3.0
2024-01-12 19:59:13,627 [INFO] ThirdParty:1030 - CMSIS Pack Vendor :STMicroelectronics X-CUBE-AZRTOS-WL 2.0.0
2024-01-12 19:59:13,627 [INFO] ThirdParty:1030 - CMSIS Pack Vendor :SEGGER I-CUBE-embOS 1.3.1
2024-01-12 19:59:13,627 [INFO] ThirdParty:1030 - CMSIS Pack Vendor :STMicroelectronics X-CUBE-AZRTOS-G0 1.1.0
2024-01-12 19:59:13,627 [INFO] ThirdParty:1030 - CMSIS Pack Vendor :STMicroelectronics X-CUBE-AI 8.1.0
2024-01-12 19:59:13,627 [INFO] ThirdParty:1030 - CMSIS Pack Vendor :STMicroelectronics X-CUBE-NFC4 3.0.0
2024-01-12 19:59:13,628 [INFO] ThirdParty:1030 - CMSIS Pack Vendor :STMicroelectronics X-CUBE-SUBG2 5.0.0
2024-01-12 19:59:13,628 [INFO] ThirdParty:1030 - CMSIS Pack Vendor :STMicroelectronics X-CUBE-AZRTOS-L4 2.0.0
2024-01-12 19:59:13,628 [INFO] ThirdParty:1030 - CMSIS Pack Vendor :STMicroelectronics FP-ATR-ASTRA1 2.0.0
2024-01-12 19:59:13,628 [INFO] ThirdParty:1030 - CMSIS Pack Vendor :WES I-CUBE-Cesium 1.3.0
2024-01-12 19:59:13,628 [INFO] ThirdParty:1030 - CMSIS Pack Vendor :STMicroelectronics X-CUBE-SFXS2LP1 4.0.0
2024-01-12 19:59:13,628 [INFO] ThirdParty:1030 - CMSIS Pack Vendor :STMicroelectronics FP-SNS-FLIGHT1 5.0.2
2024-01-12 19:59:13,628 [INFO] ThirdParty:1030 - CMSIS Pack Vendor :STMicroelectronics X-CUBE-BLE2 3.3.0
2024-01-12 19:59:13,628 [INFO] ThirdParty:1030 - CMSIS Pack Vendor :STMicroelectronics X-CUBE-TOF1 3.4.0
2024-01-12 19:59:13,628 [INFO] ThirdParty:1030 - CMSIS Pack Vendor :STMicroelectronics X-CUBE-AZRTOS-G4 2.0.0
2024-01-12 19:59:13,628 [INFO] ThirdParty:1030 - CMSIS Pack Vendor :STMicroelectronics X-CUBE-AZRTOS-H7 3.2.0
2024-01-12 19:59:13,628 [INFO] ThirdParty:1030 - CMSIS Pack Vendor :Infineon AIROC-Wi-Fi-Bluetooth-STM32 1.5.1
2024-01-12 19:59:13,628 [INFO] ThirdParty:1030 - CMSIS Pack Vendor :STMicroelectronics X-CUBE-BLEMGR 3.0.0
2024-01-12 19:59:13,638 [INFO] LoadServerUpdatesThread:375 - End of LoadServerUpdate Thread
2024-01-12 19:59:14,387 [WARN] CheckServerUpdateThread:151 - Open CheckUpdateFile Fail
2024-01-12 19:59:14,687 [INFO] CheckServerUpdateThread:120 - End of CheckServer Thread
2024-01-12 20:13:01,015 [INFO] McuFinderGlobals:63 - Set McuFinder mode to 2 (CubeIDE integrated)
2024-01-12 20:13:01,045 [INFO] MainUpdater:2873 - connection check result : 10
2024-01-12 20:13:01,073 [INFO] McuFinderGlobals:76 - Set McuFinderConnectedMode to true
2024-01-12 20:13:01,290 [INFO] ServerAccessManage:473 - Download File mcusAds.json._tmp_
2024-01-12 20:13:01,429 [INFO] LoadUrlFilesThread:156 - End of LoadUrlFiles Thread
2024-01-12 20:13:01,694 [INFO] ServerAccessManage:473 - Download File cube-finder-db.zip
2024-01-12 20:13:07,367 [INFO] FileExtend:240 - Unzip File : cube-finder-db.zip
2024-01-12 20:13:07,368 [INFO] FileExtend:255 - Standard Zip Deflate
2024-01-12 20:13:08,379 [INFO] LoadUrlFilesThread:156 - End of LoadUrlFiles Thread
2024-01-12 20:13:08,828 [INFO] ServerAccessManage:473 - Download File crdb.zip
2024-01-12 20:13:09,216 [INFO] FileExtend:240 - Unzip File : crdb.zip
2024-01-12 20:13:09,216 [INFO] FileExtend:255 - Standard Zip Deflate
2024-01-12 20:13:09,365 [INFO] LoadUrlFilesThread:156 - End of LoadUrlFiles Thread
2024-01-12 20:13:09,651 [INFO] ServerAccessManage:473 - Download File tutoVideoDB.zip
2024-01-12 20:13:09,675 [INFO] FileExtend:240 - Unzip File : tutoVideoDB.zip
2024-01-12 20:13:09,676 [INFO] FileExtend:255 - Standard Zip Deflate
2024-01-12 20:13:09,803 [INFO] LoadUrlFilesThread:156 - End of LoadUrlFiles Thread
2024-01-12 20:13:09,806 [WARN] DbFile:41 - Overriding database path with different value: C:\Users\monur\.stmcufinder\plugins\mcufinder/ => C:\Users\monur\.stmcufinder\plugins\mcufinder
2024-01-12 20:13:10,011 [INFO] ServerAccessManage:473 - Download File api_config.json
2024-01-12 20:13:10,127 [INFO] LoadUrlFilesThread:156 - End of LoadUrlFiles Thread
2024-01-12 20:13:10,134 [INFO] DbMcusAds:53 - JSON generation date=Wed Nov 29 13:52:27 TRT 2023 (1701255147349)
2024-01-12 20:13:10,238 [INFO] ServerAccessManage:473 - Download File 
2024-01-12 20:13:10,248 [INFO] LoadUrlFilesThread:185 - End of LoadServerUrlFiles without Thread
2024-01-12 20:13:10,250 [INFO] TargetSelectorAdapter:259 - Refresh data is successful
2024-01-12 20:13:10,653 [INFO] ApiDb:581 - Connected to CubeFinder SQLite database (C:\Users\monur\.stmcufinder\plugins\mcufinder\mcu\cube-finder-db.db)
2024-01-12 20:13:10,743 [INFO] ApiDb:668 - CubeFinder database Data Model version=2.1
2024-01-12 20:13:10,743 [INFO] ApiDb:669 - CubeFinder database Configuration version=3.0.39
2024-01-12 20:13:10,745 [INFO] ApiDb:670 - CubeFinder database generation date=2023-12-08 (1702028721)
2024-01-12 20:13:10,746 [INFO] ApiDb:671 - CubeFinder database FW Pack versions=[FP-ATR-ASTRA1_V2.0.0, FP-SNS-FLIGHT1_V5.0.1, FP-SNS-FLIGHT1_V5.0.2, FP-SNS-MOTENV1_V4.3.1, FP-SNS-MOTENV1_V4.3.2, FP-SNS-MOTENVWB1_V1.3.1, FP-SNS-SMARTAG2_V1.2.0, STM32Cube_FW_C0_V1.1.0, STM32Cube_FW_F4_V1.28.0, STM32Cube_FW_F7_V1.17.0, STM32Cube_FW_G0_V1.6.1, STM32Cube_FW_G4_V1.5.1, STM32Cube_FW_H5_V0.5.1, STM32Cube_FW_H5_V1.1.1, STM32Cube_FW_H5_V1.2.0RC2, STM32Cube_FW_H7_V1.11.0, STM32Cube_FW_L0_V1.12.2, STM32Cube_FW_L5_V1.5.0, STM32Cube_FW_U5_V1.3.0RC4, STM32Cube_FW_U5_V1.4.0, STM32Cube_FW_WBA_V1.0.0RC1, STM32Cube_FW_WBA_V1.1.0RC1, STM32Cube_FW_WBA_V1.2.0, STM32Cube_FW_WBA_V1.2.0RC2, STM32Cube_FW_WB_V1.15.0RC1, STM32Cube_FW_WB_V1.16.0, STM32Cube_FW_WB_V1.16.0RC2, STM32Cube_FW_WB_V1.18.0, STM32Cube_FW_WL_V1.3.0, X-CUBE-ALGOBUILD_V1.3.0, X-CUBE-ALS_V1.0.1, X-CUBE-AZRTOS-F4_V1.1.0, X-CUBE-AZRTOS-F7_V1.1.0, X-CUBE-AZRTOS-G0_V1.1.0, X-CUBE-AZRTOS-G4_V2.0.0, X-CUBE-AZRTOS-H7_V3.1.0, X-CUBE-AZRTOS-L4_V1.0.0, X-CUBE-AZRTOS-L4_V2.0.0, X-CUBE-AZRTOS-L5_V1.1.0, X-CUBE-AZRTOS-WB_V2.0.0, X-CUBE-AZRTOS-WL_V2.0.0, X-CUBE-BLE1_V7.0.0, X-CUBE-BLE2_V3.3.0, X-CUBE-BLEMGR_V3.0.0, X-CUBE-EEPRMA1_V4.1.0, X-CUBE-EEPRMA1_V4.2.0, X-CUBE-FREERTOS_V1.1.0, X-CUBE-GNSS1_V6.0.0, X-CUBE-MEMS1_V10.0.0, X-CUBE-MEMS1_V9.1.0, X-CUBE-MEMS1_V9.4.0, X-CUBE-MEMS1_V9.6.0, X-CUBE-NFC4_V3.0.0, X-CUBE-NFC7_V1.0.1, X-CUBE-SFXS2LP1_V4.0.0, X-CUBE-SUBG2_V5.0.0, X-CUBE-TOF1_V3.4.0]
2024-01-12 20:13:13,686 [INFO] ApiDb:240 - Found 371 in-development CPN: [B-G473E-ZEST1S, B-WB1M-WPAN1, B-WL5M-SUBG1, NUCLEO-C031C6, NUCLEO-H503RB, NUCLEO-H563ZI, NUCLEO-U545RE-Q, NUCLEO-U5A5ZJ-Q, NUCLEO-WBA52CG, NUCLEO-WBA55CG, STEVAL-MKBOXPRO, STEVAL-PROTEUS1, STEVAL-STWINBX1, STM320518-EVAL, STM32C0116-DK, STM32C011D6Y3TR, STM32C011D6Y6TR, STM32C011F4P3, STM32C011F4P6, STM32C011F4U3, STM32C011F4U6TR, STM32C011F6P3, STM32C011F6P6, STM32C011F6U3, STM32C011F6U6TR, STM32C011J4M3, STM32C011J4M6, STM32C011J6M3, STM32C011J6M6, STM32C0316-DK, STM32C031C4T3, STM32C031C4T6, STM32C031C4U3, STM32C031C4U6, STM32C031C6T3, STM32C031C6T6, STM32C031C6U3, STM32C031C6U6, STM32C031F4P3, STM32C031F4P6, STM32C031F6P3, STM32C031F6P6, STM32C031G4U3, STM32C031G4U6, STM32C031G6U3, STM32C031G6U6, STM32C031K4T3, STM32C031K4T6, STM32C031K4U3, STM32C031K4U6, STM32C031K6T3, STM32C031K6T6, STM32C031K6U3, STM32C031K6U6, STM32G071K8TXN, STM32G071K8UXN, STM32G081GBU6N, STM32G081KBT6N, STM32G081KBUXN, STM32G0B1CCT6N, STM32G0B1KCT6, STM32G0B1NEY6TR, STM32G0B1RCT6N, STM32G0C1CCT6, STM32G0C1CCT6N, STM32G0C1CCU6N, STM32G0C1CET6N, STM32G0C1CEU6N, STM32G0C1KCT6, STM32G0C1NEY6TR, STM32G0C1RCI6N, STM32G0C1RCT6N, STM32G0C1REI6N, STM32G0C1RET6N, STM32G0C1VCI6, STM32G0C1VEI6, STM32G471CCT6, STM32G471CCU6, STM32G471CET3, STM32G471CET6, STM32G471CEU3, STM32G471CEU6, STM32G471MCT6, STM32G471MET3, STM32G471MET6, STM32G471MEY6TR, STM32G471QCT6, STM32G471QET3, STM32G471RCT6, STM32G471RET3, STM32G471RET6, STM32G471VCH6, STM32G471VCI6, STM32G471VCT6, STM32G471VEH3, STM32G471VEH6, STM32G471VEI3, STM32G471VEI6, STM32G471VET3, STM32G471VET6, STM32G474CCT6, STM32H503CBT6, STM32H503CBU6, STM32H503EBY6TR, STM32H503KBU6, STM32H503RBT6, STM32H562AGI6, STM32H562AII6, STM32H562IGK6, STM32H562IGT6, STM32H562IIK6, STM32H562IIT6, STM32H562RGT6, STM32H562RGV6, STM32H562RIT6, STM32H562RIV6, STM32H562VGT6, STM32H562VIT6, STM32H562ZGT6, STM32H562ZIT6, STM32H563AGI6, STM32H563AII3Q, STM32H563AII6, STM32H563IGK6, STM32H563IGT6, STM32H563IIK3Q, STM32H563IIK6, STM32H563IIT3Q, STM32H563IIT6, STM32H563MIY3QTR, STM32H563RGT6, STM32H563RGV6, STM32H563RIT6, STM32H563RIV6, STM32H563VGT6, STM32H563VIT3Q, STM32H563VIT6, STM32H563ZGT6, STM32H563ZIT3Q, STM32H563ZIT6, STM32H573AII3Q, STM32H573AII6, STM32H573I-DK, STM32H573IIK3Q, STM32H573IIK6, STM32H573IIT3Q, STM32H573IIT6, STM32H573MIY3QTR, STM32H573RIT6, STM32H573RIV6, STM32H573VIT3Q, STM32H573VIT6, STM32H573ZIT3Q, STM32H573ZIT6, STM32L4R5QGI6STR, STM32MP131AAE3, STM32MP131AAF3, STM32MP131AAG3, STM32MP131CAE3, STM32MP131CAF3, STM32MP131CAG3, STM32MP131DAE7, STM32MP131DAF7, STM32MP131DAG7, STM32MP131FAE7, STM32MP131FAF7, STM32MP131FAG7, STM32MP133AAE3, STM32MP133AAF3, STM32MP133AAG3, STM32MP133CAE3, STM32MP133CAF3, STM32MP133CAG3, STM32MP133DAE7, STM32MP133DAF7, STM32MP133DAG7, STM32MP133FAE7, STM32MP133FAF7, STM32MP133FAG7, STM32MP135AAE3, STM32MP135AAF3, STM32MP135AAG3, STM32MP135CAE3, STM32MP135CAF3, STM32MP135CAG3, STM32MP135DAE7, STM32MP135DAF7, STM32MP135DAG7, STM32MP135F-DK, STM32MP135FAE7, STM32MP135FAF7, STM32MP135FAF7T, STM32MP135FAF7U, STM32MP135FAG7, STM32U535CBT6, STM32U535CBT6Q, STM32U535CBU6, STM32U535CBU6Q, STM32U535CCT6, STM32U535CCT6Q, STM32U535CCU6, STM32U535CCU6Q, STM32U535CET6, STM32U535CET6Q, STM32U535CEU6, STM32U535CEU6Q, STM32U535JEY6QTR, STM32U535NCY6QTR, STM32U535NEY6QTR, STM32U535RBI6, STM32U535RBI6Q, STM32U535RBT6, STM32U535RBT6Q, STM32U535RCI6, STM32U535RCI6Q, STM32U535RCT6, STM32U535RCT6Q, STM32U535REI6, STM32U535REI6Q, STM32U535RET6, STM32U535RET6Q, STM32U535VCI6, STM32U535VCI6Q, STM32U535VCT6, STM32U535VCT6Q, STM32U535VEI6, STM32U535VEI6Q, STM32U535VET6, STM32U535VET6Q, STM32U545CET6, STM32U545CET6Q, STM32U545CEU6, STM32U545CEU6Q, STM32U545JEY6QTR, STM32U545NEY6QTR, STM32U545REI6, STM32U545REI6Q, STM32U545RET6, STM32U545RET6Q, STM32U545VEI6, STM32U545VEI6Q, STM32U545VET6, STM32U545VET6Q, STM32U595AIH6, STM32U595AIH6Q, STM32U595AJH6, STM32U595AJH6Q, STM32U595QII6, STM32U595QII6Q, STM32U595QJI6, STM32U595QJI6Q, STM32U595RIT6, STM32U595RIT6Q, STM32U595RJT6, STM32U595RJT6Q, STM32U595VIT6, STM32U595VIT6Q, STM32U595VJT6, STM32U595VJT6Q, STM32U595ZIT6, STM32U595ZIT6Q, STM32U595ZIY6QTR, STM32U595ZJT6, STM32U595ZJT6Q, STM32U595ZJY6QTR, STM32U599BJY6QTR, STM32U599NIH6Q, STM32U599NJH6Q, STM32U599VIT6Q, STM32U599VJT6, STM32U599VJT6Q, STM32U599ZIT6Q, STM32U599ZIY6QTR, STM32U599ZJT6Q, STM32U599ZJY6QTR, STM32U5A5AJH6, STM32U5A5AJH6Q, STM32U5A5QJI6, STM32U5A5QJI6Q, STM32U5A5RJT6, STM32U5A5RJT6Q, STM32U5A5VJT6, STM32U5A5VJT6Q, STM32U5A5ZJT6, STM32U5A5ZJT6Q, STM32U5A5ZJY6QTR, STM32U5A9BJY6QTR, STM32U5A9J-DK, STM32U5A9NJH6Q, STM32U5A9VJT6Q, STM32U5A9ZJT6Q, STM32U5A9ZJY6QTR, STM32U5F7VIT6, STM32U5F7VIT6Q, STM32U5F7VJT6, STM32U5F7VJT6Q, STM32U5F9BJY6QTR, STM32U5F9NJH6Q, STM32U5F9VIT6Q, STM32U5F9VJT6Q, STM32U5F9ZIJ6QTR, STM32U5F9ZIT6Q, STM32U5F9ZJJ6QTR, STM32U5F9ZJT6Q, STM32U5G7VJT6, STM32U5G7VJT6Q, STM32U5G9BJY6QTR, STM32U5G9J-DK1, STM32U5G9J-DK2, STM32U5G9NJH6Q, STM32U5G9VJT6Q, STM32U5G9ZJJ6QTR, STM32U5G9ZJT6Q, STM32WB1MMCH6, STM32WBA50KEU6, STM32WBA50KEU6TR, STM32WBA50KGU6, STM32WBA50KGU6TR, STM32WBA52CEU6, STM32WBA52CEU6TR, STM32WBA52CEU7, STM32WBA52CEU7TR, STM32WBA52CGU6, STM32WBA52CGU6TR, STM32WBA52CGU6U, STM32WBA52CGU7, STM32WBA52CGU7TR, STM32WBA52KEU6, STM32WBA52KEU6TR, STM32WBA52KGU6, STM32WBA52KGU6TR, STM32WBA54CEU6, STM32WBA54CEU6TR, STM32WBA54CEU7, STM32WBA54CEU7TR, STM32WBA54CGU6, STM32WBA54CGU6TR, STM32WBA54CGU7, STM32WBA54CGU7TR, STM32WBA54KEU6, STM32WBA54KEU6TR, STM32WBA54KEU7, STM32WBA54KEU7TR, STM32WBA54KGU6, STM32WBA54KGU6TR, STM32WBA54KGU7, STM32WBA54KGU7TR, STM32WBA55CEU6, STM32WBA55CEU6TR, STM32WBA55CEU7, STM32WBA55CEU7TR, STM32WBA55CGU6, STM32WBA55CGU6TR, STM32WBA55CGU6U, STM32WBA55CGU7, STM32WBA55CGU7TR, STM32WBA55G-DK1, STM32WBA55HEF6, STM32WBA55HEF7, STM32WBA55HGF6, STM32WBA55HGF7, STM32WBA55UEI6, STM32WBA55UEI6TR, STM32WBA55UEI7, STM32WBA55UEI7TR, STM32WBA55UGI6, STM32WBA55UGI6TR, STM32WBA55UGI7, STM32WBA55UGI7TR, STM32WL5MOCH6, STM32WL5MOCH6TR]
2024-01-12 20:13:13,695 [INFO] DbMcus:218 - Found 3930 MCUs, 3930 are supported
2024-01-12 20:13:13,696 [INFO] ApiDb:414 - User favorites file not found: C:\Users\monur/.stm32cubeide/favorites.mcus.txt
2024-01-12 20:13:13,696 [INFO] DbMcus:224 - Set 0 / 0 favorites MCUs
2024-01-12 20:13:14,103 [INFO] ApiDb:668 - CubeFinder database Data Model version=2.1
2024-01-12 20:13:14,103 [INFO] ApiDb:669 - CubeFinder database Configuration version=3.0.39
2024-01-12 20:13:14,103 [INFO] ApiDb:670 - CubeFinder database generation date=2023-12-08 (1702028721)
2024-01-12 20:13:14,103 [INFO] ApiDb:671 - CubeFinder database FW Pack versions=[FP-ATR-ASTRA1_V2.0.0, FP-SNS-FLIGHT1_V5.0.1, FP-SNS-FLIGHT1_V5.0.2, FP-SNS-MOTENV1_V4.3.1, FP-SNS-MOTENV1_V4.3.2, FP-SNS-MOTENVWB1_V1.3.1, FP-SNS-SMARTAG2_V1.2.0, STM32Cube_FW_C0_V1.1.0, STM32Cube_FW_F4_V1.28.0, STM32Cube_FW_F7_V1.17.0, STM32Cube_FW_G0_V1.6.1, STM32Cube_FW_G4_V1.5.1, STM32Cube_FW_H5_V0.5.1, STM32Cube_FW_H5_V1.1.1, STM32Cube_FW_H5_V1.2.0RC2, STM32Cube_FW_H7_V1.11.0, STM32Cube_FW_L0_V1.12.2, STM32Cube_FW_L5_V1.5.0, STM32Cube_FW_U5_V1.3.0RC4, STM32Cube_FW_U5_V1.4.0, STM32Cube_FW_WBA_V1.0.0RC1, STM32Cube_FW_WBA_V1.1.0RC1, STM32Cube_FW_WBA_V1.2.0, STM32Cube_FW_WBA_V1.2.0RC2, STM32Cube_FW_WB_V1.15.0RC1, STM32Cube_FW_WB_V1.16.0, STM32Cube_FW_WB_V1.16.0RC2, STM32Cube_FW_WB_V1.18.0, STM32Cube_FW_WL_V1.3.0, X-CUBE-ALGOBUILD_V1.3.0, X-CUBE-ALS_V1.0.1, X-CUBE-AZRTOS-F4_V1.1.0, X-CUBE-AZRTOS-F7_V1.1.0, X-CUBE-AZRTOS-G0_V1.1.0, X-CUBE-AZRTOS-G4_V2.0.0, X-CUBE-AZRTOS-H7_V3.1.0, X-CUBE-AZRTOS-L4_V1.0.0, X-CUBE-AZRTOS-L4_V2.0.0, X-CUBE-AZRTOS-L5_V1.1.0, X-CUBE-AZRTOS-WB_V2.0.0, X-CUBE-AZRTOS-WL_V2.0.0, X-CUBE-BLE1_V7.0.0, X-CUBE-BLE2_V3.3.0, X-CUBE-BLEMGR_V3.0.0, X-CUBE-EEPRMA1_V4.1.0, X-CUBE-EEPRMA1_V4.2.0, X-CUBE-FREERTOS_V1.1.0, X-CUBE-GNSS1_V6.0.0, X-CUBE-MEMS1_V10.0.0, X-CUBE-MEMS1_V9.1.0, X-CUBE-MEMS1_V9.4.0, X-CUBE-MEMS1_V9.6.0, X-CUBE-NFC4_V3.0.0, X-CUBE-NFC7_V1.0.1, X-CUBE-SFXS2LP1_V4.0.0, X-CUBE-SUBG2_V5.0.0, X-CUBE-TOF1_V3.4.0]
2024-01-12 20:13:14,174 [INFO] DbBoardsSqlite:226 - include board P-NUCLEO-WB55-NUCLEO as a kit item of type 'Nucleo-64'
2024-01-12 20:13:14,174 [INFO] DbBoardsSqlite:226 - include board P-NUCLEO-WB55-USBDONGLE as a kit item of type 'Nucleo USB Dongle'
2024-01-12 20:13:14,174 [INFO] DbBoardsSqlite:226 - include board STEVAL-IDP005V1 as a kit item of type 'Evaluation Board'
2024-01-12 20:13:14,175 [INFO] DbBoardsSqlite:226 - include board STEVAL-IDP005V2 as a kit item of type 'Evaluation Board'
2024-01-12 20:13:14,238 [INFO] ApiDb:240 - Found 371 in-development CPN: [B-G473E-ZEST1S, B-WB1M-WPAN1, B-WL5M-SUBG1, NUCLEO-C031C6, NUCLEO-H503RB, NUCLEO-H563ZI, NUCLEO-U545RE-Q, NUCLEO-U5A5ZJ-Q, NUCLEO-WBA52CG, NUCLEO-WBA55CG, STEVAL-MKBOXPRO, STEVAL-PROTEUS1, STEVAL-STWINBX1, STM320518-EVAL, STM32C0116-DK, STM32C011D6Y3TR, STM32C011D6Y6TR, STM32C011F4P3, STM32C011F4P6, STM32C011F4U3, STM32C011F4U6TR, STM32C011F6P3, STM32C011F6P6, STM32C011F6U3, STM32C011F6U6TR, STM32C011J4M3, STM32C011J4M6, STM32C011J6M3, STM32C011J6M6, STM32C0316-DK, STM32C031C4T3, STM32C031C4T6, STM32C031C4U3, STM32C031C4U6, STM32C031C6T3, STM32C031C6T6, STM32C031C6U3, STM32C031C6U6, STM32C031F4P3, STM32C031F4P6, STM32C031F6P3, STM32C031F6P6, STM32C031G4U3, STM32C031G4U6, STM32C031G6U3, STM32C031G6U6, STM32C031K4T3, STM32C031K4T6, STM32C031K4U3, STM32C031K4U6, STM32C031K6T3, STM32C031K6T6, STM32C031K6U3, STM32C031K6U6, STM32G071K8TXN, STM32G071K8UXN, STM32G081GBU6N, STM32G081KBT6N, STM32G081KBUXN, STM32G0B1CCT6N, STM32G0B1KCT6, STM32G0B1NEY6TR, STM32G0B1RCT6N, STM32G0C1CCT6, STM32G0C1CCT6N, STM32G0C1CCU6N, STM32G0C1CET6N, STM32G0C1CEU6N, STM32G0C1KCT6, STM32G0C1NEY6TR, STM32G0C1RCI6N, STM32G0C1RCT6N, STM32G0C1REI6N, STM32G0C1RET6N, STM32G0C1VCI6, STM32G0C1VEI6, STM32G471CCT6, STM32G471CCU6, STM32G471CET3, STM32G471CET6, STM32G471CEU3, STM32G471CEU6, STM32G471MCT6, STM32G471MET3, STM32G471MET6, STM32G471MEY6TR, STM32G471QCT6, STM32G471QET3, STM32G471RCT6, STM32G471RET3, STM32G471RET6, STM32G471VCH6, STM32G471VCI6, STM32G471VCT6, STM32G471VEH3, STM32G471VEH6, STM32G471VEI3, STM32G471VEI6, STM32G471VET3, STM32G471VET6, STM32G474CCT6, STM32H503CBT6, STM32H503CBU6, STM32H503EBY6TR, STM32H503KBU6, STM32H503RBT6, STM32H562AGI6, STM32H562AII6, STM32H562IGK6, STM32H562IGT6, STM32H562IIK6, STM32H562IIT6, STM32H562RGT6, STM32H562RGV6, STM32H562RIT6, STM32H562RIV6, STM32H562VGT6, STM32H562VIT6, STM32H562ZGT6, STM32H562ZIT6, STM32H563AGI6, STM32H563AII3Q, STM32H563AII6, STM32H563IGK6, STM32H563IGT6, STM32H563IIK3Q, STM32H563IIK6, STM32H563IIT3Q, STM32H563IIT6, STM32H563MIY3QTR, STM32H563RGT6, STM32H563RGV6, STM32H563RIT6, STM32H563RIV6, STM32H563VGT6, STM32H563VIT3Q, STM32H563VIT6, STM32H563ZGT6, STM32H563ZIT3Q, STM32H563ZIT6, STM32H573AII3Q, STM32H573AII6, STM32H573I-DK, STM32H573IIK3Q, STM32H573IIK6, STM32H573IIT3Q, STM32H573IIT6, STM32H573MIY3QTR, STM32H573RIT6, STM32H573RIV6, STM32H573VIT3Q, STM32H573VIT6, STM32H573ZIT3Q, STM32H573ZIT6, STM32L4R5QGI6STR, STM32MP131AAE3, STM32MP131AAF3, STM32MP131AAG3, STM32MP131CAE3, STM32MP131CAF3, STM32MP131CAG3, STM32MP131DAE7, STM32MP131DAF7, STM32MP131DAG7, STM32MP131FAE7, STM32MP131FAF7, STM32MP131FAG7, STM32MP133AAE3, STM32MP133AAF3, STM32MP133AAG3, STM32MP133CAE3, STM32MP133CAF3, STM32MP133CAG3, STM32MP133DAE7, STM32MP133DAF7, STM32MP133DAG7, STM32MP133FAE7, STM32MP133FAF7, STM32MP133FAG7, STM32MP135AAE3, STM32MP135AAF3, STM32MP135AAG3, STM32MP135CAE3, STM32MP135CAF3, STM32MP135CAG3, STM32MP135DAE7, STM32MP135DAF7, STM32MP135DAG7, STM32MP135F-DK, STM32MP135FAE7, STM32MP135FAF7, STM32MP135FAF7T, STM32MP135FAF7U, STM32MP135FAG7, STM32U535CBT6, STM32U535CBT6Q, STM32U535CBU6, STM32U535CBU6Q, STM32U535CCT6, STM32U535CCT6Q, STM32U535CCU6, STM32U535CCU6Q, STM32U535CET6, STM32U535CET6Q, STM32U535CEU6, STM32U535CEU6Q, STM32U535JEY6QTR, STM32U535NCY6QTR, STM32U535NEY6QTR, STM32U535RBI6, STM32U535RBI6Q, STM32U535RBT6, STM32U535RBT6Q, STM32U535RCI6, STM32U535RCI6Q, STM32U535RCT6, STM32U535RCT6Q, STM32U535REI6, STM32U535REI6Q, STM32U535RET6, STM32U535RET6Q, STM32U535VCI6, STM32U535VCI6Q, STM32U535VCT6, STM32U535VCT6Q, STM32U535VEI6, STM32U535VEI6Q, STM32U535VET6, STM32U535VET6Q, STM32U545CET6, STM32U545CET6Q, STM32U545CEU6, STM32U545CEU6Q, STM32U545JEY6QTR, STM32U545NEY6QTR, STM32U545REI6, STM32U545REI6Q, STM32U545RET6, STM32U545RET6Q, STM32U545VEI6, STM32U545VEI6Q, STM32U545VET6, STM32U545VET6Q, STM32U595AIH6, STM32U595AIH6Q, STM32U595AJH6, STM32U595AJH6Q, STM32U595QII6, STM32U595QII6Q, STM32U595QJI6, STM32U595QJI6Q, STM32U595RIT6, STM32U595RIT6Q, STM32U595RJT6, STM32U595RJT6Q, STM32U595VIT6, STM32U595VIT6Q, STM32U595VJT6, STM32U595VJT6Q, STM32U595ZIT6, STM32U595ZIT6Q, STM32U595ZIY6QTR, STM32U595ZJT6, STM32U595ZJT6Q, STM32U595ZJY6QTR, STM32U599BJY6QTR, STM32U599NIH6Q, STM32U599NJH6Q, STM32U599VIT6Q, STM32U599VJT6, STM32U599VJT6Q, STM32U599ZIT6Q, STM32U599ZIY6QTR, STM32U599ZJT6Q, STM32U599ZJY6QTR, STM32U5A5AJH6, STM32U5A5AJH6Q, STM32U5A5QJI6, STM32U5A5QJI6Q, STM32U5A5RJT6, STM32U5A5RJT6Q, STM32U5A5VJT6, STM32U5A5VJT6Q, STM32U5A5ZJT6, STM32U5A5ZJT6Q, STM32U5A5ZJY6QTR, STM32U5A9BJY6QTR, STM32U5A9J-DK, STM32U5A9NJH6Q, STM32U5A9VJT6Q, STM32U5A9ZJT6Q, STM32U5A9ZJY6QTR, STM32U5F7VIT6, STM32U5F7VIT6Q, STM32U5F7VJT6, STM32U5F7VJT6Q, STM32U5F9BJY6QTR, STM32U5F9NJH6Q, STM32U5F9VIT6Q, STM32U5F9VJT6Q, STM32U5F9ZIJ6QTR, STM32U5F9ZIT6Q, STM32U5F9ZJJ6QTR, STM32U5F9ZJT6Q, STM32U5G7VJT6, STM32U5G7VJT6Q, STM32U5G9BJY6QTR, STM32U5G9J-DK1, STM32U5G9J-DK2, STM32U5G9NJH6Q, STM32U5G9VJT6Q, STM32U5G9ZJJ6QTR, STM32U5G9ZJT6Q, STM32WB1MMCH6, STM32WBA50KEU6, STM32WBA50KEU6TR, STM32WBA50KGU6, STM32WBA50KGU6TR, STM32WBA52CEU6, STM32WBA52CEU6TR, STM32WBA52CEU7, STM32WBA52CEU7TR, STM32WBA52CGU6, STM32WBA52CGU6TR, STM32WBA52CGU6U, STM32WBA52CGU7, STM32WBA52CGU7TR, STM32WBA52KEU6, STM32WBA52KEU6TR, STM32WBA52KGU6, STM32WBA52KGU6TR, STM32WBA54CEU6, STM32WBA54CEU6TR, STM32WBA54CEU7, STM32WBA54CEU7TR, STM32WBA54CGU6, STM32WBA54CGU6TR, STM32WBA54CGU7, STM32WBA54CGU7TR, STM32WBA54KEU6, STM32WBA54KEU6TR, STM32WBA54KEU7, STM32WBA54KEU7TR, STM32WBA54KGU6, STM32WBA54KGU6TR, STM32WBA54KGU7, STM32WBA54KGU7TR, STM32WBA55CEU6, STM32WBA55CEU6TR, STM32WBA55CEU7, STM32WBA55CEU7TR, STM32WBA55CGU6, STM32WBA55CGU6TR, STM32WBA55CGU6U, STM32WBA55CGU7, STM32WBA55CGU7TR, STM32WBA55G-DK1, STM32WBA55HEF6, STM32WBA55HEF7, STM32WBA55HGF6, STM32WBA55HGF7, STM32WBA55UEI6, STM32WBA55UEI6TR, STM32WBA55UEI7, STM32WBA55UEI7TR, STM32WBA55UGI6, STM32WBA55UGI6TR, STM32WBA55UGI7, STM32WBA55UGI7TR, STM32WL5MOCH6, STM32WL5MOCH6TR]
2024-01-12 20:13:14,644 [INFO] BoardInfo:889 - No configuration file found for board P-NUCLEO-WB55
2024-01-12 20:13:14,644 [INFO] DbBoards:161 - Kit is not supported: P-NUCLEO-WB55
2024-01-12 20:13:14,650 [INFO] BoardInfo:889 - No configuration file found for board STEVAL-BFA001V1B
2024-01-12 20:13:14,650 [INFO] DbBoards:161 - Kit is not supported: STEVAL-BFA001V1B
2024-01-12 20:13:14,651 [INFO] BoardInfo:889 - No configuration file found for board STEVAL-BFA001V2B
2024-01-12 20:13:14,652 [INFO] DbBoards:161 - Kit is not supported: STEVAL-BFA001V2B
2024-01-12 20:13:14,853 [INFO] DbBoards:168 - Found 193 boards, 190 are supported
2024-01-12 20:13:14,853 [INFO] DbBoards:169 - Found 193 boards, 3 of them is supported for  Bsp
2024-01-12 20:13:14,855 [INFO] ApiDb:414 - User favorites file not found: C:\Users\monur/.stm32cubeide/favorites.boards.txt
2024-01-12 20:13:14,855 [INFO] DbBoards:198 - Set 0 / 0 favorites Boards
2024-01-12 20:13:14,858 [INFO] ApiDb:668 - CubeFinder database Data Model version=2.1
2024-01-12 20:13:14,858 [INFO] ApiDb:669 - CubeFinder database Configuration version=3.0.39
2024-01-12 20:13:14,858 [INFO] ApiDb:670 - CubeFinder database generation date=2023-12-08 (1702028721)
2024-01-12 20:13:14,858 [INFO] ApiDb:671 - CubeFinder database FW Pack versions=[FP-ATR-ASTRA1_V2.0.0, FP-SNS-FLIGHT1_V5.0.1, FP-SNS-FLIGHT1_V5.0.2, FP-SNS-MOTENV1_V4.3.1, FP-SNS-MOTENV1_V4.3.2, FP-SNS-MOTENVWB1_V1.3.1, FP-SNS-SMARTAG2_V1.2.0, STM32Cube_FW_C0_V1.1.0, STM32Cube_FW_F4_V1.28.0, STM32Cube_FW_F7_V1.17.0, STM32Cube_FW_G0_V1.6.1, STM32Cube_FW_G4_V1.5.1, STM32Cube_FW_H5_V0.5.1, STM32Cube_FW_H5_V1.1.1, STM32Cube_FW_H5_V1.2.0RC2, STM32Cube_FW_H7_V1.11.0, STM32Cube_FW_L0_V1.12.2, STM32Cube_FW_L5_V1.5.0, STM32Cube_FW_U5_V1.3.0RC4, STM32Cube_FW_U5_V1.4.0, STM32Cube_FW_WBA_V1.0.0RC1, STM32Cube_FW_WBA_V1.1.0RC1, STM32Cube_FW_WBA_V1.2.0, STM32Cube_FW_WBA_V1.2.0RC2, STM32Cube_FW_WB_V1.15.0RC1, STM32Cube_FW_WB_V1.16.0, STM32Cube_FW_WB_V1.16.0RC2, STM32Cube_FW_WB_V1.18.0, STM32Cube_FW_WL_V1.3.0, X-CUBE-ALGOBUILD_V1.3.0, X-CUBE-ALS_V1.0.1, X-CUBE-AZRTOS-F4_V1.1.0, X-CUBE-AZRTOS-F7_V1.1.0, X-CUBE-AZRTOS-G0_V1.1.0, X-CUBE-AZRTOS-G4_V2.0.0, X-CUBE-AZRTOS-H7_V3.1.0, X-CUBE-AZRTOS-L4_V1.0.0, X-CUBE-AZRTOS-L4_V2.0.0, X-CUBE-AZRTOS-L5_V1.1.0, X-CUBE-AZRTOS-WB_V2.0.0, X-CUBE-AZRTOS-WL_V2.0.0, X-CUBE-BLE1_V7.0.0, X-CUBE-BLE2_V3.3.0, X-CUBE-BLEMGR_V3.0.0, X-CUBE-EEPRMA1_V4.1.0, X-CUBE-EEPRMA1_V4.2.0, X-CUBE-FREERTOS_V1.1.0, X-CUBE-GNSS1_V6.0.0, X-CUBE-MEMS1_V10.0.0, X-CUBE-MEMS1_V9.1.0, X-CUBE-MEMS1_V9.4.0, X-CUBE-MEMS1_V9.6.0, X-CUBE-NFC4_V3.0.0, X-CUBE-NFC7_V1.0.1, X-CUBE-SFXS2LP1_V4.0.0, X-CUBE-SUBG2_V5.0.0, X-CUBE-TOF1_V3.4.0]
2024-01-12 20:13:15,819 [ERROR] DbExamplesSqlite:437 - Missing JSON key: board_cpn
2024-01-12 20:13:15,819 [ERROR] DbExamplesSqlite:437 - Missing JSON key: board_cpn
2024-01-12 20:13:15,819 [ERROR] DbExamplesSqlite:437 - Missing JSON key: board_cpn
2024-01-12 20:13:15,819 [ERROR] DbExamplesSqlite:437 - Missing JSON key: board_cpn
2024-01-12 20:13:15,921 [INFO] DbExamplesSqlite:395 - Ignored 55 examples not supported by CubeIDE
2024-01-12 20:13:15,921 [INFO] DbExamplesSqlite:396 - Found 7560 examples active
2024-01-12 20:13:15,921 [INFO] DbExamplesSqlite:397 - Found 844 examples obsolete
2024-01-12 20:13:15,921 [INFO] DbExamplesSqlite:398 - Found 0 examples under development
2024-01-12 20:13:15,921 [INFO] DbExamplesSqlite:399 - Found 8 examples not building
2024-01-12 20:13:15,924 [INFO] DbExamples:125 - Found 7513 examples
2024-01-12 20:13:15,941 [INFO] DbExamples:222 - Found 95 boards with related examples
2024-01-12 20:13:15,943 [INFO] DbExamples:235 - Found 80 MCUs with related examples
2024-01-12 20:13:15,969 [INFO] ApiDb:414 - User favorites file not found: C:\Users\monur/.stm32cubeide/favorites.examples.txt
2024-01-12 20:13:15,969 [INFO] DbExamples:250 - Set 0 / 0 favorites Examples
2024-01-12 20:13:16,664 [INFO] McuFinderGlobals:76 - Set McuFinderConnectedMode to true
2024-01-12 20:13:16,675 [INFO] MultiScanPanel:200 - Auto-refresh data requested => check proxy status ongoing
2024-01-12 20:13:16,679 [INFO] FinderPluginLoader:95 - Searching for filters in installed packs
2024-01-12 20:13:18,723 [INFO] LoadUrlFilesThread:185 - End of LoadServerUrlFiles without Thread
2024-01-12 20:13:18,740 [INFO] DetailPanel:341 - Set advertising image to C:/Users/monur/STM32Cube/Repository/\en.prom-stm32wl3-mcu-finder.jpg
2024-01-12 20:13:38,833 [INFO] McuResultTable:1403 - Mark MCU STM32F407VGT6 as favorite
2024-01-12 20:18:24,329 [INFO] McuFinderGlobals:76 - Set McuFinderConnectedMode to true
2024-01-12 20:18:24,337 [INFO] ApiDb:448 - Save user favorites file C:\Users\monur/.stm32cubeide/favorites.mcus.txt: 1 item(s)
2024-01-12 20:18:24,337 [INFO] ApiDb:452 - User favorites MCUs=[STM32F407VGT6]
2024-01-12 20:37:00,105 [ERROR] LogOutputStream:75 - [STDERR_REDIRECT] Warning: NLS missing message: GotoMatchingBracket_error_noMatchingBracket in: org.eclipse.ui.internal.genericeditor.messages
2024-01-12 20:37:00,111 [ERROR] LogOutputStream:75 - [STDERR_REDIRECT] Warning: NLS missing message: GotoMatchingBracket_error_bracketOutsideSelectedElement in: org.eclipse.ui.internal.genericeditor.messages
